Using pre-set license
Built from '2022.3/china_unity/release~1' branch; Version is '2022.3.53f1c1 (f16e16b78e06) revision 15822358'; Using compiler version '192829333'; Build Type 'Release'
OS: 'Windows 11  (10.0.26100) 64bit CoreCountrySpecific' Language: 'zh' Physical Memory: 32386 MB
BatchMode: 1, IsHumanControllingUs: 0, StartBugReporterOnCrash: 0, Is64bit: 1, IsPro: 1

COMMAND LINE ARGUMENTS:
D:\data\unity\2022.3.53f1c1\Editor\Unity.exe
-adb2
-batchMode
-noUpm
-name
AssetImportWorker6
-projectPath
D:/data/mmorpg/MyMmorpg/Src/Client
-logFile
Logs/AssetImportWorker6.log
-srvPort
64736
Successfully changed project path to: D:/data/mmorpg/MyMmorpg/Src/Client
D:/data/mmorpg/MyMmorpg/Src/Client
[UnityMemory] Configuration Parameters - Can be set up in boot.config
    "memorysetup-bucket-allocator-granularity=16"
    "memorysetup-bucket-allocator-bucket-count=8"
    "memorysetup-bucket-allocator-block-size=33554432"
    "memorysetup-bucket-allocator-block-count=8"
    "memorysetup-main-allocator-block-size=16777216"
    "memorysetup-thread-allocator-block-size=16777216"
    "memorysetup-gfx-main-allocator-block-size=16777216"
    "memorysetup-gfx-thread-allocator-block-size=16777216"
    "memorysetup-cache-allocator-block-size=4194304"
    "memorysetup-typetree-allocator-block-size=2097152"
    "memorysetup-profiler-bucket-allocator-granularity=16"
    "memorysetup-profiler-bucket-allocator-bucket-count=8"
    "memorysetup-profiler-bucket-allocator-block-size=33554432"
    "memorysetup-profiler-bucket-allocator-block-count=8"
    "memorysetup-profiler-allocator-block-size=16777216"
    "memorysetup-profiler-editor-allocator-block-size=1048576"
    "memorysetup-temp-allocator-size-main=16777216"
    "memorysetup-job-temp-allocator-block-size=2097152"
    "memorysetup-job-temp-allocator-block-size-background=1048576"
    "memorysetup-job-temp-allocator-reduction-small-platforms=262144"
    "memorysetup-allocator-temp-initial-block-size-main=262144"
    "memorysetup-allocator-temp-initial-block-size-worker=262144"
    "memorysetup-temp-allocator-size-background-worker=32768"
    "memorysetup-temp-allocator-size-job-worker=262144"
    "memorysetup-temp-allocator-size-preload-manager=33554432"
    "memorysetup-temp-allocator-size-nav-mesh-worker=65536"
    "memorysetup-temp-allocator-size-audio-worker=65536"
    "memorysetup-temp-allocator-size-cloud-worker=32768"
    "memorysetup-temp-allocator-size-gi-baking-worker=262144"
    "memorysetup-temp-allocator-size-gfx=262144"
Player connection [53456]  Target information:

Player connection [53456]  * "[IP] 192.168.226.1 [Port] 0 [Flags] 2 [Guid] 3244024010 [EditorId] 3244024010 [Version] 1048832 [Id] WindowsEditor(7,LAPTOP-76V4A063) [Debug] 1 [PackageName] WindowsEditor [ProjectName] Editor" 

Player connection [53456]  * "[IP] 192.168.233.1 [Port] 0 [Flags] 2 [Guid] 3244024010 [EditorId] 3244024010 [Version] 1048832 [Id] WindowsEditor(7,LAPTOP-76V4A063) [Debug] 1 [PackageName] WindowsEditor [ProjectName] Editor" 

Player connection [53456]  * "[IP] 26.46.43.174 [Port] 0 [Flags] 2 [Guid] 3244024010 [EditorId] 3244024010 [Version] 1048832 [Id] WindowsEditor(7,LAPTOP-76V4A063) [Debug] 1 [PackageName] WindowsEditor [ProjectName] Editor" 

Player connection [53456]  * "[IP] 169.254.166.65 [Port] 0 [Flags] 2 [Guid] 3244024010 [EditorId] 3244024010 [Version] 1048832 [Id] WindowsEditor(7,LAPTOP-76V4A063) [Debug] 1 [PackageName] WindowsEditor [ProjectName] Editor" 

Player connection [53456]  * "[IP] 10.2.99.108 [Port] 0 [Flags] 2 [Guid] 3244024010 [EditorId] 3244024010 [Version] 1048832 [Id] WindowsEditor(7,LAPTOP-76V4A063) [Debug] 1 [PackageName] WindowsEditor [ProjectName] Editor" 

Player connection [53456] Host joined multi-casting on [225.0.0.222:54997]...
Player connection [53456] Host joined alternative multi-casting on [225.0.0.222:34997]...
[PhysX] Initialized MultithreadedTaskDispatcher with 32 workers.
Refreshing native plugins compatible for Editor in 35.10 ms, found 2 plugins.
Preloading 0 native plugins for Editor in 0.00 ms.
Initialize engine version: 2022.3.53f1c1 (f16e16b78e06)
[Subsystems] Discovering subsystems at path D:/data/unity/2022.3.53f1c1/Editor/Data/Resources/UnitySubsystems
[Subsystems] Discovering subsystems at path D:/data/mmorpg/MyMmorpg/Src/Client/Assets
GfxDevice: creating device client; threaded=0; jobified=0
Direct3D:
    Version:  Direct3D 11.0 [level 11.1]
    Renderer: NVIDIA GeForce RTX 4080 Laptop GPU (ID=0x27e0)
    Vendor:   NVIDIA
    VRAM:     11997 MB
    Driver:   32.0.15.6607
Initialize mono
Mono path[0] = 'D:/data/unity/2022.3.53f1c1/Editor/Data/Managed'
Mono path[1] = 'D:/data/unity/2022.3.53f1c1/Editor/Data/MonoBleedingEdge/lib/mono/unityjit-win32'
Mono config path = 'D:/data/unity/2022.3.53f1c1/Editor/Data/MonoBleedingEdge/etc'
Using monoOptions --debugger-agent=transport=dt_socket,embedding=1,server=y,suspend=n,address=127.0.0.1:56472
Begin MonoManager ReloadAssembly
Registering precompiled unity dll's ...
Register platform support module: D:/data/unity/2022.3.53f1c1/Editor/Data/PlaybackEngines/AndroidPlayer/UnityEditor.Android.Extensions.dll
Register platform support module: D:/data/unity/2022.3.53f1c1/Editor/Data/PlaybackEngines/WindowsStandaloneSupport/UnityEditor.WindowsStandalone.Extensions.dll
Registered in 0.014686 seconds.
- Loaded All Assemblies, in  0.315 seconds
Native extension for WindowsStandalone target not found
Native extension for Android target not found
Android Extension - Scanning For ADB Devices 394 ms
Mono: successfully reloaded assembly
- Finished resetting the current domain, in  0.638 seconds
Domain Reload Profiling: 948ms
	BeginReloadAssembly (96ms)
		ExecutionOrderSort (0ms)
		DisableScriptedObjects (0ms)
		BackupInstance (0ms)
		ReleaseScriptingObjects (0ms)
		CreateAndSetChildDomain (1ms)
	RebuildCommonClasses (29ms)
	RebuildNativeTypeToScriptingClass (9ms)
	initialDomainReloadingComplete (61ms)
	LoadAllAssembliesAndSetupDomain (113ms)
		LoadAssemblies (91ms)
		RebuildTransferFunctionScriptingTraits (0ms)
		AnalyzeDomain (111ms)
			TypeCache.Refresh (110ms)
				TypeCache.ScanAssembly (99ms)
			ScanForSourceGeneratedMonoScriptInfo (0ms)
			ResolveRequiredComponents (0ms)
	FinalizeReload (638ms)
		ReleaseScriptCaches (0ms)
		RebuildScriptCaches (0ms)
		SetupLoadedEditorAssemblies (602ms)
			LogAssemblyErrors (0ms)
			InitializePlatformSupportModulesInManaged (457ms)
			SetLoadedEditorAssemblies (4ms)
			RefreshPlugins (0ms)
			BeforeProcessingInitializeOnLoad (2ms)
			ProcessInitializeOnLoadAttributes (105ms)
			ProcessInitializeOnLoadMethodAttributes (34ms)
			AfterProcessingInitializeOnLoad (0ms)
			EditorAssembliesLoaded (0ms)
		ExecutionOrderSort2 (0ms)
		AwakeInstancesAfterBackupRestoration (0ms)
========================================================================
Worker process is ready to serve import requests
Caller must complete domain reload
Begin MonoManager ReloadAssembly
Duplicate assembly 'log4net.dll' with different versions detected, using 'Assets/References/log4net.dll, AssemblyName=log4net, Version=2.0.8.0, Culture=neutral, PublicKeyToken=null' and ignoring 'Packages/com.unity.collab-proxy/Lib/Editor/PlasticSCM/log4netPlastic.dll, AssemblyName=log4net, Version=1.2.15.0, Culture=neutral, PublicKeyToken=669e0ddf0bb1aa2a'.Duplicate assembly 'Newtonsoft.Json.dll' with different versions detected, using 'Packages/com.unity.nuget.newtonsoft-json/Runtime/Newtonsoft.Json.dll, AssemblyName=Newtonsoft.Json, Version=13.0.0.0, Culture=neutral, PublicKeyToken=30ad4fe6b2a6aeed' and ignoring 'Assets/JsonDotNet/Assemblies/Standalone/Newtonsoft.Json.dll, AssemblyName=Newtonsoft.Json, Version=8.0.0.0, Culture=neutral, PublicKeyToken=null'.Symbol file LoadedFromMemory is not a mono symbol file
Symbol file LoadedFromMemory is not a mono symbol file
Symbol file LoadedFromMemory is not a mono symbol file
- Loaded All Assemblies, in  0.533 seconds
Native extension for WindowsStandalone target not found
Native extension for Android target not found
Launched and connected shader compiler UnityShaderCompiler.exe after 0.06 seconds
Package Manager log level set to [2]
[Package Manager] Server::EnsureServerProcessIsRunning -- launch failed, reason: Unity was launched with the -noUpm command-line argument
[Package Manager] UpmClient::Send -- Unable to send message (not connected to UPM process).
[Package Manager] Cannot connect to Unity Package Manager local server
Mono: successfully reloaded assembly
- Finished resetting the current domain, in  1.528 seconds
Domain Reload Profiling: 2053ms
	BeginReloadAssembly (115ms)
		ExecutionOrderSort (0ms)
		DisableScriptedObjects (4ms)
		BackupInstance (0ms)
		ReleaseScriptingObjects (0ms)
		CreateAndSetChildDomain (15ms)
	RebuildCommonClasses (22ms)
	RebuildNativeTypeToScriptingClass (7ms)
	initialDomainReloadingComplete (37ms)
	LoadAllAssembliesAndSetupDomain (345ms)
		LoadAssemblies (312ms)
		RebuildTransferFunctionScriptingTraits (0ms)
		AnalyzeDomain (100ms)
			TypeCache.Refresh (84ms)
				TypeCache.ScanAssembly (67ms)
			ScanForSourceGeneratedMonoScriptInfo (12ms)
			ResolveRequiredComponents (2ms)
	FinalizeReload (1528ms)
		ReleaseScriptCaches (0ms)
		RebuildScriptCaches (0ms)
		SetupLoadedEditorAssemblies (1430ms)
			LogAssemblyErrors (0ms)
			InitializePlatformSupportModulesInManaged (15ms)
			SetLoadedEditorAssemblies (4ms)
			RefreshPlugins (0ms)
			BeforeProcessingInitializeOnLoad (66ms)
			ProcessInitializeOnLoadAttributes (1261ms)
			ProcessInitializeOnLoadMethodAttributes (76ms)
			AfterProcessingInitializeOnLoad (8ms)
			EditorAssembliesLoaded (0ms)
		ExecutionOrderSort2 (0ms)
		AwakeInstancesAfterBackupRestoration (5ms)
Refreshing native plugins compatible for Editor in 22.05 ms, found 2 plugins.
Preloading 0 native plugins for Editor in 0.00 ms.
Unloading 2646 Unused Serialized files (Serialized files now loaded: 0)
Unloading 25 unused Assets / (55.4 KB). Loaded Objects now: 3143.
Memory consumption went from 125.8 MB to 125.7 MB.
Total: 9.275800 ms (FindLiveObjects: 0.275000 ms CreateObjectMapping: 0.084200 ms MarkObjects: 8.796700 ms  DeleteObjects: 0.118100 ms)

AssetImportParameters requested are different than current active one (requested -> active):
  custom:video-decoder-webm-vp8: 9c59270c3fd7afecdb556c50c9e8de78 -> 
  custom:SearchIndexIgnoredProperties: e643bd26f0fe6173181afceb89e7c659 -> 
  custom:container-demuxer-ogg: 62fdf1f143b41e24485cea50d1cbac27 -> 
  custom:AudioImporter_EditorPlatform: d09bf68614088b80899f8185d706f6e7 -> 
  custom:video-codec-MediaFoundation-h265: 746d11721c4dcdbdad8f713fa42b33f4 -> 
  custom:video-decoder-ogg-theora: a1e56fd34408186e4bbccfd4996cb3dc -> 
  custom:framework-win-MediaFoundation: 216162199b28c13a410421893ffa2e32 -> 
  custom:video-encoder-webm-vp8: eb34c28f22e8b96e1ab97ce403110664 -> 
  custom:audio-decoder-ogg-vorbis: bf7c407c2cedff20999df2af8eb42d56 -> 
  custom:CustomObjectIndexerAttribute: 9a22284fe3817be447336de3de66b15e -> 
  custom:container-demuxer-webm: 4f35f7cbe854078d1ac9338744f61a02 -> 
  custom:audio-encoder-webm-vorbis: bf7c407c2cedff20999df2af8eb42d56 -> 
  custom:container-muxer-webm: aa71ff27fc2769a1b78a27578f13a17b -> 
========================================================================
Received Import Request.
  Time since last request: 18037.410115 seconds.
  path: Assets/Models/Rides/R001/R001.FBX
  artifactKey: Guid(68703f4eb72da964fb32a809c9809415) Importer(2089858483,0ecaa5967403d082aa24f35e1b516d23)
Start importing Assets/Models/Rides/R001/R001.FBX using Guid(68703f4eb72da964fb32a809c9809415) Importer(2089858483,0ecaa5967403d082aa24f35e1b516d23) [PhysX] Initialized MultithreadedTaskDispatcher with 32 workers.
 -> (artifact id: '1af47c552f517aa5fdf32835be4f5685') in 0.109340 seconds
Number of updated asset objects reloaded before import = 0
Number of asset objects unloaded after import = 103
========================================================================
Received Import Request.
  Time since last request: 0.000016 seconds.
  path: Assets/Levels/Map03/Prefabs/effect_Fire_red.prefab
  artifactKey: Guid(b6be55f7a03c5624faf3059c960ae6c7) Importer(2089858483,0ecaa5967403d082aa24f35e1b516d23)
Start importing Assets/Levels/Map03/Prefabs/effect_Fire_red.prefab using Guid(b6be55f7a03c5624faf3059c960ae6c7) Importer(2089858483,0ecaa5967403d082aa24f35e1b516d23) [PhysX] Initialized MultithreadedTaskDispatcher with 32 workers.
 -> (artifact id: '4bdb510600db912200595df5dc3cac76') in 0.007711 seconds
Number of updated asset objects reloaded before import = 0
Number of asset objects unloaded after import = 12
========================================================================
Received Import Request.
  Time since last request: 0.000023 seconds.
  path: Assets/Models/NPCs/Treasure_poter/poter.controller
  artifactKey: Guid(d3db95cb29542094b8f8923aae67335d) Importer(2089858483,0ecaa5967403d082aa24f35e1b516d23)
Start importing Assets/Models/NPCs/Treasure_poter/poter.controller using Guid(d3db95cb29542094b8f8923aae67335d) Importer(2089858483,0ecaa5967403d082aa24f35e1b516d23) [PhysX] Initialized MultithreadedTaskDispatcher with 32 workers.
 -> (artifact id: '3460d49015910b8d9fd6671135f1c8f0') in 0.005812 seconds
Number of updated asset objects reloaded before import = 0
Number of asset objects unloaded after import = 9
========================================================================
Received Import Request.
  Time since last request: 0.000015 seconds.
  path: Assets/Resources/UI/Items/daqiandai.png
  artifactKey: Guid(b8004d3f231a9cb49a3d4dcf2e3d7e0d) Importer(2089858483,0ecaa5967403d082aa24f35e1b516d23)
Start importing Assets/Resources/UI/Items/daqiandai.png using Guid(b8004d3f231a9cb49a3d4dcf2e3d7e0d) Importer(2089858483,0ecaa5967403d082aa24f35e1b516d23) [PhysX] Initialized MultithreadedTaskDispatcher with 32 workers.
 -> (artifact id: 'd2ce1702e41884d3888bdb9eb1354398') in 0.048136 seconds
Number of updated asset objects reloaded before import = 0
Number of asset objects unloaded after import = 3
========================================================================
Received Import Request.
  Time since last request: 0.000022 seconds.
  path: Assets/Levels/Map03/Materials/section03_guanka10dimian1_6.mat
  artifactKey: Guid(ef3dcd3fbf381c34e88e6d2e5c4230ed) Importer(2089858483,0ecaa5967403d082aa24f35e1b516d23)
Start importing Assets/Levels/Map03/Materials/section03_guanka10dimian1_6.mat using Guid(ef3dcd3fbf381c34e88e6d2e5c4230ed) Importer(2089858483,0ecaa5967403d082aa24f35e1b516d23) [PhysX] Initialized MultithreadedTaskDispatcher with 32 workers.
 -> (artifact id: 'cea343cc7fad36da675fbd58f3f1eb5b') in 0.006471 seconds
Number of updated asset objects reloaded before import = 0
Number of asset objects unloaded after import = 2
========================================================================
Received Import Request.
  Time since last request: 0.000015 seconds.
  path: Assets/Levels/Map03/Prefabs/section03_guanka16_c.prefab
  artifactKey: Guid(13108de4f02db7c40ac634b565492ed5) Importer(2089858483,0ecaa5967403d082aa24f35e1b516d23)
Start importing Assets/Levels/Map03/Prefabs/section03_guanka16_c.prefab using Guid(13108de4f02db7c40ac634b565492ed5) Importer(2089858483,0ecaa5967403d082aa24f35e1b516d23) [PhysX] Initialized MultithreadedTaskDispatcher with 32 workers.
 -> (artifact id: 'c3878334255a8d08ab3f02415c3cfbef') in 0.015111 seconds
Number of updated asset objects reloaded before import = 0
Number of asset objects unloaded after import = 7
========================================================================
Received Import Request.
  Time since last request: 0.000016 seconds.
  path: Assets/Levels/Map03/Prefabs/section03_guanka10_5_po.prefab
  artifactKey: Guid(93da49e83bad82347ab11dc5d42349ff) Importer(2089858483,0ecaa5967403d082aa24f35e1b516d23)
Start importing Assets/Levels/Map03/Prefabs/section03_guanka10_5_po.prefab using Guid(93da49e83bad82347ab11dc5d42349ff) Importer(2089858483,0ecaa5967403d082aa24f35e1b516d23) [PhysX] Initialized MultithreadedTaskDispatcher with 32 workers.
 -> (artifact id: '6441fa282712b9e6c60ad39086a15647') in 0.010436 seconds
Number of updated asset objects reloaded before import = 0
Number of asset objects unloaded after import = 7
========================================================================
Received Import Request.
  Time since last request: 0.000022 seconds.
  path: Assets/Resources/Sound/UI/sfx_potion1.mp3
  artifactKey: Guid(114f33d9e57c58e45a12475dc1240233) Importer(2089858483,0ecaa5967403d082aa24f35e1b516d23)
Start importing Assets/Resources/Sound/UI/sfx_potion1.mp3 using Guid(114f33d9e57c58e45a12475dc1240233) Importer(2089858483,0ecaa5967403d082aa24f35e1b516d23) [PhysX] Initialized MultithreadedTaskDispatcher with 32 workers.
 -> (artifact id: '9d9a73648dc090e9bffbdb848baaf7d4') in 0.055637 seconds
Number of updated asset objects reloaded before import = 0
Number of asset objects unloaded after import = 1
========================================================================
Received Import Request.
  Time since last request: 0.000104 seconds.
  path: Assets/Resources/Sound/UI/sfx_msg_info.mp3
  artifactKey: Guid(03b113b1a575c714f97dd0aa3b6d216d) Importer(2089858483,0ecaa5967403d082aa24f35e1b516d23)
Start importing Assets/Resources/Sound/UI/sfx_msg_info.mp3 using Guid(03b113b1a575c714f97dd0aa3b6d216d) Importer(2089858483,0ecaa5967403d082aa24f35e1b516d23) [PhysX] Initialized MultithreadedTaskDispatcher with 32 workers.
 -> (artifact id: '629575b3b441b5f93b43e8302a3a6d86') in 0.037799 seconds
Number of updated asset objects reloaded before import = 0
Number of asset objects unloaded after import = 1
========================================================================
Received Import Request.
  Time since last request: 0.000054 seconds.
  path: Assets/Models/Rides/R001/R001.controller
  artifactKey: Guid(17c549584ecbcab4e963467c6a58a40d) Importer(2089858483,0ecaa5967403d082aa24f35e1b516d23)
Start importing Assets/Models/Rides/R001/R001.controller using Guid(17c549584ecbcab4e963467c6a58a40d) Importer(2089858483,0ecaa5967403d082aa24f35e1b516d23) [PhysX] Initialized MultithreadedTaskDispatcher with 32 workers.
 -> (artifact id: '9c0011d6d518526409a2acb054945022') in 0.006382 seconds
Number of updated asset objects reloaded before import = 0
Number of asset objects unloaded after import = 9
========================================================================
Received Import Request.
  Time since last request: 0.000017 seconds.
  path: Assets/Models/NPCs/DeliveryNPC/DeliveryNPC_2.controller
  artifactKey: Guid(f91268c49ea3b3d40a09ba6e6d443c2b) Importer(2089858483,0ecaa5967403d082aa24f35e1b516d23)
Start importing Assets/Models/NPCs/DeliveryNPC/DeliveryNPC_2.controller using Guid(f91268c49ea3b3d40a09ba6e6d443c2b) Importer(2089858483,0ecaa5967403d082aa24f35e1b516d23) [PhysX] Initialized MultithreadedTaskDispatcher with 32 workers.
 -> (artifact id: '0a4ed000a0ebf9f680f93050a1c882b1') in 0.007735 seconds
Number of updated asset objects reloaded before import = 0
Number of asset objects unloaded after import = 12
========================================================================
Received Import Request.
  Time since last request: 0.000016 seconds.
  path: Assets/Models/Rides/R001/R002.mat
  artifactKey: Guid(30d1ea1b839cf3f4184e8fad087877aa) Importer(2089858483,0ecaa5967403d082aa24f35e1b516d23)
Start importing Assets/Models/Rides/R001/R002.mat using Guid(30d1ea1b839cf3f4184e8fad087877aa) Importer(2089858483,0ecaa5967403d082aa24f35e1b516d23) [PhysX] Initialized MultithreadedTaskDispatcher with 32 workers.
 -> (artifact id: 'b2e46f3638b087c13fb02de5158225d1') in 0.006637 seconds
Number of updated asset objects reloaded before import = 0
Number of asset objects unloaded after import = 2
========================================================================
Received Import Request.
  Time since last request: 0.127598 seconds.
  path: Assets/Resources/UI/Items/equip1007.png
  artifactKey: Guid(f100de9695cac054fb76b9ee3eab258b) Importer(2089858483,0ecaa5967403d082aa24f35e1b516d23)
Start importing Assets/Resources/UI/Items/equip1007.png using Guid(f100de9695cac054fb76b9ee3eab258b) Importer(2089858483,0ecaa5967403d082aa24f35e1b516d23) [PhysX] Initialized MultithreadedTaskDispatcher with 32 workers.
 -> (artifact id: 'c44e62ddebd8eb06a64e6ec17d97f511') in 0.016328 seconds
Number of updated asset objects reloaded before import = 0
Number of asset objects unloaded after import = 3
========================================================================
Received Import Request.
  Time since last request: 0.000020 seconds.
  path: Assets/Resources/UI/Items/jinengshu.png
  artifactKey: Guid(d651db6086a179f488aa3328b492fd93) Importer(2089858483,0ecaa5967403d082aa24f35e1b516d23)
Start importing Assets/Resources/UI/Items/jinengshu.png using Guid(d651db6086a179f488aa3328b492fd93) Importer(2089858483,0ecaa5967403d082aa24f35e1b516d23) [PhysX] Initialized MultithreadedTaskDispatcher with 32 workers.
 -> (artifact id: '48976458c6412fd3f746a8a3072c846b') in 0.012845 seconds
Number of updated asset objects reloaded before import = 0
Number of asset objects unloaded after import = 3
========================================================================
Received Import Request.
  Time since last request: 0.000030 seconds.
  path: Assets/Art/UI/UI/Login/y1.png
  artifactKey: Guid(1527dda8acd7b3148b6ecc9001789db0) Importer(2089858483,0ecaa5967403d082aa24f35e1b516d23)
Start importing Assets/Art/UI/UI/Login/y1.png using Guid(1527dda8acd7b3148b6ecc9001789db0) Importer(2089858483,0ecaa5967403d082aa24f35e1b516d23) [PhysX] Initialized MultithreadedTaskDispatcher with 32 workers.
 -> (artifact id: 'b1d7c8d8bd315639ba9fbe0dacce0be1') in 0.012263 seconds
Number of updated asset objects reloaded before import = 0
Number of asset objects unloaded after import = 3
========================================================================
Received Import Request.
  Time since last request: 0.000057 seconds.
  path: Assets/Art/UI/UI/Icons/icon_question.png
  artifactKey: Guid(ad5ec35e860fa40439983d5fa8b82603) Importer(2089858483,0ecaa5967403d082aa24f35e1b516d23)
Start importing Assets/Art/UI/UI/Icons/icon_question.png using Guid(ad5ec35e860fa40439983d5fa8b82603) Importer(2089858483,0ecaa5967403d082aa24f35e1b516d23) [PhysX] Initialized MultithreadedTaskDispatcher with 32 workers.
 -> (artifact id: '94777f84bbee9e5dce7969e8e673c700') in 0.011014 seconds
Number of updated asset objects reloaded before import = 0
Number of asset objects unloaded after import = 1
========================================================================
Received Import Request.
  Time since last request: 0.000016 seconds.
  path: Assets/Art/UI/UI/Common/main_avater_bg.png
  artifactKey: Guid(f859998f1e13ceb4fbf124d25db7ac11) Importer(2089858483,0ecaa5967403d082aa24f35e1b516d23)
Start importing Assets/Art/UI/UI/Common/main_avater_bg.png using Guid(f859998f1e13ceb4fbf124d25db7ac11) Importer(2089858483,0ecaa5967403d082aa24f35e1b516d23) [PhysX] Initialized MultithreadedTaskDispatcher with 32 workers.
 -> (artifact id: '6a3a64f8e5018e5f881534e0b6b38c2d') in 0.015855 seconds
Number of updated asset objects reloaded before import = 0
Number of asset objects unloaded after import = 3
========================================================================
Received Import Request.
  Time since last request: 0.000029 seconds.
  path: Assets/Art/UI/UI/Fonts/SIMYOU.TTF
  artifactKey: Guid(ac3bee81a6335604d9a92772fb9de05c) Importer(2089858483,0ecaa5967403d082aa24f35e1b516d23)
Start importing Assets/Art/UI/UI/Fonts/SIMYOU.TTF using Guid(ac3bee81a6335604d9a92772fb9de05c) Importer(2089858483,0ecaa5967403d082aa24f35e1b516d23) [PhysX] Initialized MultithreadedTaskDispatcher with 32 workers.
 -> (artifact id: '50644e866935d9d31e33e6b7983e77c9') in 0.021522 seconds
Number of updated asset objects reloaded before import = 0
Number of asset objects unloaded after import = 3
========================================================================
Received Import Request.
  Time since last request: 0.000017 seconds.
  path: Assets/Levels/MainCity/Models/texture/zhuozi.png
  artifactKey: Guid(1dbc696ed1601e948b24f8f412543828) Importer(2089858483,0ecaa5967403d082aa24f35e1b516d23)
Start importing Assets/Levels/MainCity/Models/texture/zhuozi.png using Guid(1dbc696ed1601e948b24f8f412543828) Importer(2089858483,0ecaa5967403d082aa24f35e1b516d23) [PhysX] Initialized MultithreadedTaskDispatcher with 32 workers.
 -> (artifact id: 'dd17184c6795c22526a0265bf37fdc72') in 0.017418 seconds
Number of updated asset objects reloaded before import = 0
Number of asset objects unloaded after import = 1
========================================================================
Received Import Request.
  Time since last request: 0.000058 seconds.
  path: Assets/Resources/UI/Items/huizhang.png
  artifactKey: Guid(fa26b970b6f67854a882761700dd8927) Importer(2089858483,0ecaa5967403d082aa24f35e1b516d23)
Start importing Assets/Resources/UI/Items/huizhang.png using Guid(fa26b970b6f67854a882761700dd8927) Importer(2089858483,0ecaa5967403d082aa24f35e1b516d23) [PhysX] Initialized MultithreadedTaskDispatcher with 32 workers.
 -> (artifact id: 'fe92e5e33c67cce3828c46cab85ae1a6') in 0.013473 seconds
Number of updated asset objects reloaded before import = 0
Number of asset objects unloaded after import = 3
========================================================================
Received Import Request.
  Time since last request: 0.000018 seconds.
  path: Assets/Levels/MainCity/Models/other/stsm_other_tuiche_001.FBX
  artifactKey: Guid(6762d22cfed05da408a696f45221042a) Importer(2089858483,0ecaa5967403d082aa24f35e1b516d23)
Start importing Assets/Levels/MainCity/Models/other/stsm_other_tuiche_001.FBX using Guid(6762d22cfed05da408a696f45221042a) Importer(2089858483,0ecaa5967403d082aa24f35e1b516d23) [PhysX] Initialized MultithreadedTaskDispatcher with 32 workers.
 -> (artifact id: '7a378d1f541a46c93c8cb751ddec184b') in 0.018014 seconds
Number of updated asset objects reloaded before import = 0
Number of asset objects unloaded after import = 9
========================================================================
Received Import Request.
  Time since last request: 0.000018 seconds.
  path: Assets/Levels/MainCity/Models/texture/lensFlareSheet1.tga
  artifactKey: Guid(bad133499a2edbd499fd21e7c713e47d) Importer(2089858483,0ecaa5967403d082aa24f35e1b516d23)
Start importing Assets/Levels/MainCity/Models/texture/lensFlareSheet1.tga using Guid(bad133499a2edbd499fd21e7c713e47d) Importer(2089858483,0ecaa5967403d082aa24f35e1b516d23) [PhysX] Initialized MultithreadedTaskDispatcher with 32 workers.
 -> (artifact id: '315c0b7176ddf2e2c7b9c8739124b69c') in 0.010876 seconds
Number of updated asset objects reloaded before import = 0
Number of asset objects unloaded after import = 1
========================================================================
Received Import Request.
  Time since last request: 0.000071 seconds.
  path: Assets/Scripts/UI/UIQuest/UIQuestInfo.cs
  artifactKey: Guid(f7b1ebddcba980b44bd62ccb1827da34) Importer(2089858483,0ecaa5967403d082aa24f35e1b516d23)
Start importing Assets/Scripts/UI/UIQuest/UIQuestInfo.cs using Guid(f7b1ebddcba980b44bd62ccb1827da34) Importer(2089858483,0ecaa5967403d082aa24f35e1b516d23) [PhysX] Initialized MultithreadedTaskDispatcher with 32 workers.
 -> (artifact id: '598662fb7e032472b115472c8577c3ce') in 0.005829 seconds
Number of updated asset objects reloaded before import = 0
Number of asset objects unloaded after import = 1
========================================================================
Received Import Request.
  Time since last request: 0.000023 seconds.
  path: Assets/Resources/UI/Items/equip2007.png
  artifactKey: Guid(01824214595611d4c97454369d57546c) Importer(2089858483,0ecaa5967403d082aa24f35e1b516d23)
Start importing Assets/Resources/UI/Items/equip2007.png using Guid(01824214595611d4c97454369d57546c) Importer(2089858483,0ecaa5967403d082aa24f35e1b516d23) [PhysX] Initialized MultithreadedTaskDispatcher with 32 workers.
 -> (artifact id: '721827dd462406d52df2439ece6ab9af') in 0.023707 seconds
Number of updated asset objects reloaded before import = 0
Number of asset objects unloaded after import = 3
========================================================================
Received Import Request.
  Time since last request: 0.000020 seconds.
  path: Assets/Art/UI/UI/Common/main_icon_bag.png
  artifactKey: Guid(dcf41e2f4016f644f8cff9ee60d7cc41) Importer(2089858483,0ecaa5967403d082aa24f35e1b516d23)
Start importing Assets/Art/UI/UI/Common/main_icon_bag.png using Guid(dcf41e2f4016f644f8cff9ee60d7cc41) Importer(2089858483,0ecaa5967403d082aa24f35e1b516d23) [PhysX] Initialized MultithreadedTaskDispatcher with 32 workers.
 -> (artifact id: '0674a84a7178f90cab7a18ec0fe4240d') in 0.013040 seconds
Number of updated asset objects reloaded before import = 0
Number of asset objects unloaded after import = 3
========================================================================
Received Import Request.
  Time since last request: 0.000021 seconds.
  path: Assets/Levels/MainCity/Models/other/zhuozi.FBX
  artifactKey: Guid(e3079e81e61f5264bb8452a62bb0420e) Importer(2089858483,0ecaa5967403d082aa24f35e1b516d23)
Start importing Assets/Levels/MainCity/Models/other/zhuozi.FBX using Guid(e3079e81e61f5264bb8452a62bb0420e) Importer(2089858483,0ecaa5967403d082aa24f35e1b516d23) [PhysX] Initialized MultithreadedTaskDispatcher with 32 workers.
 -> (artifact id: '18fe22ff6e49c59022da18ac64df7dae') in 0.019673 seconds
Number of updated asset objects reloaded before import = 0
Number of asset objects unloaded after import = 9
========================================================================
Received Import Request.
  Time since last request: 0.000020 seconds.
  path: Assets/Art/UI/UI/Login/3.png
  artifactKey: Guid(da9826fb52931f540946485ad5f1b2fd) Importer(2089858483,0ecaa5967403d082aa24f35e1b516d23)
Start importing Assets/Art/UI/UI/Login/3.png using Guid(da9826fb52931f540946485ad5f1b2fd) Importer(2089858483,0ecaa5967403d082aa24f35e1b516d23) [PhysX] Initialized MultithreadedTaskDispatcher with 32 workers.
 -> (artifact id: '665efdbef5c81571c0a7f0390707257e') in 0.013985 seconds
Number of updated asset objects reloaded before import = 0
Number of asset objects unloaded after import = 3
========================================================================
Received Import Request.
  Time since last request: 0.000020 seconds.
  path: Assets/Levels/MainCity/Models/other/stsm_other_qizi_001.FBX
  artifactKey: Guid(f00a5f9f4afe07a42a1d9e96268a4203) Importer(2089858483,0ecaa5967403d082aa24f35e1b516d23)
Start importing Assets/Levels/MainCity/Models/other/stsm_other_qizi_001.FBX using Guid(f00a5f9f4afe07a42a1d9e96268a4203) Importer(2089858483,0ecaa5967403d082aa24f35e1b516d23) [PhysX] Initialized MultithreadedTaskDispatcher with 32 workers.
 -> (artifact id: '91b2be53016e1c146dee211619edcfe4') in 0.037473 seconds
Number of updated asset objects reloaded before import = 0
Number of asset objects unloaded after import = 20
========================================================================
Received Import Request.
  Time since last request: 0.000018 seconds.
  path: Assets/Levels/MainCity/Models/texture/44614a76.dds
  artifactKey: Guid(2579b66953dfd2843b9f72555e2cdc69) Importer(2089858483,0ecaa5967403d082aa24f35e1b516d23)
Start importing Assets/Levels/MainCity/Models/texture/44614a76.dds using Guid(2579b66953dfd2843b9f72555e2cdc69) Importer(2089858483,0ecaa5967403d082aa24f35e1b516d23) [PhysX] Initialized MultithreadedTaskDispatcher with 32 workers.
 -> (artifact id: '8f3db75cba0cbe86e8ac487da2832f7e') in 0.012705 seconds
Number of updated asset objects reloaded before import = 0
Number of asset objects unloaded after import = 1
========================================================================
Received Import Request.
  Time since last request: 0.000035 seconds.
  path: Assets/Levels/MainCity/Models/texture/17bb8446.dds
  artifactKey: Guid(5ea47d11f835e6e40979d5f551b0ddac) Importer(2089858483,0ecaa5967403d082aa24f35e1b516d23)
Start importing Assets/Levels/MainCity/Models/texture/17bb8446.dds using Guid(5ea47d11f835e6e40979d5f551b0ddac) Importer(2089858483,0ecaa5967403d082aa24f35e1b516d23) [PhysX] Initialized MultithreadedTaskDispatcher with 32 workers.
 -> (artifact id: '593dd7c86a61545e9b1b4f1112cb60dc') in 0.011649 seconds
Number of updated asset objects reloaded before import = 0
Number of asset objects unloaded after import = 1
========================================================================
Received Import Request.
  Time since last request: 0.000027 seconds.
  path: Assets/Levels/MainCity/Models/skybox/skybox_stsm_yun_002.FBX
  artifactKey: Guid(adf1e8a8c3cadbd4ca8e5a19f1d1dc1c) Importer(2089858483,0ecaa5967403d082aa24f35e1b516d23)
Start importing Assets/Levels/MainCity/Models/skybox/skybox_stsm_yun_002.FBX using Guid(adf1e8a8c3cadbd4ca8e5a19f1d1dc1c) Importer(2089858483,0ecaa5967403d082aa24f35e1b516d23) [PhysX] Initialized MultithreadedTaskDispatcher with 32 workers.
 -> (artifact id: '6d2880dd9e71da0ae515d9c6c4bbf396') in 0.023907 seconds
Number of updated asset objects reloaded before import = 0
Number of asset objects unloaded after import = 9
========================================================================
Received Import Request.
  Time since last request: 0.000022 seconds.
  path: Assets/Resources/UI/Items/equip3003.png
  artifactKey: Guid(d0a5d8e8c7c3ca848b073871f8af7b91) Importer(2089858483,0ecaa5967403d082aa24f35e1b516d23)
Start importing Assets/Resources/UI/Items/equip3003.png using Guid(d0a5d8e8c7c3ca848b073871f8af7b91) Importer(2089858483,0ecaa5967403d082aa24f35e1b516d23) [PhysX] Initialized MultithreadedTaskDispatcher with 32 workers.
 -> (artifact id: '4654c3938ea324946954c67754711e05') in 0.017068 seconds
Number of updated asset objects reloaded before import = 0
Number of asset objects unloaded after import = 3
========================================================================
Received Import Request.
  Time since last request: 0.000023 seconds.
  path: Assets/Art/UI/UI/Login/ddd.png
  artifactKey: Guid(8ff192568bffcf64e8b5aff82158a420) Importer(2089858483,0ecaa5967403d082aa24f35e1b516d23)
Start importing Assets/Art/UI/UI/Login/ddd.png using Guid(8ff192568bffcf64e8b5aff82158a420) Importer(2089858483,0ecaa5967403d082aa24f35e1b516d23) [PhysX] Initialized MultithreadedTaskDispatcher with 32 workers.
 -> (artifact id: 'a967ab21aefa9513533193ba0ddc8e7d') in 0.017770 seconds
Number of updated asset objects reloaded before import = 0
Number of asset objects unloaded after import = 3
========================================================================
Received Import Request.
  Time since last request: 0.000030 seconds.
  path: Assets/Scripts/UI/UIBag/UITabView.cs
  artifactKey: Guid(c41fa8042263aa54c9976175ed32bf75) Importer(2089858483,0ecaa5967403d082aa24f35e1b516d23)
Start importing Assets/Scripts/UI/UIBag/UITabView.cs using Guid(c41fa8042263aa54c9976175ed32bf75) Importer(2089858483,0ecaa5967403d082aa24f35e1b516d23) [PhysX] Initialized MultithreadedTaskDispatcher with 32 workers.
 -> (artifact id: '4559085f68270ea688ffc6ffc8e9f83d') in 0.006167 seconds
Number of updated asset objects reloaded before import = 0
Number of asset objects unloaded after import = 1
========================================================================
Received Import Request.
  Time since last request: 0.000027 seconds.
  path: Assets/Resources/UI/Items/equip2016.png
  artifactKey: Guid(975db469be2f7c441a47990ce6f483fb) Importer(2089858483,0ecaa5967403d082aa24f35e1b516d23)
Start importing Assets/Resources/UI/Items/equip2016.png using Guid(975db469be2f7c441a47990ce6f483fb) Importer(2089858483,0ecaa5967403d082aa24f35e1b516d23) [PhysX] Initialized MultithreadedTaskDispatcher with 32 workers.
 -> (artifact id: '28822ccb318545467e0bee6bad356b17') in 0.016075 seconds
Number of updated asset objects reloaded before import = 0
Number of asset objects unloaded after import = 3
========================================================================
Received Import Request.
  Time since last request: 0.000021 seconds.
  path: Assets/Art/UI/UI/Login/z.png
  artifactKey: Guid(2e4bb03c4e1f55d47af88ee2f9b5c2e8) Importer(2089858483,0ecaa5967403d082aa24f35e1b516d23)
Start importing Assets/Art/UI/UI/Login/z.png using Guid(2e4bb03c4e1f55d47af88ee2f9b5c2e8) Importer(2089858483,0ecaa5967403d082aa24f35e1b516d23) [PhysX] Initialized MultithreadedTaskDispatcher with 32 workers.
 -> (artifact id: '5cadebd0c4a9c1b248e65c7e63241db5') in 0.013558 seconds
Number of updated asset objects reloaded before import = 0
Number of asset objects unloaded after import = 3
========================================================================
Received Import Request.
  Time since last request: 0.000015 seconds.
  path: Assets/Resources/UI/Items/mbao.png
  artifactKey: Guid(5c4f848beb18e5f42bf7c1e35c491b18) Importer(2089858483,0ecaa5967403d082aa24f35e1b516d23)
Start importing Assets/Resources/UI/Items/mbao.png using Guid(5c4f848beb18e5f42bf7c1e35c491b18) Importer(2089858483,0ecaa5967403d082aa24f35e1b516d23) [PhysX] Initialized MultithreadedTaskDispatcher with 32 workers.
 -> (artifact id: 'dc408a0602a7abbf3a790e02bcd38179') in 0.012885 seconds
Number of updated asset objects reloaded before import = 0
Number of asset objects unloaded after import = 3
========================================================================
Received Import Request.
  Time since last request: 0.000070 seconds.
  path: Assets/Resources/UI/Items/lanp.png
  artifactKey: Guid(1e79b51da3408654b98440b1b1581855) Importer(2089858483,0ecaa5967403d082aa24f35e1b516d23)
Start importing Assets/Resources/UI/Items/lanp.png using Guid(1e79b51da3408654b98440b1b1581855) Importer(2089858483,0ecaa5967403d082aa24f35e1b516d23) [PhysX] Initialized MultithreadedTaskDispatcher with 32 workers.
 -> (artifact id: '80e310606b64d22e7dd42b3885548066') in 0.014398 seconds
Number of updated asset objects reloaded before import = 0
Number of asset objects unloaded after import = 3
========================================================================
Received Import Request.
  Time since last request: 0.000017 seconds.
  path: Assets/Levels/MainCity/Models/other/stsm_other_dunpai_001.FBX
  artifactKey: Guid(d042e65cf987eb54dbf02c09d5ba18bf) Importer(2089858483,0ecaa5967403d082aa24f35e1b516d23)
Start importing Assets/Levels/MainCity/Models/other/stsm_other_dunpai_001.FBX using Guid(d042e65cf987eb54dbf02c09d5ba18bf) Importer(2089858483,0ecaa5967403d082aa24f35e1b516d23) [PhysX] Initialized MultithreadedTaskDispatcher with 32 workers.
 -> (artifact id: 'e7a17ac7a0ae0ec03fdce18430296771') in 0.022106 seconds
Number of updated asset objects reloaded before import = 0
Number of asset objects unloaded after import = 9
========================================================================
Received Import Request.
  Time since last request: 0.161925 seconds.
  path: Assets/Levels/MainCity/Prefabs/build/stsm_build_jiuguan_001.prefab
  artifactKey: Guid(89bcb5b250cf8a844982dc62721e07d7) Importer(2089858483,0ecaa5967403d082aa24f35e1b516d23)
Start importing Assets/Levels/MainCity/Prefabs/build/stsm_build_jiuguan_001.prefab using Guid(89bcb5b250cf8a844982dc62721e07d7) Importer(2089858483,0ecaa5967403d082aa24f35e1b516d23) [PhysX] Initialized MultithreadedTaskDispatcher with 32 workers.
 -> (artifact id: 'bca641ec5a5cd4a61362134c49521ff9') in 0.020033 seconds
Number of updated asset objects reloaded before import = 0
Number of asset objects unloaded after import = 7
========================================================================
Received Import Request.
  Time since last request: 0.000016 seconds.
  path: Assets/Models/Rides/R001/fbx/R001_Move_Forward.FBX
  artifactKey: Guid(5a0c3bdaa834d6a4193b9d66b3124feb) Importer(2089858483,0ecaa5967403d082aa24f35e1b516d23)
Start importing Assets/Models/Rides/R001/fbx/R001_Move_Forward.FBX using Guid(5a0c3bdaa834d6a4193b9d66b3124feb) Importer(2089858483,0ecaa5967403d082aa24f35e1b516d23) [PhysX] Initialized MultithreadedTaskDispatcher with 32 workers.
 -> (artifact id: 'ad5fb927c829a89bef63ce0d51cf5d0b') in 0.028938 seconds
Number of updated asset objects reloaded before import = 0
Number of asset objects unloaded after import = 79
========================================================================
Received Import Request.
  Time since last request: 0.000023 seconds.
  path: Assets/Levels/Map03/Map02/Materials/stsm_plant_cao_001.mat
  artifactKey: Guid(c0d86f25e01d848489b20222c066829d) Importer(2089858483,0ecaa5967403d082aa24f35e1b516d23)
Start importing Assets/Levels/Map03/Map02/Materials/stsm_plant_cao_001.mat using Guid(c0d86f25e01d848489b20222c066829d) Importer(2089858483,0ecaa5967403d082aa24f35e1b516d23) [PhysX] Initialized MultithreadedTaskDispatcher with 32 workers.
 -> (artifact id: 'f59d13354585815dcb457a77b64cb693') in 0.008296 seconds
Number of updated asset objects reloaded before import = 0
Number of asset objects unloaded after import = 2
========================================================================
Received Import Request.
  Time since last request: 0.000018 seconds.
  path: Assets/Models/Characters/Warrior/fbx/Warrior_Idle.FBX
  artifactKey: Guid(d550694fdf2eaca449721533dcede208) Importer(2089858483,0ecaa5967403d082aa24f35e1b516d23)
Start importing Assets/Models/Characters/Warrior/fbx/Warrior_Idle.FBX using Guid(d550694fdf2eaca449721533dcede208) Importer(2089858483,0ecaa5967403d082aa24f35e1b516d23) [PhysX] Initialized MultithreadedTaskDispatcher with 32 workers.
 -> (artifact id: 'c3b9008c5851d74531721aa792c4ccaa') in 0.019973 seconds
Number of updated asset objects reloaded before import = 0
Number of asset objects unloaded after import = 97
========================================================================
Received Import Request.
  Time since last request: 0.000017 seconds.
  path: Assets/Models/Characters/Warrior/fbx/Warrior_Move_Forward.FBX
  artifactKey: Guid(9d657f810b7a0bf48b9c87be98307cc0) Importer(2089858483,0ecaa5967403d082aa24f35e1b516d23)
Start importing Assets/Models/Characters/Warrior/fbx/Warrior_Move_Forward.FBX using Guid(9d657f810b7a0bf48b9c87be98307cc0) Importer(2089858483,0ecaa5967403d082aa24f35e1b516d23) [PhysX] Initialized MultithreadedTaskDispatcher with 32 workers.
 -> (artifact id: '9794886f63363416116ab3caa575f411') in 0.024713 seconds
Number of updated asset objects reloaded before import = 0
Number of asset objects unloaded after import = 97
========================================================================
Received Import Request.
  Time since last request: 0.000022 seconds.
  path: Assets/ThirdParty/Candlelight/Library/Property Attributes/StatusPropertyAttribute.cs
  artifactKey: Guid(146d14ee826f3401e9858f051e470045) Importer(2089858483,0ecaa5967403d082aa24f35e1b516d23)
Start importing Assets/ThirdParty/Candlelight/Library/Property Attributes/StatusPropertyAttribute.cs using Guid(146d14ee826f3401e9858f051e470045) Importer(2089858483,0ecaa5967403d082aa24f35e1b516d23) [PhysX] Initialized MultithreadedTaskDispatcher with 32 workers.
 -> (artifact id: '739997c4995d2b25906dce55901cd158') in 0.008105 seconds
Number of updated asset objects reloaded before import = 0
Number of asset objects unloaded after import = 1
========================================================================
Received Import Request.
  Time since last request: 0.000025 seconds.
  path: Assets/Models/Characters/Archer/fbx/Archer_AtkB.FBX
  artifactKey: Guid(813da245e53738b42a03ffaab3c1f1d1) Importer(2089858483,0ecaa5967403d082aa24f35e1b516d23)
Start importing Assets/Models/Characters/Archer/fbx/Archer_AtkB.FBX using Guid(813da245e53738b42a03ffaab3c1f1d1) Importer(2089858483,0ecaa5967403d082aa24f35e1b516d23) [PhysX] Initialized MultithreadedTaskDispatcher with 32 workers.
 -> (artifact id: 'b1c989b00886a780886cf4fec79d7b3d') in 0.017919 seconds
Number of updated asset objects reloaded before import = 0
Number of asset objects unloaded after import = 159
========================================================================
Received Import Request.
  Time since last request: 0.000016 seconds.
  path: Assets/Models/Monsters/M1005/fbx/M1005_Death.FBX
  artifactKey: Guid(efa661dd9459808428433038748ed624) Importer(2089858483,0ecaa5967403d082aa24f35e1b516d23)
Start importing Assets/Models/Monsters/M1005/fbx/M1005_Death.FBX using Guid(efa661dd9459808428433038748ed624) Importer(2089858483,0ecaa5967403d082aa24f35e1b516d23) [PhysX] Initialized MultithreadedTaskDispatcher with 32 workers.
 -> (artifact id: '73f316278a8eea443af102838111eb23') in 0.020955 seconds
Number of updated asset objects reloaded before import = 0
Number of asset objects unloaded after import = 138
========================================================================
Received Import Request.
  Time since last request: 0.000017 seconds.
  path: Assets/Models/Characters/Archer/fbx/Archer_AtkA.FBX
  artifactKey: Guid(44629c9a9d25cbc47ae88256ed27a8d7) Importer(2089858483,0ecaa5967403d082aa24f35e1b516d23)
Start importing Assets/Models/Characters/Archer/fbx/Archer_AtkA.FBX using Guid(44629c9a9d25cbc47ae88256ed27a8d7) Importer(2089858483,0ecaa5967403d082aa24f35e1b516d23) [PhysX] Initialized MultithreadedTaskDispatcher with 32 workers.
 -> (artifact id: 'ee795528ff988c0357eff43a703e7fa1') in 0.024903 seconds
Number of updated asset objects reloaded before import = 0
Number of asset objects unloaded after import = 95
========================================================================
Received Import Request.
  Time since last request: 0.000024 seconds.
  path: Assets/ThirdParty/Candlelight/Library/GUI/HyperText.cs
  artifactKey: Guid(5966d34f847d6437a85dbdf20a6a3242) Importer(2089858483,0ecaa5967403d082aa24f35e1b516d23)
Start importing Assets/ThirdParty/Candlelight/Library/GUI/HyperText.cs using Guid(5966d34f847d6437a85dbdf20a6a3242) Importer(2089858483,0ecaa5967403d082aa24f35e1b516d23) [PhysX] Initialized MultithreadedTaskDispatcher with 32 workers.
 -> (artifact id: '919db92c3ee5422cde6cedef372c5941') in 0.005216 seconds
Number of updated asset objects reloaded before import = 0
Number of asset objects unloaded after import = 1
========================================================================
Received Import Request.
  Time since last request: 0.000043 seconds.
  path: Assets/Models/Monsters/M1003/fbx/M1003_AtkB.FBX
  artifactKey: Guid(6c76da019676ad644bd60935039075d5) Importer(2089858483,0ecaa5967403d082aa24f35e1b516d23)
Start importing Assets/Models/Monsters/M1003/fbx/M1003_AtkB.FBX using Guid(6c76da019676ad644bd60935039075d5) Importer(2089858483,0ecaa5967403d082aa24f35e1b516d23) [PhysX] Initialized MultithreadedTaskDispatcher with 32 workers.
 -> (artifact id: '8f32769f9efeef0db3a647760a4386d8') in 0.026059 seconds
Number of updated asset objects reloaded before import = 0
Number of asset objects unloaded after import = 139
========================================================================
Received Import Request.
  Time since last request: 0.000016 seconds.
  path: Assets/Models/Characters/Wizard/fbx/Wizard_AtkA.FBX
  artifactKey: Guid(dd40f9c67f66d2e46b64320af5be7433) Importer(2089858483,0ecaa5967403d082aa24f35e1b516d23)
Start importing Assets/Models/Characters/Wizard/fbx/Wizard_AtkA.FBX using Guid(dd40f9c67f66d2e46b64320af5be7433) Importer(2089858483,0ecaa5967403d082aa24f35e1b516d23) [PhysX] Initialized MultithreadedTaskDispatcher with 32 workers.
 -> (artifact id: '959777f1781662e991bea5f26103b3dd') in 0.013975 seconds
Number of updated asset objects reloaded before import = 0
Number of asset objects unloaded after import = 163
========================================================================
Received Import Request.
  Time since last request: 0.000025 seconds.
  path: Assets/Models/Monsters/M1002/Tga/M1002.png
  artifactKey: Guid(e4c2245e819c4f74d820ba6843accc41) Importer(2089858483,0ecaa5967403d082aa24f35e1b516d23)
Start importing Assets/Models/Monsters/M1002/Tga/M1002.png using Guid(e4c2245e819c4f74d820ba6843accc41) Importer(2089858483,0ecaa5967403d082aa24f35e1b516d23) [PhysX] Initialized MultithreadedTaskDispatcher with 32 workers.
 -> (artifact id: '60ecb354ec724aec847ee9f54c84f90d') in 0.018723 seconds
Number of updated asset objects reloaded before import = 0
Number of asset objects unloaded after import = 1
========================================================================
Received Import Request.
  Time since last request: 0.000077 seconds.
  path: Assets/ThirdParty/Candlelight/Library/Interfaces/IPropertyBackingFieldCompatible.cs
  artifactKey: Guid(d8a57e67f1e0e464fa85457f172e3a9a) Importer(2089858483,0ecaa5967403d082aa24f35e1b516d23)
Start importing Assets/ThirdParty/Candlelight/Library/Interfaces/IPropertyBackingFieldCompatible.cs using Guid(d8a57e67f1e0e464fa85457f172e3a9a) Importer(2089858483,0ecaa5967403d082aa24f35e1b516d23) [PhysX] Initialized MultithreadedTaskDispatcher with 32 workers.
 -> (artifact id: 'd9ad4f8b3337c7a9e0ee4f49c34a3f0b') in 0.005796 seconds
Number of updated asset objects reloaded before import = 0
Number of asset objects unloaded after import = 1
========================================================================
Received Import Request.
  Time since last request: 0.000020 seconds.
  path: Assets/Models/NPCs/TaskNPC/fbx/taskNPC_Talk.FBX
  artifactKey: Guid(c460caf1d77ddc34aa16a586c917f1c3) Importer(2089858483,0ecaa5967403d082aa24f35e1b516d23)
Start importing Assets/Models/NPCs/TaskNPC/fbx/taskNPC_Talk.FBX using Guid(c460caf1d77ddc34aa16a586c917f1c3) Importer(2089858483,0ecaa5967403d082aa24f35e1b516d23) [PhysX] Initialized MultithreadedTaskDispatcher with 32 workers.
 -> (artifact id: 'ad9bb9feef77be0435fc3aec46456f93') in 0.017513 seconds
Number of updated asset objects reloaded before import = 0
Number of asset objects unloaded after import = 83
========================================================================
Received Import Request.
  Time since last request: 0.000021 seconds.
  path: Assets/Models/Monsters/M1001/Fbx/M1001_AtkB.FBX
  artifactKey: Guid(08c4c7a427914354d9f05ebd9b1960bd) Importer(2089858483,0ecaa5967403d082aa24f35e1b516d23)
Start importing Assets/Models/Monsters/M1001/Fbx/M1001_AtkB.FBX using Guid(08c4c7a427914354d9f05ebd9b1960bd) Importer(2089858483,0ecaa5967403d082aa24f35e1b516d23) [PhysX] Initialized MultithreadedTaskDispatcher with 32 workers.
 -> (artifact id: '181b4bc496ce7d647577bc68bf6d50ad') in 0.017285 seconds
Number of updated asset objects reloaded before import = 0
Number of asset objects unloaded after import = 97
========================================================================
Received Import Request.
  Time since last request: 0.000018 seconds.
  path: Assets/Models/Monsters/M1005/fbx/M1005_Hurt.FBX
  artifactKey: Guid(97e56ab82dd979b41b8f08863e7f9620) Importer(2089858483,0ecaa5967403d082aa24f35e1b516d23)
Start importing Assets/Models/Monsters/M1005/fbx/M1005_Hurt.FBX using Guid(97e56ab82dd979b41b8f08863e7f9620) Importer(2089858483,0ecaa5967403d082aa24f35e1b516d23) [PhysX] Initialized MultithreadedTaskDispatcher with 32 workers.
 -> (artifact id: 'd1beb321fb5313ed0d4ebddabb395d8b') in 0.029040 seconds
Number of updated asset objects reloaded before import = 0
Number of asset objects unloaded after import = 138
========================================================================
Received Import Request.
  Time since last request: 0.000021 seconds.
  path: Assets/Levels/Map03/Map02/Prefabs/stsm_plant_cao_002.prefab
  artifactKey: Guid(80d6f366c858267459415bcdbf3b3ff6) Importer(2089858483,0ecaa5967403d082aa24f35e1b516d23)
Start importing Assets/Levels/Map03/Map02/Prefabs/stsm_plant_cao_002.prefab using Guid(80d6f366c858267459415bcdbf3b3ff6) Importer(2089858483,0ecaa5967403d082aa24f35e1b516d23) [PhysX] Initialized MultithreadedTaskDispatcher with 32 workers.
 -> (artifact id: 'f0013ec7781fee8a657ba75359224b49') in 0.008314 seconds
Number of updated asset objects reloaded before import = 0
Number of asset objects unloaded after import = 7
========================================================================
Received Import Request.
  Time since last request: 0.000023 seconds.
  path: Assets/Models/Monsters/M1005/fbx/M1005_SkillA.FBX
  artifactKey: Guid(8c572775cd619b04f8f53a8ec9196050) Importer(2089858483,0ecaa5967403d082aa24f35e1b516d23)
Start importing Assets/Models/Monsters/M1005/fbx/M1005_SkillA.FBX using Guid(8c572775cd619b04f8f53a8ec9196050) Importer(2089858483,0ecaa5967403d082aa24f35e1b516d23) [PhysX] Initialized MultithreadedTaskDispatcher with 32 workers.
 -> (artifact id: 'bf78efed965faba1828c83235e06555e') in 0.021515 seconds
Number of updated asset objects reloaded before import = 0
Number of asset objects unloaded after import = 138
========================================================================
Received Import Request.
  Time since last request: 0.000024 seconds.
  path: Assets/Models/NPCs/Treasure_kingskull/fbx/treasure_kingskull_Hurt.FBX
  artifactKey: Guid(824a0b963236e8949a44837a1495a1de) Importer(2089858483,0ecaa5967403d082aa24f35e1b516d23)
Start importing Assets/Models/NPCs/Treasure_kingskull/fbx/treasure_kingskull_Hurt.FBX using Guid(824a0b963236e8949a44837a1495a1de) Importer(2089858483,0ecaa5967403d082aa24f35e1b516d23) [PhysX] Initialized MultithreadedTaskDispatcher with 32 workers.
 -> (artifact id: '87ba49cae04e3e7d735632fb2c3553b0') in 0.021058 seconds
Number of updated asset objects reloaded before import = 0
Number of asset objects unloaded after import = 133
========================================================================
Received Import Request.
  Time since last request: 0.000018 seconds.
  path: Assets/Models/NPCs/TaskNPC/fbx/taskNPC_Idle.FBX
  artifactKey: Guid(947082bcd91b7a34cadb9e1afaf30896) Importer(2089858483,0ecaa5967403d082aa24f35e1b516d23)
Start importing Assets/Models/NPCs/TaskNPC/fbx/taskNPC_Idle.FBX using Guid(947082bcd91b7a34cadb9e1afaf30896) Importer(2089858483,0ecaa5967403d082aa24f35e1b516d23) [PhysX] Initialized MultithreadedTaskDispatcher with 32 workers.
 -> (artifact id: '74b43f183a3368c78339c1b44d9957f1') in 0.019772 seconds
Number of updated asset objects reloaded before import = 0
Number of asset objects unloaded after import = 83
========================================================================
Received Import Request.
  Time since last request: 0.000019 seconds.
  path: Assets/Models/Monsters/M1004/Fbx/M1004_AtkA.FBX
  artifactKey: Guid(709c31d017c2b9941ae0b37a3a184294) Importer(2089858483,0ecaa5967403d082aa24f35e1b516d23)
Start importing Assets/Models/Monsters/M1004/Fbx/M1004_AtkA.FBX using Guid(709c31d017c2b9941ae0b37a3a184294) Importer(2089858483,0ecaa5967403d082aa24f35e1b516d23) [PhysX] Initialized MultithreadedTaskDispatcher with 32 workers.
 -> (artifact id: 'e2ff9b7ea57137f1b7256629096355ad') in 0.016342 seconds
Number of updated asset objects reloaded before import = 0
Number of asset objects unloaded after import = 71
========================================================================
Received Import Request.
  Time since last request: 0.000017 seconds.
  path: Assets/Models/NPCs/DeliveryNPC/fbx/DeliveryNPC_Idle.anim
  artifactKey: Guid(a0a4902ed5c6a8b45b43f86e2370cd8d) Importer(2089858483,0ecaa5967403d082aa24f35e1b516d23)
Start importing Assets/Models/NPCs/DeliveryNPC/fbx/DeliveryNPC_Idle.anim using Guid(a0a4902ed5c6a8b45b43f86e2370cd8d) Importer(2089858483,0ecaa5967403d082aa24f35e1b516d23) [PhysX] Initialized MultithreadedTaskDispatcher with 32 workers.
 -> (artifact id: 'c653f68170e84c80dbe046f86d7a5189') in 0.008393 seconds
Number of updated asset objects reloaded before import = 0
Number of asset objects unloaded after import = 1
========================================================================
Received Import Request.
  Time since last request: 0.000018 seconds.
  path: Assets/Levels/MainCity/Prefabs/skybox/skybox_stsm_001.prefab
  artifactKey: Guid(03cb3104234e812439c3978889045367) Importer(2089858483,0ecaa5967403d082aa24f35e1b516d23)
Start importing Assets/Levels/MainCity/Prefabs/skybox/skybox_stsm_001.prefab using Guid(03cb3104234e812439c3978889045367) Importer(2089858483,0ecaa5967403d082aa24f35e1b516d23) [PhysX] Initialized MultithreadedTaskDispatcher with 32 workers.
 -> (artifact id: 'f059569d21aa24a17a65c57ca7bf19d4') in 0.011915 seconds
Number of updated asset objects reloaded before import = 0
Number of asset objects unloaded after import = 9
========================================================================
Received Import Request.
  Time since last request: 0.000016 seconds.
  path: Assets/Models/NPCs/DeliveryNPC/fbx/DeliveryNPC_Talk.FBX
  artifactKey: Guid(3b63ab2b79f7daa4892b648fd8281d77) Importer(2089858483,0ecaa5967403d082aa24f35e1b516d23)
Start importing Assets/Models/NPCs/DeliveryNPC/fbx/DeliveryNPC_Talk.FBX using Guid(3b63ab2b79f7daa4892b648fd8281d77) Importer(2089858483,0ecaa5967403d082aa24f35e1b516d23) [PhysX] Initialized MultithreadedTaskDispatcher with 32 workers.
 -> (artifact id: '5489ec7b9dd96a1e745571af6af1e8c9') in 0.023664 seconds
Number of updated asset objects reloaded before import = 0
Number of asset objects unloaded after import = 93
========================================================================
Received Import Request.
  Time since last request: 0.000021 seconds.
  path: Assets/Models/NPCs/Treasure_poter/fbx/Treasure_poter_Relax.FBX
  artifactKey: Guid(dafacec756f8c754299dab668f4f68d6) Importer(2089858483,0ecaa5967403d082aa24f35e1b516d23)
Start importing Assets/Models/NPCs/Treasure_poter/fbx/Treasure_poter_Relax.FBX using Guid(dafacec756f8c754299dab668f4f68d6) Importer(2089858483,0ecaa5967403d082aa24f35e1b516d23) [PhysX] Initialized MultithreadedTaskDispatcher with 32 workers.
 -> (artifact id: 'decb662302b75c9958c7391f2ab29ac4') in 0.016971 seconds
Number of updated asset objects reloaded before import = 0
Number of asset objects unloaded after import = 87
========================================================================
Received Prepare
Caller must complete domain reload
Begin MonoManager ReloadAssembly
Duplicate assembly 'log4net.dll' with different versions detected, using 'Assets/References/log4net.dll, AssemblyName=log4net, Version=2.0.8.0, Culture=neutral, PublicKeyToken=null' and ignoring 'Packages/com.unity.collab-proxy/Lib/Editor/PlasticSCM/log4netPlastic.dll, AssemblyName=log4net, Version=1.2.15.0, Culture=neutral, PublicKeyToken=669e0ddf0bb1aa2a'.Duplicate assembly 'Newtonsoft.Json.dll' with different versions detected, using 'Packages/com.unity.nuget.newtonsoft-json/Runtime/Newtonsoft.Json.dll, AssemblyName=Newtonsoft.Json, Version=13.0.0.0, Culture=neutral, PublicKeyToken=30ad4fe6b2a6aeed' and ignoring 'Assets/JsonDotNet/Assemblies/Standalone/Newtonsoft.Json.dll, AssemblyName=Newtonsoft.Json, Version=8.0.0.0, Culture=neutral, PublicKeyToken=null'.Symbol file LoadedFromMemory is not a mono symbol file
Symbol file LoadedFromMemory is not a mono symbol file
Symbol file LoadedFromMemory is not a mono symbol file
- Loaded All Assemblies, in  0.898 seconds
Native extension for WindowsStandalone target not found
Native extension for Android target not found
[Package Manager] Server::EnsureServerProcessIsRunning -- launch failed, reason: Unity was launched with the -noUpm command-line argument
[Package Manager] UpmClient::Send -- Unable to send message (not connected to UPM process).
[Package Manager] Cannot connect to Unity Package Manager local server
Mono: successfully reloaded assembly
- Finished resetting the current domain, in  1.721 seconds
Domain Reload Profiling: 2609ms
	BeginReloadAssembly (532ms)
		ExecutionOrderSort (0ms)
		DisableScriptedObjects (4ms)
		BackupInstance (0ms)
		ReleaseScriptingObjects (0ms)
		CreateAndSetChildDomain (63ms)
	RebuildCommonClasses (23ms)
	RebuildNativeTypeToScriptingClass (12ms)
	initialDomainReloadingComplete (40ms)
	LoadAllAssembliesAndSetupDomain (281ms)
		LoadAssemblies (343ms)
		RebuildTransferFunctionScriptingTraits (0ms)
		AnalyzeDomain (10ms)
			TypeCache.Refresh (6ms)
				TypeCache.ScanAssembly (0ms)
			ScanForSourceGeneratedMonoScriptInfo (0ms)
			ResolveRequiredComponents (3ms)
	FinalizeReload (1721ms)
		ReleaseScriptCaches (0ms)
		RebuildScriptCaches (0ms)
		SetupLoadedEditorAssemblies (1274ms)
			LogAssemblyErrors (0ms)
			InitializePlatformSupportModulesInManaged (18ms)
			SetLoadedEditorAssemblies (4ms)
			RefreshPlugins (0ms)
			BeforeProcessingInitializeOnLoad (68ms)
			ProcessInitializeOnLoadAttributes (1069ms)
			ProcessInitializeOnLoadMethodAttributes (108ms)
			AfterProcessingInitializeOnLoad (7ms)
			EditorAssembliesLoaded (0ms)
		ExecutionOrderSort2 (0ms)
		AwakeInstancesAfterBackupRestoration (5ms)
Refreshing native plugins compatible for Editor in 18.69 ms, found 2 plugins.
Preloading 0 native plugins for Editor in 0.00 ms.
Unloading 2632 Unused Serialized files (Serialized files now loaded: 0)
Unloading 16 unused Assets / (28.6 KB). Loaded Objects now: 3148.
Memory consumption went from 122.5 MB to 122.5 MB.
Total: 6.994500 ms (FindLiveObjects: 0.142400 ms CreateObjectMapping: 0.037400 ms MarkObjects: 6.777100 ms  DeleteObjects: 0.036500 ms)

Prepare: number of updated asset objects reloaded= 0
AssetImportParameters requested are different than current active one (requested -> active):
  custom:video-decoder-webm-vp8: 9c59270c3fd7afecdb556c50c9e8de78 -> 
  custom:SearchIndexIgnoredProperties: e643bd26f0fe6173181afceb89e7c659 -> 
  custom:container-demuxer-ogg: 62fdf1f143b41e24485cea50d1cbac27 -> 
  custom:AudioImporter_EditorPlatform: d09bf68614088b80899f8185d706f6e7 -> 
  custom:video-codec-MediaFoundation-h265: 746d11721c4dcdbdad8f713fa42b33f4 -> 
  custom:video-decoder-ogg-theora: a1e56fd34408186e4bbccfd4996cb3dc -> 
  custom:framework-win-MediaFoundation: 216162199b28c13a410421893ffa2e32 -> 
  custom:video-encoder-webm-vp8: eb34c28f22e8b96e1ab97ce403110664 -> 
  custom:audio-decoder-ogg-vorbis: bf7c407c2cedff20999df2af8eb42d56 -> 
  custom:CustomObjectIndexerAttribute: 9a22284fe3817be447336de3de66b15e -> 
  custom:container-demuxer-webm: 4f35f7cbe854078d1ac9338744f61a02 -> 
  custom:audio-encoder-webm-vorbis: bf7c407c2cedff20999df2af8eb42d56 -> 
  custom:container-muxer-webm: aa71ff27fc2769a1b78a27578f13a17b -> 
Editor requested this worker to shutdown with reason: Scaling down because of idle timeout
TcpMessagingSession - receive error: operation aborted. errorcode: 995, details: ÓÉÓÚĎßłĚÍËłö»ňÓ¦ÓĂłĚĐňÇëÇóŁ¬ŇŃÖĐÖą I/O ˛Ů×÷ˇŁ
AssetImportWorker is now disconnected from the server
Process exiting
Exiting without the bug reporter. Application will terminate with return code 0