Using pre-set license
Built from '2022.3/china_unity/release~1' branch; Version is '2022.3.53f1c1 (f16e16b78e06) revision 15822358'; Using compiler version '192829333'; Build Type 'Release'
OS: 'Windows 11  (10.0.26100) 64bit CoreCountrySpecific' Language: 'zh' Physical Memory: 32386 MB
BatchMode: 1, IsHumanControllingUs: 0, StartBugReporterOnCrash: 0, Is64bit: 1, IsPro: 1

COMMAND LINE ARGUMENTS:
D:\data\unity\2022.3.53f1c1\Editor\Unity.exe
-adb2
-batchMode
-noUpm
-name
AssetImportWorker5
-projectPath
D:/data/mmorpg/MyMmorpg/Src/Client
-logFile
Logs/AssetImportWorker5.log
-srvPort
64736
Successfully changed project path to: D:/data/mmorpg/MyMmorpg/Src/Client
D:/data/mmorpg/MyMmorpg/Src/Client
[UnityMemory] Configuration Parameters - Can be set up in boot.config
    "memorysetup-bucket-allocator-granularity=16"
    "memorysetup-bucket-allocator-bucket-count=8"
    "memorysetup-bucket-allocator-block-size=33554432"
    "memorysetup-bucket-allocator-block-count=8"
    "memorysetup-main-allocator-block-size=16777216"
    "memorysetup-thread-allocator-block-size=16777216"
    "memorysetup-gfx-main-allocator-block-size=16777216"
    "memorysetup-gfx-thread-allocator-block-size=16777216"
    "memorysetup-cache-allocator-block-size=4194304"
    "memorysetup-typetree-allocator-block-size=2097152"
    "memorysetup-profiler-bucket-allocator-granularity=16"
    "memorysetup-profiler-bucket-allocator-bucket-count=8"
    "memorysetup-profiler-bucket-allocator-block-size=33554432"
    "memorysetup-profiler-bucket-allocator-block-count=8"
    "memorysetup-profiler-allocator-block-size=16777216"
    "memorysetup-profiler-editor-allocator-block-size=1048576"
    "memorysetup-temp-allocator-size-main=16777216"
    "memorysetup-job-temp-allocator-block-size=2097152"
    "memorysetup-job-temp-allocator-block-size-background=1048576"
    "memorysetup-job-temp-allocator-reduction-small-platforms=262144"
    "memorysetup-allocator-temp-initial-block-size-main=262144"
    "memorysetup-allocator-temp-initial-block-size-worker=262144"
    "memorysetup-temp-allocator-size-background-worker=32768"
    "memorysetup-temp-allocator-size-job-worker=262144"
    "memorysetup-temp-allocator-size-preload-manager=33554432"
    "memorysetup-temp-allocator-size-nav-mesh-worker=65536"
    "memorysetup-temp-allocator-size-audio-worker=65536"
    "memorysetup-temp-allocator-size-cloud-worker=32768"
    "memorysetup-temp-allocator-size-gi-baking-worker=262144"
    "memorysetup-temp-allocator-size-gfx=262144"
Player connection [16044]  Target information:

Player connection [16044]  * "[IP] 192.168.226.1 [Port] 0 [Flags] 2 [Guid] 1739063736 [EditorId] 1739063736 [Version] 1048832 [Id] WindowsEditor(7,LAPTOP-76V4A063) [Debug] 1 [PackageName] WindowsEditor [ProjectName] Editor" 

Player connection [16044]  * "[IP] 192.168.233.1 [Port] 0 [Flags] 2 [Guid] 1739063736 [EditorId] 1739063736 [Version] 1048832 [Id] WindowsEditor(7,LAPTOP-76V4A063) [Debug] 1 [PackageName] WindowsEditor [ProjectName] Editor" 

Player connection [16044]  * "[IP] 26.46.43.174 [Port] 0 [Flags] 2 [Guid] 1739063736 [EditorId] 1739063736 [Version] 1048832 [Id] WindowsEditor(7,LAPTOP-76V4A063) [Debug] 1 [PackageName] WindowsEditor [ProjectName] Editor" 

Player connection [16044]  * "[IP] 169.254.166.65 [Port] 0 [Flags] 2 [Guid] 1739063736 [EditorId] 1739063736 [Version] 1048832 [Id] WindowsEditor(7,LAPTOP-76V4A063) [Debug] 1 [PackageName] WindowsEditor [ProjectName] Editor" 

Player connection [16044]  * "[IP] 10.2.99.108 [Port] 0 [Flags] 2 [Guid] 1739063736 [EditorId] 1739063736 [Version] 1048832 [Id] WindowsEditor(7,LAPTOP-76V4A063) [Debug] 1 [PackageName] WindowsEditor [ProjectName] Editor" 

Player connection [16044] Host joined multi-casting on [225.0.0.222:54997]...
Player connection [16044] Host joined alternative multi-casting on [225.0.0.222:34997]...
[PhysX] Initialized MultithreadedTaskDispatcher with 32 workers.
Refreshing native plugins compatible for Editor in 43.07 ms, found 2 plugins.
Preloading 0 native plugins for Editor in 0.00 ms.
Initialize engine version: 2022.3.53f1c1 (f16e16b78e06)
[Subsystems] Discovering subsystems at path D:/data/unity/2022.3.53f1c1/Editor/Data/Resources/UnitySubsystems
[Subsystems] Discovering subsystems at path D:/data/mmorpg/MyMmorpg/Src/Client/Assets
GfxDevice: creating device client; threaded=0; jobified=0
Direct3D:
    Version:  Direct3D 11.0 [level 11.1]
    Renderer: NVIDIA GeForce RTX 4080 Laptop GPU (ID=0x27e0)
    Vendor:   NVIDIA
    VRAM:     11997 MB
    Driver:   32.0.15.6607
Initialize mono
Mono path[0] = 'D:/data/unity/2022.3.53f1c1/Editor/Data/Managed'
Mono path[1] = 'D:/data/unity/2022.3.53f1c1/Editor/Data/MonoBleedingEdge/lib/mono/unityjit-win32'
Mono config path = 'D:/data/unity/2022.3.53f1c1/Editor/Data/MonoBleedingEdge/etc'
Using monoOptions --debugger-agent=transport=dt_socket,embedding=1,server=y,suspend=n,address=127.0.0.1:56872
Begin MonoManager ReloadAssembly
Registering precompiled unity dll's ...
Register platform support module: D:/data/unity/2022.3.53f1c1/Editor/Data/PlaybackEngines/AndroidPlayer/UnityEditor.Android.Extensions.dll
Register platform support module: D:/data/unity/2022.3.53f1c1/Editor/Data/PlaybackEngines/WindowsStandaloneSupport/UnityEditor.WindowsStandalone.Extensions.dll
Registered in 0.007598 seconds.
- Loaded All Assemblies, in  0.307 seconds
Native extension for WindowsStandalone target not found
Native extension for Android target not found
Android Extension - Scanning For ADB Devices 394 ms
Mono: successfully reloaded assembly
- Finished resetting the current domain, in  0.658 seconds
Domain Reload Profiling: 959ms
	BeginReloadAssembly (83ms)
		ExecutionOrderSort (0ms)
		DisableScriptedObjects (0ms)
		BackupInstance (0ms)
		ReleaseScriptingObjects (0ms)
		CreateAndSetChildDomain (1ms)
	RebuildCommonClasses (23ms)
	RebuildNativeTypeToScriptingClass (8ms)
	initialDomainReloadingComplete (54ms)
	LoadAllAssembliesAndSetupDomain (133ms)
		LoadAssemblies (78ms)
		RebuildTransferFunctionScriptingTraits (0ms)
		AnalyzeDomain (131ms)
			TypeCache.Refresh (130ms)
				TypeCache.ScanAssembly (120ms)
			ScanForSourceGeneratedMonoScriptInfo (0ms)
			ResolveRequiredComponents (0ms)
	FinalizeReload (658ms)
		ReleaseScriptCaches (0ms)
		RebuildScriptCaches (0ms)
		SetupLoadedEditorAssemblies (614ms)
			LogAssemblyErrors (0ms)
			InitializePlatformSupportModulesInManaged (461ms)
			SetLoadedEditorAssemblies (4ms)
			RefreshPlugins (0ms)
			BeforeProcessingInitializeOnLoad (2ms)
			ProcessInitializeOnLoadAttributes (107ms)
			ProcessInitializeOnLoadMethodAttributes (40ms)
			AfterProcessingInitializeOnLoad (0ms)
			EditorAssembliesLoaded (0ms)
		ExecutionOrderSort2 (0ms)
		AwakeInstancesAfterBackupRestoration (0ms)
========================================================================
Worker process is ready to serve import requests
Caller must complete domain reload
Begin MonoManager ReloadAssembly
Duplicate assembly 'log4net.dll' with different versions detected, using 'Assets/References/log4net.dll, AssemblyName=log4net, Version=2.0.8.0, Culture=neutral, PublicKeyToken=null' and ignoring 'Packages/com.unity.collab-proxy/Lib/Editor/PlasticSCM/log4netPlastic.dll, AssemblyName=log4net, Version=1.2.15.0, Culture=neutral, PublicKeyToken=669e0ddf0bb1aa2a'.Duplicate assembly 'Newtonsoft.Json.dll' with different versions detected, using 'Packages/com.unity.nuget.newtonsoft-json/Runtime/Newtonsoft.Json.dll, AssemblyName=Newtonsoft.Json, Version=13.0.0.0, Culture=neutral, PublicKeyToken=30ad4fe6b2a6aeed' and ignoring 'Assets/JsonDotNet/Assemblies/Standalone/Newtonsoft.Json.dll, AssemblyName=Newtonsoft.Json, Version=8.0.0.0, Culture=neutral, PublicKeyToken=null'.Symbol file LoadedFromMemory is not a mono symbol file
Symbol file LoadedFromMemory is not a mono symbol file
Symbol file LoadedFromMemory is not a mono symbol file
- Loaded All Assemblies, in  0.524 seconds
Native extension for WindowsStandalone target not found
Native extension for Android target not found
Launched and connected shader compiler UnityShaderCompiler.exe after 0.06 seconds
Package Manager log level set to [2]
[Package Manager] Server::EnsureServerProcessIsRunning -- launch failed, reason: Unity was launched with the -noUpm command-line argument
[Package Manager] UpmClient::Send -- Unable to send message (not connected to UPM process).
[Package Manager] Cannot connect to Unity Package Manager local server
Mono: successfully reloaded assembly
- Finished resetting the current domain, in  1.518 seconds
Domain Reload Profiling: 2035ms
	BeginReloadAssembly (111ms)
		ExecutionOrderSort (0ms)
		DisableScriptedObjects (3ms)
		BackupInstance (0ms)
		ReleaseScriptingObjects (0ms)
		CreateAndSetChildDomain (15ms)
	RebuildCommonClasses (22ms)
	RebuildNativeTypeToScriptingClass (9ms)
	initialDomainReloadingComplete (35ms)
	LoadAllAssembliesAndSetupDomain (341ms)
		LoadAssemblies (292ms)
		RebuildTransferFunctionScriptingTraits (0ms)
		AnalyzeDomain (111ms)
			TypeCache.Refresh (94ms)
				TypeCache.ScanAssembly (76ms)
			ScanForSourceGeneratedMonoScriptInfo (13ms)
			ResolveRequiredComponents (2ms)
	FinalizeReload (1518ms)
		ReleaseScriptCaches (0ms)
		RebuildScriptCaches (0ms)
		SetupLoadedEditorAssemblies (1409ms)
			LogAssemblyErrors (0ms)
			InitializePlatformSupportModulesInManaged (17ms)
			SetLoadedEditorAssemblies (4ms)
			RefreshPlugins (0ms)
			BeforeProcessingInitializeOnLoad (65ms)
			ProcessInitializeOnLoadAttributes (1246ms)
			ProcessInitializeOnLoadMethodAttributes (69ms)
			AfterProcessingInitializeOnLoad (8ms)
			EditorAssembliesLoaded (0ms)
		ExecutionOrderSort2 (0ms)
		AwakeInstancesAfterBackupRestoration (7ms)
Refreshing native plugins compatible for Editor in 14.60 ms, found 2 plugins.
Preloading 0 native plugins for Editor in 0.00 ms.
Unloading 2646 Unused Serialized files (Serialized files now loaded: 0)
Unloading 25 unused Assets / (55.0 KB). Loaded Objects now: 3143.
Memory consumption went from 125.8 MB to 125.7 MB.
Total: 11.328800 ms (FindLiveObjects: 0.152700 ms CreateObjectMapping: 0.061200 ms MarkObjects: 10.954700 ms  DeleteObjects: 0.158600 ms)

AssetImportParameters requested are different than current active one (requested -> active):
  custom:video-decoder-webm-vp8: 9c59270c3fd7afecdb556c50c9e8de78 -> 
  custom:SearchIndexIgnoredProperties: e643bd26f0fe6173181afceb89e7c659 -> 
  custom:container-demuxer-ogg: 62fdf1f143b41e24485cea50d1cbac27 -> 
  custom:AudioImporter_EditorPlatform: d09bf68614088b80899f8185d706f6e7 -> 
  custom:video-codec-MediaFoundation-h265: 746d11721c4dcdbdad8f713fa42b33f4 -> 
  custom:video-decoder-ogg-theora: a1e56fd34408186e4bbccfd4996cb3dc -> 
  custom:framework-win-MediaFoundation: 216162199b28c13a410421893ffa2e32 -> 
  custom:video-encoder-webm-vp8: eb34c28f22e8b96e1ab97ce403110664 -> 
  custom:audio-decoder-ogg-vorbis: bf7c407c2cedff20999df2af8eb42d56 -> 
  custom:CustomObjectIndexerAttribute: 9a22284fe3817be447336de3de66b15e -> 
  custom:container-demuxer-webm: 4f35f7cbe854078d1ac9338744f61a02 -> 
  custom:audio-encoder-webm-vorbis: bf7c407c2cedff20999df2af8eb42d56 -> 
  custom:container-muxer-webm: aa71ff27fc2769a1b78a27578f13a17b -> 
========================================================================
Received Import Request.
  Time since last request: 18037.323209 seconds.
  path: Assets/Levels/Map03/Materials/section03_guanka09_dimian01_4.mat
  artifactKey: Guid(928a5c7102030d149a38388f79e8c112) Importer(2089858483,0ecaa5967403d082aa24f35e1b516d23)
Start importing Assets/Levels/Map03/Materials/section03_guanka09_dimian01_4.mat using Guid(928a5c7102030d149a38388f79e8c112) Importer(2089858483,0ecaa5967403d082aa24f35e1b516d23) [PhysX] Initialized MultithreadedTaskDispatcher with 32 workers.
 -> (artifact id: '66a21f3c9f473d04b213bcd589095c0a') in 0.074775 seconds
Number of updated asset objects reloaded before import = 0
Number of asset objects unloaded after import = 2
========================================================================
Received Import Request.
  Time since last request: 0.000026 seconds.
  path: Assets/Models/NPCs/µś¤ń®╣ķōüķüōŌĆöķĢ£µĄü/Õ░ÅÕēæ 1.pmx
  artifactKey: Guid(889199a426f46794a97a86d6518a65a8) Importer(2089858483,0ecaa5967403d082aa24f35e1b516d23)
Start importing Assets/Models/NPCs/µś¤ń®╣ķōüķüōŌĆöķĢ£µĄü/Õ░ÅÕēæ 1.pmx using Guid(889199a426f46794a97a86d6518a65a8) Importer(2089858483,0ecaa5967403d082aa24f35e1b516d23) [PhysX] Initialized MultithreadedTaskDispatcher with 32 workers.
 -> (artifact id: 'caeb26bdc56ba2ff469fc4714c0a7413') in 0.004510 seconds
Number of updated asset objects reloaded before import = 0
Number of asset objects unloaded after import = 1
========================================================================
Received Import Request.
  Time since last request: 0.000087 seconds.
  path: Assets/Models/Characters/Archer/Archer.controller
  artifactKey: Guid(d480eb8963a02ee408a401519d362fd8) Importer(2089858483,0ecaa5967403d082aa24f35e1b516d23)
Start importing Assets/Models/Characters/Archer/Archer.controller using Guid(d480eb8963a02ee408a401519d362fd8) Importer(2089858483,0ecaa5967403d082aa24f35e1b516d23) [PhysX] Initialized MultithreadedTaskDispatcher with 32 workers.
 -> (artifact id: '4e5e4b656b3beb636cdcf03df72fbb4b') in 0.018178 seconds
Number of updated asset objects reloaded before import = 0
Number of asset objects unloaded after import = 52
========================================================================
Received Import Request.
  Time since last request: 0.000018 seconds.
  path: Assets/Levels/Map03/Prefabs/moon.prefab
  artifactKey: Guid(7d32afeecb3f6eb48b509e2a9794a5f9) Importer(2089858483,0ecaa5967403d082aa24f35e1b516d23)
Start importing Assets/Levels/Map03/Prefabs/moon.prefab using Guid(7d32afeecb3f6eb48b509e2a9794a5f9) Importer(2089858483,0ecaa5967403d082aa24f35e1b516d23) [PhysX] Initialized MultithreadedTaskDispatcher with 32 workers.
 -> (artifact id: '7849b34881fbbd0e9c62f0df4a511bc2') in 0.014744 seconds
Number of updated asset objects reloaded before import = 0
Number of asset objects unloaded after import = 39
========================================================================
Received Import Request.
  Time since last request: 0.000016 seconds.
  path: Assets/Levels/Map03/Textures/common_city_tianshi.tga
  artifactKey: Guid(517f407414a434c48b2eb3dbdb230a60) Importer(2089858483,0ecaa5967403d082aa24f35e1b516d23)
Start importing Assets/Levels/Map03/Textures/common_city_tianshi.tga using Guid(517f407414a434c48b2eb3dbdb230a60) Importer(2089858483,0ecaa5967403d082aa24f35e1b516d23) [PhysX] Initialized MultithreadedTaskDispatcher with 32 workers.
 -> (artifact id: '56ed5f25f5555cc1d829b5761bb3d09b') in 0.039847 seconds
Number of updated asset objects reloaded before import = 0
Number of asset objects unloaded after import = 1
========================================================================
Received Import Request.
  Time since last request: 0.000022 seconds.
  path: Assets/Levels/Map03/Textures/section03_guanka09_dimian01_4.tga
  artifactKey: Guid(cef0325f44995b3478726a7ff57852bc) Importer(2089858483,0ecaa5967403d082aa24f35e1b516d23)
Start importing Assets/Levels/Map03/Textures/section03_guanka09_dimian01_4.tga using Guid(cef0325f44995b3478726a7ff57852bc) Importer(2089858483,0ecaa5967403d082aa24f35e1b516d23) [PhysX] Initialized MultithreadedTaskDispatcher with 32 workers.
 -> (artifact id: 'f80b3e7f2130325860843f6998e723f3') in 0.018268 seconds
Number of updated asset objects reloaded before import = 0
Number of asset objects unloaded after import = 1
========================================================================
Received Import Request.
  Time since last request: 0.000020 seconds.
  path: Assets/Resources/Sound/UI/ui_win_close.mp3
  artifactKey: Guid(57079e38514688246b4954b11ccf18cf) Importer(2089858483,0ecaa5967403d082aa24f35e1b516d23)
Start importing Assets/Resources/Sound/UI/ui_win_close.mp3 using Guid(57079e38514688246b4954b11ccf18cf) Importer(2089858483,0ecaa5967403d082aa24f35e1b516d23) [PhysX] Initialized MultithreadedTaskDispatcher with 32 workers.
 -> (artifact id: 'fe5530e73032b4e6ac768a5af8647d41') in 0.049128 seconds
Number of updated asset objects reloaded before import = 0
Number of asset objects unloaded after import = 1
========================================================================
Received Import Request.
  Time since last request: 0.000223 seconds.
  path: Assets/Models/Monsters/R001/R001.FBX
  artifactKey: Guid(992049a9c12ba79499f0cf7013a42449) Importer(2089858483,0ecaa5967403d082aa24f35e1b516d23)
Start importing Assets/Models/Monsters/R001/R001.FBX using Guid(992049a9c12ba79499f0cf7013a42449) Importer(2089858483,0ecaa5967403d082aa24f35e1b516d23) [PhysX] Initialized MultithreadedTaskDispatcher with 32 workers.
 -> (artifact id: '7c9c1a82c5fbcc2aa20b92d22196754d') in 0.056815 seconds
Number of updated asset objects reloaded before import = 0
Number of asset objects unloaded after import = 91
========================================================================
Received Import Request.
  Time since last request: 0.000019 seconds.
  path: Assets/Levels/Map03/Models/section03_guanka10_5_po.FBX
  artifactKey: Guid(a9b56e71d8546bc4891e336ce47e8ebe) Importer(2089858483,0ecaa5967403d082aa24f35e1b516d23)
Start importing Assets/Levels/Map03/Models/section03_guanka10_5_po.FBX using Guid(a9b56e71d8546bc4891e336ce47e8ebe) Importer(2089858483,0ecaa5967403d082aa24f35e1b516d23) [PhysX] Initialized MultithreadedTaskDispatcher with 32 workers.
 -> (artifact id: 'fc30a30fcb9d5f78eb648f2df9387ef4') in 0.028943 seconds
Number of updated asset objects reloaded before import = 0
Number of asset objects unloaded after import = 9
========================================================================
Received Import Request.
  Time since last request: 0.000036 seconds.
  path: Assets/Levels/Map03/Prefabs/common_city_dazhutai.prefab
  artifactKey: Guid(e86635820326660418cdc6800d315439) Importer(2089858483,0ecaa5967403d082aa24f35e1b516d23)
Start importing Assets/Levels/Map03/Prefabs/common_city_dazhutai.prefab using Guid(e86635820326660418cdc6800d315439) Importer(2089858483,0ecaa5967403d082aa24f35e1b516d23) [PhysX] Initialized MultithreadedTaskDispatcher with 32 workers.
 -> (artifact id: '85762209d1c5a20e78ed81fb762c5faf') in 0.008688 seconds
Number of updated asset objects reloaded before import = 0
Number of asset objects unloaded after import = 7
========================================================================
Received Import Request.
  Time since last request: 0.000018 seconds.
  path: Assets/Levels/Map03/Materials/effect_Fire_1.mat
  artifactKey: Guid(3aec725a0619ebf42b804a287ebbe7b3) Importer(2089858483,0ecaa5967403d082aa24f35e1b516d23)
Start importing Assets/Levels/Map03/Materials/effect_Fire_1.mat using Guid(3aec725a0619ebf42b804a287ebbe7b3) Importer(2089858483,0ecaa5967403d082aa24f35e1b516d23) [PhysX] Initialized MultithreadedTaskDispatcher with 32 workers.
 -> (artifact id: 'd56bd6f73f89e62fe5779abca0407532') in 0.006930 seconds
Number of updated asset objects reloaded before import = 0
Number of asset objects unloaded after import = 2
========================================================================
Received Import Request.
  Time since last request: 0.000023 seconds.
  path: Assets/Models/NPCs/µś¤ń®╣ķōüķüōŌĆöķĢ£µĄü/Õ░ÅÕēæ.fbx
  artifactKey: Guid(ae08e913b146d68408f9e7f08bb07c93) Importer(2089858483,0ecaa5967403d082aa24f35e1b516d23)
Start importing Assets/Models/NPCs/µś¤ń®╣ķōüķüōŌĆöķĢ£µĄü/Õ░ÅÕēæ.fbx using Guid(ae08e913b146d68408f9e7f08bb07c93) Importer(2089858483,0ecaa5967403d082aa24f35e1b516d23) [PhysX] Initialized MultithreadedTaskDispatcher with 32 workers.
 -> (artifact id: 'a917cad282fe7bd3f6f8eac050e13753') in 0.027500 seconds
Number of updated asset objects reloaded before import = 0
Number of asset objects unloaded after import = 16
========================================================================
Received Import Request.
  Time since last request: 0.000018 seconds.
  path: Assets/Models/Characters/Archer/Material #25.mat
  artifactKey: Guid(5944bf50bf156fd48828eaca29f72fc9) Importer(2089858483,0ecaa5967403d082aa24f35e1b516d23)
Start importing Assets/Models/Characters/Archer/Material #25.mat using Guid(5944bf50bf156fd48828eaca29f72fc9) Importer(2089858483,0ecaa5967403d082aa24f35e1b516d23) [PhysX] Initialized MultithreadedTaskDispatcher with 32 workers.
 -> (artifact id: 'd7774dd6174dca4b9f4738dfb49dd630') in 0.006880 seconds
Number of updated asset objects reloaded before import = 0
Number of asset objects unloaded after import = 2
========================================================================
Received Import Request.
  Time since last request: 0.000024 seconds.
  path: Assets/Models/Characters/Wizard/Wizard.FBX
  artifactKey: Guid(0e1a4c822899f94408e78aeb63f616ea) Importer(2089858483,0ecaa5967403d082aa24f35e1b516d23)
Start importing Assets/Models/Characters/Wizard/Wizard.FBX using Guid(0e1a4c822899f94408e78aeb63f616ea) Importer(2089858483,0ecaa5967403d082aa24f35e1b516d23) [PhysX] Initialized MultithreadedTaskDispatcher with 32 workers.
 -> (artifact id: 'ca34483874778229480485d45aafdbf2') in 0.019970 seconds
Number of updated asset objects reloaded before import = 0
Number of asset objects unloaded after import = 172
========================================================================
Received Import Request.
  Time since last request: 0.000018 seconds.
  path: Assets/Models/Objects/TreasureBox/TreasureBox.FBX
  artifactKey: Guid(5fe7679575ff8a044a5da3211528fccb) Importer(2089858483,0ecaa5967403d082aa24f35e1b516d23)
Start importing Assets/Models/Objects/TreasureBox/TreasureBox.FBX using Guid(5fe7679575ff8a044a5da3211528fccb) Importer(2089858483,0ecaa5967403d082aa24f35e1b516d23) [PhysX] Initialized MultithreadedTaskDispatcher with 32 workers.
 -> (artifact id: '0ec822f1cab73f8e18a94b953a661c8b') in 0.027236 seconds
Number of updated asset objects reloaded before import = 0
Number of asset objects unloaded after import = 32
========================================================================
Received Import Request.
  Time since last request: 0.126791 seconds.
  path: Assets/Resources/UI/Items/equip2002.png
  artifactKey: Guid(f3e00a82a92769d479e8a18430ae78fa) Importer(2089858483,0ecaa5967403d082aa24f35e1b516d23)
Start importing Assets/Resources/UI/Items/equip2002.png using Guid(f3e00a82a92769d479e8a18430ae78fa) Importer(2089858483,0ecaa5967403d082aa24f35e1b516d23) [PhysX] Initialized MultithreadedTaskDispatcher with 32 workers.
 -> (artifact id: '2e1fac80a67de2c10bdfb5616841243d') in 0.016170 seconds
Number of updated asset objects reloaded before import = 0
Number of asset objects unloaded after import = 3
========================================================================
Received Import Request.
  Time since last request: 0.000025 seconds.
  path: Assets/Levels/MainCity/Models/other/zhangpeng01.FBX
  artifactKey: Guid(f8c84c45931db6045b77565fe95bf9ed) Importer(2089858483,0ecaa5967403d082aa24f35e1b516d23)
Start importing Assets/Levels/MainCity/Models/other/zhangpeng01.FBX using Guid(f8c84c45931db6045b77565fe95bf9ed) Importer(2089858483,0ecaa5967403d082aa24f35e1b516d23) [PhysX] Initialized MultithreadedTaskDispatcher with 32 workers.
 -> (artifact id: '77d865377bac713a84553e57f62286af') in 0.017494 seconds
Number of updated asset objects reloaded before import = 0
Number of asset objects unloaded after import = 9
========================================================================
Received Import Request.
  Time since last request: 0.000019 seconds.
  path: Assets/Art/UI/UI/Login/f3.png
  artifactKey: Guid(845027c9390ea484d91587cbaed6a7f7) Importer(2089858483,0ecaa5967403d082aa24f35e1b516d23)
Start importing Assets/Art/UI/UI/Login/f3.png using Guid(845027c9390ea484d91587cbaed6a7f7) Importer(2089858483,0ecaa5967403d082aa24f35e1b516d23) [PhysX] Initialized MultithreadedTaskDispatcher with 32 workers.
 -> (artifact id: 'd42615416db7bf6b7ad23f4c8603a4b7') in 0.014577 seconds
Number of updated asset objects reloaded before import = 0
Number of asset objects unloaded after import = 3
========================================================================
Received Import Request.
  Time since last request: 0.000019 seconds.
  path: Assets/Resources/UI/Items/equip2006.png
  artifactKey: Guid(c978b952e0ee576459b4d2786fc1a329) Importer(2089858483,0ecaa5967403d082aa24f35e1b516d23)
Start importing Assets/Resources/UI/Items/equip2006.png using Guid(c978b952e0ee576459b4d2786fc1a329) Importer(2089858483,0ecaa5967403d082aa24f35e1b516d23) [PhysX] Initialized MultithreadedTaskDispatcher with 32 workers.
 -> (artifact id: '58b2e6c03914f82fd66860cd7888be7e') in 0.020829 seconds
Number of updated asset objects reloaded before import = 0
Number of asset objects unloaded after import = 3
========================================================================
Received Import Request.
  Time since last request: 0.000024 seconds.
  path: Assets/Art/UI/UI/Icons/item_icon_scroll.png
  artifactKey: Guid(460fdf63b0d870244b2940de16820afb) Importer(2089858483,0ecaa5967403d082aa24f35e1b516d23)
Start importing Assets/Art/UI/UI/Icons/item_icon_scroll.png using Guid(460fdf63b0d870244b2940de16820afb) Importer(2089858483,0ecaa5967403d082aa24f35e1b516d23) [PhysX] Initialized MultithreadedTaskDispatcher with 32 workers.
 -> (artifact id: 'd480502110f2f404d3884e247df7ca0f') in 0.015366 seconds
Number of updated asset objects reloaded before import = 0
Number of asset objects unloaded after import = 3
========================================================================
Received Import Request.
  Time since last request: 0.000033 seconds.
  path: Assets/Levels/MainCity/Models/texture/stsm_build_001.tga
  artifactKey: Guid(05679ec519fc07f40aabf804bc6bf7f3) Importer(2089858483,0ecaa5967403d082aa24f35e1b516d23)
Start importing Assets/Levels/MainCity/Models/texture/stsm_build_001.tga using Guid(05679ec519fc07f40aabf804bc6bf7f3) Importer(2089858483,0ecaa5967403d082aa24f35e1b516d23) [PhysX] Initialized MultithreadedTaskDispatcher with 32 workers.
 -> (artifact id: '19bc5ad5e3aee8986ca45843e6de8c96') in 0.011134 seconds
Number of updated asset objects reloaded before import = 0
Number of asset objects unloaded after import = 1
========================================================================
Received Import Request.
  Time since last request: 0.000063 seconds.
  path: Assets/Levels/MainCity/Models/terrain/stsm.asset
  artifactKey: Guid(3702b32abff70374aa17ee88fe79d1c1) Importer(2089858483,0ecaa5967403d082aa24f35e1b516d23)
Start importing Assets/Levels/MainCity/Models/terrain/stsm.asset using Guid(3702b32abff70374aa17ee88fe79d1c1) Importer(2089858483,0ecaa5967403d082aa24f35e1b516d23) [PhysX] Initialized MultithreadedTaskDispatcher with 32 workers.
 -> (artifact id: '3f0a64757b30f69fc79aa46d00768102') in 0.010420 seconds
Number of updated asset objects reloaded before import = 0
Number of asset objects unloaded after import = 6
========================================================================
Received Import Request.
  Time since last request: 0.000017 seconds.
  path: Assets/Art/UI/UI/Common/main_icon_adventure.png
  artifactKey: Guid(4edf210f96e029948b402cd6b5e6e127) Importer(2089858483,0ecaa5967403d082aa24f35e1b516d23)
Start importing Assets/Art/UI/UI/Common/main_icon_adventure.png using Guid(4edf210f96e029948b402cd6b5e6e127) Importer(2089858483,0ecaa5967403d082aa24f35e1b516d23) [PhysX] Initialized MultithreadedTaskDispatcher with 32 workers.
 -> (artifact id: 'c2879e864c46bf30a24070d5f1c0a02d') in 0.013545 seconds
Number of updated asset objects reloaded before import = 0
Number of asset objects unloaded after import = 3
========================================================================
Received Import Request.
  Time since last request: 0.000024 seconds.
  path: Assets/Resources/UI/Items/ride8003.png
  artifactKey: Guid(0c65f7d4d1765bb48a121e114c6d1daa) Importer(2089858483,0ecaa5967403d082aa24f35e1b516d23)
Start importing Assets/Resources/UI/Items/ride8003.png using Guid(0c65f7d4d1765bb48a121e114c6d1daa) Importer(2089858483,0ecaa5967403d082aa24f35e1b516d23) [PhysX] Initialized MultithreadedTaskDispatcher with 32 workers.
 -> (artifact id: '5451fad24eb8dd2cd920d3d8ec828165') in 0.017121 seconds
Number of updated asset objects reloaded before import = 0
Number of asset objects unloaded after import = 3
========================================================================
Received Import Request.
  Time since last request: 0.000031 seconds.
  path: Assets/Scripts/UI/UIEquip/UIEquip.cs
  artifactKey: Guid(117421c598c6d454680ad6f30afddac5) Importer(2089858483,0ecaa5967403d082aa24f35e1b516d23)
Start importing Assets/Scripts/UI/UIEquip/UIEquip.cs using Guid(117421c598c6d454680ad6f30afddac5) Importer(2089858483,0ecaa5967403d082aa24f35e1b516d23) [PhysX] Initialized MultithreadedTaskDispatcher with 32 workers.
 -> (artifact id: '8386ab6a85a850f09401a2cf466c910f') in 0.008823 seconds
Number of updated asset objects reloaded before import = 0
Number of asset objects unloaded after import = 1
========================================================================
Received Import Request.
  Time since last request: 0.000145 seconds.
  path: Assets/Art/UI/UI/Common/main_icon_friends.png
  artifactKey: Guid(2029d62b85785f84684859bbaf2b10fa) Importer(2089858483,0ecaa5967403d082aa24f35e1b516d23)
Start importing Assets/Art/UI/UI/Common/main_icon_friends.png using Guid(2029d62b85785f84684859bbaf2b10fa) Importer(2089858483,0ecaa5967403d082aa24f35e1b516d23) [PhysX] Initialized MultithreadedTaskDispatcher with 32 workers.
 -> (artifact id: '5f8dd29e484fe8e4853f0201f9e23c49') in 0.028926 seconds
Number of updated asset objects reloaded before import = 0
Number of asset objects unloaded after import = 3
========================================================================
Received Import Request.
  Time since last request: 0.000018 seconds.
  path: Assets/Resources/UI/Items/jinengsh.png
  artifactKey: Guid(ed1018c68c9f58545bab9648cd8e058f) Importer(2089858483,0ecaa5967403d082aa24f35e1b516d23)
Start importing Assets/Resources/UI/Items/jinengsh.png using Guid(ed1018c68c9f58545bab9648cd8e058f) Importer(2089858483,0ecaa5967403d082aa24f35e1b516d23) [PhysX] Initialized MultithreadedTaskDispatcher with 32 workers.
 -> (artifact id: '39cb6857271fa9e8159374ed2d41807b') in 0.019053 seconds
Number of updated asset objects reloaded before import = 0
Number of asset objects unloaded after import = 3
========================================================================
Received Import Request.
  Time since last request: 0.000030 seconds.
  path: Assets/Art/UI/UI/Icons/item_icon_exp3.png
  artifactKey: Guid(49d5f3b760f9f814591384476178ad1c) Importer(2089858483,0ecaa5967403d082aa24f35e1b516d23)
Start importing Assets/Art/UI/UI/Icons/item_icon_exp3.png using Guid(49d5f3b760f9f814591384476178ad1c) Importer(2089858483,0ecaa5967403d082aa24f35e1b516d23) [PhysX] Initialized MultithreadedTaskDispatcher with 32 workers.
 -> (artifact id: '1a7c1e768bd500e661a50307f7086b4e') in 0.013867 seconds
Number of updated asset objects reloaded before import = 0
Number of asset objects unloaded after import = 3
========================================================================
Received Import Request.
  Time since last request: 0.000019 seconds.
  path: Assets/Scripts/UI/UIChat/UIPopChatMenu.cs
  artifactKey: Guid(b8e157cd65a314f4bad6e607ad315d4f) Importer(2089858483,0ecaa5967403d082aa24f35e1b516d23)
Start importing Assets/Scripts/UI/UIChat/UIPopChatMenu.cs using Guid(b8e157cd65a314f4bad6e607ad315d4f) Importer(2089858483,0ecaa5967403d082aa24f35e1b516d23) [PhysX] Initialized MultithreadedTaskDispatcher with 32 workers.
 -> (artifact id: 'f03d6ab8d4340af052e2311b97165972') in 0.004821 seconds
Number of updated asset objects reloaded before import = 0
Number of asset objects unloaded after import = 1
========================================================================
Received Import Request.
  Time since last request: 0.000018 seconds.
  path: Assets/Resources/UI/Items/equip3002.png
  artifactKey: Guid(58f30548348546b47a1f35b999a2dd3e) Importer(2089858483,0ecaa5967403d082aa24f35e1b516d23)
Start importing Assets/Resources/UI/Items/equip3002.png using Guid(58f30548348546b47a1f35b999a2dd3e) Importer(2089858483,0ecaa5967403d082aa24f35e1b516d23) [PhysX] Initialized MultithreadedTaskDispatcher with 32 workers.
 -> (artifact id: 'c4e0e79a679f4bb821e9e5564ad5aa22') in 0.021604 seconds
Number of updated asset objects reloaded before import = 0
Number of asset objects unloaded after import = 3
========================================================================
Received Import Request.
  Time since last request: 0.000024 seconds.
  path: Assets/Scripts/UI/UIInputBox/InputBox.cs
  artifactKey: Guid(09e4c30123aadb74fa682be6e65c9966) Importer(2089858483,0ecaa5967403d082aa24f35e1b516d23)
Start importing Assets/Scripts/UI/UIInputBox/InputBox.cs using Guid(09e4c30123aadb74fa682be6e65c9966) Importer(2089858483,0ecaa5967403d082aa24f35e1b516d23) [PhysX] Initialized MultithreadedTaskDispatcher with 32 workers.
 -> (artifact id: '2358a21a368b173b7d9d5677218f782e') in 0.006269 seconds
Number of updated asset objects reloaded before import = 0
Number of asset objects unloaded after import = 1
========================================================================
Received Import Request.
  Time since last request: 0.000129 seconds.
  path: Assets/FX/Texture2D/Light/Materials/FX_lizi_00016_1_mat.mat
  artifactKey: Guid(59d321663d5f36540a27f73b14b2c5f8) Importer(2089858483,0ecaa5967403d082aa24f35e1b516d23)
Start importing Assets/FX/Texture2D/Light/Materials/FX_lizi_00016_1_mat.mat using Guid(59d321663d5f36540a27f73b14b2c5f8) Importer(2089858483,0ecaa5967403d082aa24f35e1b516d23) [PhysX] Initialized MultithreadedTaskDispatcher with 32 workers.
 -> (artifact id: '85e03073de6e112f460ba764fbc05e20') in 0.006036 seconds
Number of updated asset objects reloaded before import = 0
Number of asset objects unloaded after import = 2
========================================================================
Received Import Request.
  Time since last request: 0.000023 seconds.
  path: Assets/Levels/MainCity/Models/build/stsm_build_penshuichi_002.FBX
  artifactKey: Guid(440fadd162ec5f9479c590b67d60ba46) Importer(2089858483,0ecaa5967403d082aa24f35e1b516d23)
Start importing Assets/Levels/MainCity/Models/build/stsm_build_penshuichi_002.FBX using Guid(440fadd162ec5f9479c590b67d60ba46) Importer(2089858483,0ecaa5967403d082aa24f35e1b516d23) [PhysX] Initialized MultithreadedTaskDispatcher with 32 workers.
 -> (artifact id: '47c4945a764a0e7c5a2ff75390e56212') in 0.028400 seconds
Number of updated asset objects reloaded before import = 0
Number of asset objects unloaded after import = 9
========================================================================
Received Import Request.
  Time since last request: 0.000022 seconds.
  path: Assets/Resources/UI/Items/equip3004.png
  artifactKey: Guid(9b80bad91bbe2954bb8d7ff44b4faaa7) Importer(2089858483,0ecaa5967403d082aa24f35e1b516d23)
Start importing Assets/Resources/UI/Items/equip3004.png using Guid(9b80bad91bbe2954bb8d7ff44b4faaa7) Importer(2089858483,0ecaa5967403d082aa24f35e1b516d23) [PhysX] Initialized MultithreadedTaskDispatcher with 32 workers.
 -> (artifact id: '472fcc06080853a177739052388989cd') in 0.021662 seconds
Number of updated asset objects reloaded before import = 0
Number of asset objects unloaded after import = 3
========================================================================
Received Import Request.
  Time since last request: 0.000053 seconds.
  path: Assets/Levels/MainCity/Models/texture/terrain_01.png
  artifactKey: Guid(173d9c2e525d39a479313d907900371e) Importer(2089858483,0ecaa5967403d082aa24f35e1b516d23)
Start importing Assets/Levels/MainCity/Models/texture/terrain_01.png using Guid(173d9c2e525d39a479313d907900371e) Importer(2089858483,0ecaa5967403d082aa24f35e1b516d23) [PhysX] Initialized MultithreadedTaskDispatcher with 32 workers.
 -> (artifact id: '6b3919a8c1c3b12d45da271da1b4da9c') in 0.011455 seconds
Number of updated asset objects reloaded before import = 0
Number of asset objects unloaded after import = 1
========================================================================
Received Import Request.
  Time since last request: 0.000025 seconds.
  path: Assets/Art/UI/UI/Common/main_chat_channel_team.png
  artifactKey: Guid(2fd4586f637ab1d4d85d9c98ac86787b) Importer(2089858483,0ecaa5967403d082aa24f35e1b516d23)
Start importing Assets/Art/UI/UI/Common/main_chat_channel_team.png using Guid(2fd4586f637ab1d4d85d9c98ac86787b) Importer(2089858483,0ecaa5967403d082aa24f35e1b516d23) [PhysX] Initialized MultithreadedTaskDispatcher with 32 workers.
 -> (artifact id: '4f756d8758ceab99ffcde4e44f23c130') in 0.014819 seconds
Number of updated asset objects reloaded before import = 0
Number of asset objects unloaded after import = 3
========================================================================
Received Import Request.
  Time since last request: 0.000023 seconds.
  path: Assets/Levels/MainCity/Models/other/stsm_build_luyan_002.FBX
  artifactKey: Guid(f8be6c1c6ad20c944a80df68e6ab61b1) Importer(2089858483,0ecaa5967403d082aa24f35e1b516d23)
Start importing Assets/Levels/MainCity/Models/other/stsm_build_luyan_002.FBX using Guid(f8be6c1c6ad20c944a80df68e6ab61b1) Importer(2089858483,0ecaa5967403d082aa24f35e1b516d23) [PhysX] Initialized MultithreadedTaskDispatcher with 32 workers.
 -> (artifact id: '739a2fbe970f27732fb413f7601bebcb') in 0.028499 seconds
Number of updated asset objects reloaded before import = 0
Number of asset objects unloaded after import = 9
========================================================================
Received Import Request.
  Time since last request: 0.000022 seconds.
  path: Assets/Resources/UI/Items/ride8002.png
  artifactKey: Guid(970cdaec106e64846a5d4457f925b596) Importer(2089858483,0ecaa5967403d082aa24f35e1b516d23)
Start importing Assets/Resources/UI/Items/ride8002.png using Guid(970cdaec106e64846a5d4457f925b596) Importer(2089858483,0ecaa5967403d082aa24f35e1b516d23) [PhysX] Initialized MultithreadedTaskDispatcher with 32 workers.
 -> (artifact id: 'b9eeac9ed048f11058424aabed1523c8') in 0.013262 seconds
Number of updated asset objects reloaded before import = 0
Number of asset objects unloaded after import = 3
========================================================================
Received Import Request.
  Time since last request: 0.000031 seconds.
  path: Assets/Resources/UI/Items/equip2017.png
  artifactKey: Guid(bcf0eee6bb254af4bb9f6ee8d9c0cab5) Importer(2089858483,0ecaa5967403d082aa24f35e1b516d23)
Start importing Assets/Resources/UI/Items/equip2017.png using Guid(bcf0eee6bb254af4bb9f6ee8d9c0cab5) Importer(2089858483,0ecaa5967403d082aa24f35e1b516d23) [PhysX] Initialized MultithreadedTaskDispatcher with 32 workers.
 -> (artifact id: 'fce3e4ba506976d89e7a80d54692d220') in 0.015623 seconds
Number of updated asset objects reloaded before import = 0
Number of asset objects unloaded after import = 3
========================================================================
Received Import Request.
  Time since last request: 0.000019 seconds.
  path: Assets/Art/Models/NPCs/DeliveryNPC/DeliveryNPC.FBX
  artifactKey: Guid(265e05ce611aeed41b6b715bce560c9c) Importer(2089858483,0ecaa5967403d082aa24f35e1b516d23)
Start importing Assets/Art/Models/NPCs/DeliveryNPC/DeliveryNPC.FBX using Guid(265e05ce611aeed41b6b715bce560c9c) Importer(2089858483,0ecaa5967403d082aa24f35e1b516d23) [PhysX] Initialized MultithreadedTaskDispatcher with 32 workers.
 -> (artifact id: '8d8e05fb2eef4a54c9cb13edb2b16311') in 0.023260 seconds
Number of updated asset objects reloaded before import = 0
Number of asset objects unloaded after import = 98
========================================================================
Received Import Request.
  Time since last request: 0.000025 seconds.
  path: Assets/Art/UI/UI/Login/g.png
  artifactKey: Guid(1112699665d44a24b84d5340aaffd56b) Importer(2089858483,0ecaa5967403d082aa24f35e1b516d23)
Start importing Assets/Art/UI/UI/Login/g.png using Guid(1112699665d44a24b84d5340aaffd56b) Importer(2089858483,0ecaa5967403d082aa24f35e1b516d23) [PhysX] Initialized MultithreadedTaskDispatcher with 32 workers.
 -> (artifact id: '56c68a1adb1662bf079c464f9499f2c9') in 0.016870 seconds
Number of updated asset objects reloaded before import = 0
Number of asset objects unloaded after import = 3
========================================================================
Received Import Request.
  Time since last request: 0.000107 seconds.
  path: Assets/Resources/UI/Minimap/buluzheng.png
  artifactKey: Guid(8428c4bedd8b9924d8c72646da42e901) Importer(2089858483,0ecaa5967403d082aa24f35e1b516d23)
Start importing Assets/Resources/UI/Minimap/buluzheng.png using Guid(8428c4bedd8b9924d8c72646da42e901) Importer(2089858483,0ecaa5967403d082aa24f35e1b516d23) [PhysX] Initialized MultithreadedTaskDispatcher with 32 workers.
 -> (artifact id: '992f03f9ed98c1e4ef7965898963d62e') in 0.014027 seconds
Number of updated asset objects reloaded before import = 0
Number of asset objects unloaded after import = 3
========================================================================
Received Import Request.
  Time since last request: 0.158547 seconds.
  path: Assets/Levels/MainCity/Prefabs/build/stsm_build_luyan_002.prefab
  artifactKey: Guid(08806fa9fb78d4a4aa8be10736dd23bc) Importer(2089858483,0ecaa5967403d082aa24f35e1b516d23)
Start importing Assets/Levels/MainCity/Prefabs/build/stsm_build_luyan_002.prefab using Guid(08806fa9fb78d4a4aa8be10736dd23bc) Importer(2089858483,0ecaa5967403d082aa24f35e1b516d23) [PhysX] Initialized MultithreadedTaskDispatcher with 32 workers.
 -> (artifact id: '524cb68ba56d396a62148a197c39b9c6') in 0.009789 seconds
Number of updated asset objects reloaded before import = 0
Number of asset objects unloaded after import = 7
========================================================================
Received Import Request.
  Time since last request: 0.000014 seconds.
  path: Assets/Models/Monsters/M1003/fbx/M1003_Hurt.FBX
  artifactKey: Guid(2ef3b51520dd30b498e244a934635f22) Importer(2089858483,0ecaa5967403d082aa24f35e1b516d23)
Start importing Assets/Models/Monsters/M1003/fbx/M1003_Hurt.FBX using Guid(2ef3b51520dd30b498e244a934635f22) Importer(2089858483,0ecaa5967403d082aa24f35e1b516d23) [PhysX] Initialized MultithreadedTaskDispatcher with 32 workers.
 -> (artifact id: 'c457f4356b7f5b70707b14d4b1eba6f3') in 0.028352 seconds
Number of updated asset objects reloaded before import = 0
Number of asset objects unloaded after import = 139
========================================================================
Received Import Request.
  Time since last request: 0.000019 seconds.
  path: Assets/Models/Characters/Archer/fbx/Archer_Move_Right.FBX
  artifactKey: Guid(1bacf721b0d98f1428722176f954720f) Importer(2089858483,0ecaa5967403d082aa24f35e1b516d23)
Start importing Assets/Models/Characters/Archer/fbx/Archer_Move_Right.FBX using Guid(1bacf721b0d98f1428722176f954720f) Importer(2089858483,0ecaa5967403d082aa24f35e1b516d23) [PhysX] Initialized MultithreadedTaskDispatcher with 32 workers.
 -> (artifact id: 'ef998a9c541cc8320cc6f73ad21b4a17') in 0.028791 seconds
Number of updated asset objects reloaded before import = 0
Number of asset objects unloaded after import = 159
========================================================================
Received Import Request.
  Time since last request: 0.000026 seconds.
  path: Assets/Models/Characters/Archer/fbx/Archer_SkillB.FBX
  artifactKey: Guid(ae680d2b28f2a3546acd7feb44f5da6b) Importer(2089858483,0ecaa5967403d082aa24f35e1b516d23)
Start importing Assets/Models/Characters/Archer/fbx/Archer_SkillB.FBX using Guid(ae680d2b28f2a3546acd7feb44f5da6b) Importer(2089858483,0ecaa5967403d082aa24f35e1b516d23) [PhysX] Initialized MultithreadedTaskDispatcher with 32 workers.
 -> (artifact id: '2276b2c1cb1edaf3b4f809d8e5b312bd') in 0.016878 seconds
Number of updated asset objects reloaded before import = 0
Number of asset objects unloaded after import = 125
========================================================================
Received Import Request.
  Time since last request: 0.000017 seconds.
  path: Assets/Models/Monsters/M1005/fbx/M1005_Move_Forward.FBX
  artifactKey: Guid(168568bd928fd3440a92c7d4f40778fc) Importer(2089858483,0ecaa5967403d082aa24f35e1b516d23)
Start importing Assets/Models/Monsters/M1005/fbx/M1005_Move_Forward.FBX using Guid(168568bd928fd3440a92c7d4f40778fc) Importer(2089858483,0ecaa5967403d082aa24f35e1b516d23) [PhysX] Initialized MultithreadedTaskDispatcher with 32 workers.
 -> (artifact id: '226cc8163a9ae73622cf4d8fb83f10cd') in 0.030658 seconds
Number of updated asset objects reloaded before import = 0
Number of asset objects unloaded after import = 138
========================================================================
Received Import Request.
  Time since last request: 0.000016 seconds.
  path: Assets/Levels/MainCity/Prefabs/other/stsm_other_gaoshilan_001.prefab
  artifactKey: Guid(03b92761280b5594b850722c5a991a1c) Importer(2089858483,0ecaa5967403d082aa24f35e1b516d23)
Start importing Assets/Levels/MainCity/Prefabs/other/stsm_other_gaoshilan_001.prefab using Guid(03b92761280b5594b850722c5a991a1c) Importer(2089858483,0ecaa5967403d082aa24f35e1b516d23) [PhysX] Initialized MultithreadedTaskDispatcher with 32 workers.
 -> (artifact id: 'ae19174ec0687238b99f94d61c1ca65b') in 0.005733 seconds
Number of updated asset objects reloaded before import = 0
Number of asset objects unloaded after import = 14
========================================================================
Received Import Request.
  Time since last request: 0.000014 seconds.
  path: Assets/Models/NPCs/Treasure_redmob/fbx/treasure_redmob_AtkA.FBX
  artifactKey: Guid(f4008b2f5c25f7943908d90db70de17d) Importer(2089858483,0ecaa5967403d082aa24f35e1b516d23)
Start importing Assets/Models/NPCs/Treasure_redmob/fbx/treasure_redmob_AtkA.FBX using Guid(f4008b2f5c25f7943908d90db70de17d) Importer(2089858483,0ecaa5967403d082aa24f35e1b516d23) [PhysX] Initialized MultithreadedTaskDispatcher with 32 workers.
 -> (artifact id: '9e32a8fa5d4a5cd7c2030e5e6eb4fad5') in 0.018389 seconds
Number of updated asset objects reloaded before import = 0
Number of asset objects unloaded after import = 129
========================================================================
Received Import Request.
  Time since last request: 0.000017 seconds.
  path: Assets/Models/Characters/Warrior/fbx/Warrior_SkillB.FBX
  artifactKey: Guid(3ee17f87faef00b428559062fbeae86c) Importer(2089858483,0ecaa5967403d082aa24f35e1b516d23)
Start importing Assets/Models/Characters/Warrior/fbx/Warrior_SkillB.FBX using Guid(3ee17f87faef00b428559062fbeae86c) Importer(2089858483,0ecaa5967403d082aa24f35e1b516d23) [PhysX] Initialized MultithreadedTaskDispatcher with 32 workers.
 -> (artifact id: '21c64f37100c47ce12ab4b8f7786692a') in 0.022874 seconds
Number of updated asset objects reloaded before import = 0
Number of asset objects unloaded after import = 97
========================================================================
Received Import Request.
  Time since last request: 0.000021 seconds.
  path: Assets/Models/Monsters/M1003/fbx/M1003_Move_Forward.FBX
  artifactKey: Guid(83e528b5cc4f4de4c855bd0442a5d820) Importer(2089858483,0ecaa5967403d082aa24f35e1b516d23)
Start importing Assets/Models/Monsters/M1003/fbx/M1003_Move_Forward.FBX using Guid(83e528b5cc4f4de4c855bd0442a5d820) Importer(2089858483,0ecaa5967403d082aa24f35e1b516d23) [PhysX] Initialized MultithreadedTaskDispatcher with 32 workers.
 -> (artifact id: 'e18d4d3adc8b73cb243ed5115184bc45') in 0.030160 seconds
Number of updated asset objects reloaded before import = 0
Number of asset objects unloaded after import = 139
========================================================================
Received Import Request.
  Time since last request: 0.000017 seconds.
  path: Assets/Models/NPCs/Treasure_kingskull/fbx/treasure_kingskull_SkillA.FBX
  artifactKey: Guid(c4e7f8c7970c26a46bab263a9543b7fb) Importer(2089858483,0ecaa5967403d082aa24f35e1b516d23)
Start importing Assets/Models/NPCs/Treasure_kingskull/fbx/treasure_kingskull_SkillA.FBX using Guid(c4e7f8c7970c26a46bab263a9543b7fb) Importer(2089858483,0ecaa5967403d082aa24f35e1b516d23) [PhysX] Initialized MultithreadedTaskDispatcher with 32 workers.
 -> (artifact id: '1094ef147e39bd70463a55030bcad9b1') in 0.019288 seconds
Number of updated asset objects reloaded before import = 0
Number of asset objects unloaded after import = 133
========================================================================
Received Import Request.
  Time since last request: 0.000018 seconds.
  path: Assets/ThirdParty/Candlelight/Library/GUI/KeywordsTextDocument.cs
  artifactKey: Guid(8cd518d42d74846d5b10d32deba15e69) Importer(2089858483,0ecaa5967403d082aa24f35e1b516d23)
Start importing Assets/ThirdParty/Candlelight/Library/GUI/KeywordsTextDocument.cs using Guid(8cd518d42d74846d5b10d32deba15e69) Importer(2089858483,0ecaa5967403d082aa24f35e1b516d23) [PhysX] Initialized MultithreadedTaskDispatcher with 32 workers.
 -> (artifact id: 'ed20a53bb8b4b6389ddaa90bfbcf7158') in 0.005703 seconds
Number of updated asset objects reloaded before import = 0
Number of asset objects unloaded after import = 1
========================================================================
Received Import Request.
  Time since last request: 0.000019 seconds.
  path: Assets/ThirdParty/Candlelight/Library/GUI/HyperTextQuad.cs
  artifactKey: Guid(772cb281b0f654e24a2f685f0876a037) Importer(2089858483,0ecaa5967403d082aa24f35e1b516d23)
Start importing Assets/ThirdParty/Candlelight/Library/GUI/HyperTextQuad.cs using Guid(772cb281b0f654e24a2f685f0876a037) Importer(2089858483,0ecaa5967403d082aa24f35e1b516d23) [PhysX] Initialized MultithreadedTaskDispatcher with 32 workers.
 -> (artifact id: 'aba030a4f0006064bdabd4b368a41d79') in 0.005858 seconds
Number of updated asset objects reloaded before import = 0
Number of asset objects unloaded after import = 1
========================================================================
Received Import Request.
  Time since last request: 0.000023 seconds.
  path: Assets/Levels/MainCity/Prefabs/other/stsm_other_muxiang_001.prefab
  artifactKey: Guid(b271c24a48ae7a74a95dc221d0531459) Importer(2089858483,0ecaa5967403d082aa24f35e1b516d23)
Start importing Assets/Levels/MainCity/Prefabs/other/stsm_other_muxiang_001.prefab using Guid(b271c24a48ae7a74a95dc221d0531459) Importer(2089858483,0ecaa5967403d082aa24f35e1b516d23) [PhysX] Initialized MultithreadedTaskDispatcher with 32 workers.
 -> (artifact id: 'c66b398ff5ec0f4fc895bb2242d62bbf') in 0.008918 seconds
Number of updated asset objects reloaded before import = 0
Number of asset objects unloaded after import = 7
========================================================================
Received Import Request.
  Time since last request: 0.000038 seconds.
  path: Assets/Models/Characters/Wizard/fbx/Wizard_Move_Right.FBX
  artifactKey: Guid(27aec987c06983d49aa7db5804473fd5) Importer(2089858483,0ecaa5967403d082aa24f35e1b516d23)
Start importing Assets/Models/Characters/Wizard/fbx/Wizard_Move_Right.FBX using Guid(27aec987c06983d49aa7db5804473fd5) Importer(2089858483,0ecaa5967403d082aa24f35e1b516d23) [PhysX] Initialized MultithreadedTaskDispatcher with 32 workers.
 -> (artifact id: '9e8cb1aedeaae16112018dab640d4c91') in 0.020896 seconds
Number of updated asset objects reloaded before import = 0
Number of asset objects unloaded after import = 173
========================================================================
Received Import Request.
  Time since last request: 0.000022 seconds.
  path: Assets/Levels/Map03/Map02/Prefabs/shadow.prefab
  artifactKey: Guid(1fc92f9514fd79045992e61ba28112a3) Importer(2089858483,0ecaa5967403d082aa24f35e1b516d23)
Start importing Assets/Levels/Map03/Map02/Prefabs/shadow.prefab using Guid(1fc92f9514fd79045992e61ba28112a3) Importer(2089858483,0ecaa5967403d082aa24f35e1b516d23) [PhysX] Initialized MultithreadedTaskDispatcher with 32 workers.
 -> (artifact id: '4f06152122b613ee1221a73194fff76a') in 0.005444 seconds
Number of updated asset objects reloaded before import = 0
Number of asset objects unloaded after import = 113
========================================================================
Received Import Request.
  Time since last request: 0.000016 seconds.
  path: Assets/Models/Characters/Warrior/fbx/Warrior_AtkA.FBX
  artifactKey: Guid(90d8b01553960ce4d979ffe7bd91c5fa) Importer(2089858483,0ecaa5967403d082aa24f35e1b516d23)
Start importing Assets/Models/Characters/Warrior/fbx/Warrior_AtkA.FBX using Guid(90d8b01553960ce4d979ffe7bd91c5fa) Importer(2089858483,0ecaa5967403d082aa24f35e1b516d23) [PhysX] Initialized MultithreadedTaskDispatcher with 32 workers.
 -> (artifact id: '8104b048e9a24bd44a38f3a420e90a4f') in 0.021282 seconds
Number of updated asset objects reloaded before import = 0
Number of asset objects unloaded after import = 97
========================================================================
Received Import Request.
  Time since last request: 0.000021 seconds.
  path: Assets/Levels/MainCity/Prefabs/build/stsm_build_penshuichi_002.prefab
  artifactKey: Guid(37192fb0fd760a2449f767588e45124c) Importer(2089858483,0ecaa5967403d082aa24f35e1b516d23)
Start importing Assets/Levels/MainCity/Prefabs/build/stsm_build_penshuichi_002.prefab using Guid(37192fb0fd760a2449f767588e45124c) Importer(2089858483,0ecaa5967403d082aa24f35e1b516d23) [PhysX] Initialized MultithreadedTaskDispatcher with 32 workers.
 -> (artifact id: '775176583213beb941881b2623913a36') in 0.011168 seconds
Number of updated asset objects reloaded before import = 0
Number of asset objects unloaded after import = 9
========================================================================
Received Import Request.
  Time since last request: 0.000030 seconds.
  path: Assets/Levels/MainCity/Prefabs/build/stsm_build_zhalan_001.prefab
  artifactKey: Guid(fd97c40632ae76b41bf952099a20fbf7) Importer(2089858483,0ecaa5967403d082aa24f35e1b516d23)
Start importing Assets/Levels/MainCity/Prefabs/build/stsm_build_zhalan_001.prefab using Guid(fd97c40632ae76b41bf952099a20fbf7) Importer(2089858483,0ecaa5967403d082aa24f35e1b516d23) [PhysX] Initialized MultithreadedTaskDispatcher with 32 workers.
 -> (artifact id: '2c8fe4142a068d9bdd4b427aa1540ea8') in 0.009765 seconds
Number of updated asset objects reloaded before import = 0
Number of asset objects unloaded after import = 7
========================================================================
Received Import Request.
  Time since last request: 0.000016 seconds.
  path: Assets/ThirdParty/Candlelight/Library/Utilities/BackingFieldCompatibleObject.cs
  artifactKey: Guid(eaaccc7a75e544db09ce1c43ee69cc21) Importer(2089858483,0ecaa5967403d082aa24f35e1b516d23)
Start importing Assets/ThirdParty/Candlelight/Library/Utilities/BackingFieldCompatibleObject.cs using Guid(eaaccc7a75e544db09ce1c43ee69cc21) Importer(2089858483,0ecaa5967403d082aa24f35e1b516d23) [PhysX] Initialized MultithreadedTaskDispatcher with 32 workers.
 -> (artifact id: 'e1d40faa13121d92f12dc9c3def3e920') in 0.009182 seconds
Number of updated asset objects reloaded before import = 0
Number of asset objects unloaded after import = 1
========================================================================
Received Import Request.
  Time since last request: 0.000088 seconds.
  path: Assets/ThirdParty/Candlelight/Library/Interfaces/IValidatable.cs
  artifactKey: Guid(e2cc08543f2a34c84bb63138d37adc52) Importer(2089858483,0ecaa5967403d082aa24f35e1b516d23)
Start importing Assets/ThirdParty/Candlelight/Library/Interfaces/IValidatable.cs using Guid(e2cc08543f2a34c84bb63138d37adc52) Importer(2089858483,0ecaa5967403d082aa24f35e1b516d23) [PhysX] Initialized MultithreadedTaskDispatcher with 32 workers.
 -> (artifact id: '800eaeef7274a14ee042b081b6c265b5') in 0.005262 seconds
Number of updated asset objects reloaded before import = 0
Number of asset objects unloaded after import = 1
========================================================================
Received Import Request.
  Time since last request: 0.000018 seconds.
  path: Assets/Models/Characters/Wizard/fbx/Wizard_Jump.FBX
  artifactKey: Guid(ad493dbfb4017264f90858e603f3ebad) Importer(2089858483,0ecaa5967403d082aa24f35e1b516d23)
Start importing Assets/Models/Characters/Wizard/fbx/Wizard_Jump.FBX using Guid(ad493dbfb4017264f90858e603f3ebad) Importer(2089858483,0ecaa5967403d082aa24f35e1b516d23) [PhysX] Initialized MultithreadedTaskDispatcher with 32 workers.
 -> (artifact id: '910f44eea52b843de6b61cfb47f7cf94') in 0.022165 seconds
Number of updated asset objects reloaded before import = 0
Number of asset objects unloaded after import = 165
========================================================================
Received Import Request.
  Time since last request: 0.000018 seconds.
  path: Assets/Models/Characters/Archer/tga/Archer.tga
  artifactKey: Guid(1086a37660831a2439be6f6449d2e717) Importer(2089858483,0ecaa5967403d082aa24f35e1b516d23)
Start importing Assets/Models/Characters/Archer/tga/Archer.tga using Guid(1086a37660831a2439be6f6449d2e717) Importer(2089858483,0ecaa5967403d082aa24f35e1b516d23) [PhysX] Initialized MultithreadedTaskDispatcher with 32 workers.
 -> (artifact id: '9b912a14cc7fe64893f1a0031e555ef3') in 0.011105 seconds
Number of updated asset objects reloaded before import = 0
Number of asset objects unloaded after import = 1
========================================================================
Received Import Request.
  Time since last request: 0.000021 seconds.
  path: Assets/Models/Monsters/M1005/fbx/M1005_AtkA.FBX
  artifactKey: Guid(a30ae76c7aea87e4e925ef1a4112be85) Importer(2089858483,0ecaa5967403d082aa24f35e1b516d23)
Start importing Assets/Models/Monsters/M1005/fbx/M1005_AtkA.FBX using Guid(a30ae76c7aea87e4e925ef1a4112be85) Importer(2089858483,0ecaa5967403d082aa24f35e1b516d23) [PhysX] Initialized MultithreadedTaskDispatcher with 32 workers.
 -> (artifact id: '953fa38aa5e0fcb70d7183590df5186f') in 0.022093 seconds
Number of updated asset objects reloaded before import = 0
Number of asset objects unloaded after import = 138
========================================================================
Received Import Request.
  Time since last request: 0.000016 seconds.
  path: Assets/Models/Characters/Wizard/fbx/Wizard_Relax.FBX
  artifactKey: Guid(1ed76db66fbd1c146b46312cc7045917) Importer(2089858483,0ecaa5967403d082aa24f35e1b516d23)
Start importing Assets/Models/Characters/Wizard/fbx/Wizard_Relax.FBX using Guid(1ed76db66fbd1c146b46312cc7045917) Importer(2089858483,0ecaa5967403d082aa24f35e1b516d23) [PhysX] Initialized MultithreadedTaskDispatcher with 32 workers.
 -> (artifact id: 'fd22e3c3cf29ba36c26a4db8fcbee51d') in 0.024546 seconds
Number of updated asset objects reloaded before import = 0
Number of asset objects unloaded after import = 165
========================================================================
Received Import Request.
  Time since last request: 0.000017 seconds.
  path: Assets/ThirdParty/Candlelight/Library/Property Attributes/PropertyBackingFieldAttribute.cs
  artifactKey: Guid(1fa1f6d76ec8e4092b579066645711c8) Importer(2089858483,0ecaa5967403d082aa24f35e1b516d23)
Start importing Assets/ThirdParty/Candlelight/Library/Property Attributes/PropertyBackingFieldAttribute.cs using Guid(1fa1f6d76ec8e4092b579066645711c8) Importer(2089858483,0ecaa5967403d082aa24f35e1b516d23) [PhysX] Initialized MultithreadedTaskDispatcher with 32 workers.
 -> (artifact id: '1ba6d9a9042cdfc9a9707aeebfdbb801') in 0.006271 seconds
Number of updated asset objects reloaded before import = 0
Number of asset objects unloaded after import = 1
========================================================================
Received Import Request.
  Time since last request: 0.000065 seconds.
  path: Assets/Models/NPCs/µś¤ń®╣ķōüķüōŌĆöķĢ£µĄü/Perfab/ķĢ£µĄü.controller
  artifactKey: Guid(cffec401398faa1428eb9290caf56319) Importer(2089858483,0ecaa5967403d082aa24f35e1b516d23)
Start importing Assets/Models/NPCs/µś¤ń®╣ķōüķüōŌĆöķĢ£µĄü/Perfab/ķĢ£µĄü.controller using Guid(cffec401398faa1428eb9290caf56319) Importer(2089858483,0ecaa5967403d082aa24f35e1b516d23) [PhysX] Initialized MultithreadedTaskDispatcher with 32 workers.
 -> (artifact id: '44aee7aac47d9b19326107f038a04796') in 0.006663 seconds
Number of updated asset objects reloaded before import = 0
Number of asset objects unloaded after import = 12
========================================================================
Received Import Request.
  Time since last request: 0.000017 seconds.
  path: Assets/Models/Monsters/M1004/Fbx/M1004_AtkB.FBX
  artifactKey: Guid(d0e9f2aec4dc4af45a643e75bdc0d903) Importer(2089858483,0ecaa5967403d082aa24f35e1b516d23)
Start importing Assets/Models/Monsters/M1004/Fbx/M1004_AtkB.FBX using Guid(d0e9f2aec4dc4af45a643e75bdc0d903) Importer(2089858483,0ecaa5967403d082aa24f35e1b516d23) [PhysX] Initialized MultithreadedTaskDispatcher with 32 workers.
 -> (artifact id: 'f37362e3f68b75c7ec466fb574a5d254') in 0.026937 seconds
Number of updated asset objects reloaded before import = 0
Number of asset objects unloaded after import = 122
========================================================================
Received Import Request.
  Time since last request: 0.000017 seconds.
  path: Assets/ThirdParty/Candlelight/Library/GUI/HyperTextStyles.cs
  artifactKey: Guid(5ac2b6ab4dd444dbbab600921238ffba) Importer(2089858483,0ecaa5967403d082aa24f35e1b516d23)
Start importing Assets/ThirdParty/Candlelight/Library/GUI/HyperTextStyles.cs using Guid(5ac2b6ab4dd444dbbab600921238ffba) Importer(2089858483,0ecaa5967403d082aa24f35e1b516d23) [PhysX] Initialized MultithreadedTaskDispatcher with 32 workers.
 -> (artifact id: 'd2138946b4d9da358e289524b027b60a') in 0.006395 seconds
Number of updated asset objects reloaded before import = 0
Number of asset objects unloaded after import = 1
========================================================================
Received Prepare
Caller must complete domain reload
Begin MonoManager ReloadAssembly
Duplicate assembly 'log4net.dll' with different versions detected, using 'Assets/References/log4net.dll, AssemblyName=log4net, Version=2.0.8.0, Culture=neutral, PublicKeyToken=null' and ignoring 'Packages/com.unity.collab-proxy/Lib/Editor/PlasticSCM/log4netPlastic.dll, AssemblyName=log4net, Version=1.2.15.0, Culture=neutral, PublicKeyToken=669e0ddf0bb1aa2a'.Duplicate assembly 'Newtonsoft.Json.dll' with different versions detected, using 'Packages/com.unity.nuget.newtonsoft-json/Runtime/Newtonsoft.Json.dll, AssemblyName=Newtonsoft.Json, Version=13.0.0.0, Culture=neutral, PublicKeyToken=30ad4fe6b2a6aeed' and ignoring 'Assets/JsonDotNet/Assemblies/Standalone/Newtonsoft.Json.dll, AssemblyName=Newtonsoft.Json, Version=8.0.0.0, Culture=neutral, PublicKeyToken=null'.Symbol file LoadedFromMemory is not a mono symbol file
Symbol file LoadedFromMemory is not a mono symbol file
Symbol file LoadedFromMemory is not a mono symbol file
- Loaded All Assemblies, in  0.914 seconds
Native extension for WindowsStandalone target not found
Native extension for Android target not found
[Package Manager] Server::EnsureServerProcessIsRunning -- launch failed, reason: Unity was launched with the -noUpm command-line argument
[Package Manager] UpmClient::Send -- Unable to send message (not connected to UPM process).
[Package Manager] Cannot connect to Unity Package Manager local server
Mono: successfully reloaded assembly
- Finished resetting the current domain, in  1.688 seconds
Domain Reload Profiling: 2590ms
	BeginReloadAssembly (541ms)
		ExecutionOrderSort (0ms)
		DisableScriptedObjects (4ms)
		BackupInstance (0ms)
		ReleaseScriptingObjects (0ms)
		CreateAndSetChildDomain (59ms)
	RebuildCommonClasses (33ms)
	RebuildNativeTypeToScriptingClass (9ms)
	initialDomainReloadingComplete (43ms)
	LoadAllAssembliesAndSetupDomain (277ms)
		LoadAssemblies (348ms)
		RebuildTransferFunctionScriptingTraits (0ms)
		AnalyzeDomain (10ms)
			TypeCache.Refresh (5ms)
				TypeCache.ScanAssembly (0ms)
			ScanForSourceGeneratedMonoScriptInfo (0ms)
			ResolveRequiredComponents (3ms)
	FinalizeReload (1688ms)
		ReleaseScriptCaches (0ms)
		RebuildScriptCaches (0ms)
		SetupLoadedEditorAssemblies (1243ms)
			LogAssemblyErrors (0ms)
			InitializePlatformSupportModulesInManaged (17ms)
			SetLoadedEditorAssemblies (3ms)
			RefreshPlugins (0ms)
			BeforeProcessingInitializeOnLoad (62ms)
			ProcessInitializeOnLoadAttributes (1055ms)
			ProcessInitializeOnLoadMethodAttributes (97ms)
			AfterProcessingInitializeOnLoad (9ms)
			EditorAssembliesLoaded (0ms)
		ExecutionOrderSort2 (0ms)
		AwakeInstancesAfterBackupRestoration (5ms)
Refreshing native plugins compatible for Editor in 18.02 ms, found 2 plugins.
Preloading 0 native plugins for Editor in 0.00 ms.
Unloading 2632 Unused Serialized files (Serialized files now loaded: 0)
Unloading 16 unused Assets / (28.7 KB). Loaded Objects now: 3147.
Memory consumption went from 122.2 MB to 122.2 MB.
Total: 8.955200 ms (FindLiveObjects: 0.159100 ms CreateObjectMapping: 0.041400 ms MarkObjects: 8.715700 ms  DeleteObjects: 0.037500 ms)

Prepare: number of updated asset objects reloaded= 0
AssetImportParameters requested are different than current active one (requested -> active):
  custom:video-decoder-webm-vp8: 9c59270c3fd7afecdb556c50c9e8de78 -> 
  custom:SearchIndexIgnoredProperties: e643bd26f0fe6173181afceb89e7c659 -> 
  custom:container-demuxer-ogg: 62fdf1f143b41e24485cea50d1cbac27 -> 
  custom:AudioImporter_EditorPlatform: d09bf68614088b80899f8185d706f6e7 -> 
  custom:video-codec-MediaFoundation-h265: 746d11721c4dcdbdad8f713fa42b33f4 -> 
  custom:video-decoder-ogg-theora: a1e56fd34408186e4bbccfd4996cb3dc -> 
  custom:framework-win-MediaFoundation: 216162199b28c13a410421893ffa2e32 -> 
  custom:video-encoder-webm-vp8: eb34c28f22e8b96e1ab97ce403110664 -> 
  custom:audio-decoder-ogg-vorbis: bf7c407c2cedff20999df2af8eb42d56 -> 
  custom:CustomObjectIndexerAttribute: 9a22284fe3817be447336de3de66b15e -> 
  custom:container-demuxer-webm: 4f35f7cbe854078d1ac9338744f61a02 -> 
  custom:audio-encoder-webm-vorbis: bf7c407c2cedff20999df2af8eb42d56 -> 
  custom:container-muxer-webm: aa71ff27fc2769a1b78a27578f13a17b -> 
Editor requested this worker to shutdown with reason: Scaling down because of idle timeout
TcpMessagingSession - receive error: operation aborted. errorcode: 995, details: ė╔ė┌Ž▀│╠═╦│÷╗“ė”ė├│╠ą“ŪļŪ¾Ż¼ęčųąų╣ I/O ▓┘ū„ĪŻ
AssetImportWorker is now disconnected from the server
Process exiting
Exiting without the bug reporter. Application will terminate with return code 0