
=== Sun Apr 20 18:59:44 2025

Packages were changed.
Update Mode: updateDependencies

The following packages were 已添加:
  com.unity.2d.sprite@1.0.0
  com.unity.2d.tilemap@1.0.0
  com.unity.collab-proxy@2.5.2
  com.unity.ide.rider@3.0.34
  com.unity.ide.visualstudio@2.0.22
  com.unity.ide.vscode@1.2.5
  com.unity.modules.androidjni@1.0.0
  com.unity.test-framework@1.1.33
  com.unity.timeline@1.7.6
  com.unity.ugui@1.0.0
  com.unity.xr.legacyinputhelpers@2.1.11
  com.unity.ai.navigation@1.1.5
The following packages were 已更新:
  com.unity.ads 从版本 2.0.8 到 4.4.2
  com.unity.analytics 从版本 2.0.16 到 3.8.1
  com.unity.purchasing 从版本 2.0.3 到 4.11.0
  com.unity.textmeshpro 从版本 1.2.4 到 3.0.7
The following packages were 已移除:
  com.unity.package-manager-ui@1.9.11
