2025-05-10 15:43:25,850 [ 1] INFO  Unity: LoadingManager start
2025-05-10 15:43:28,871 [ 1] INFO  Unity: DataManager > DataManager()
2025-05-10 15:43:32,640 [ 1] INFO  Unity: UserLoginRequest::user :b psw:b
2025-05-10 15:43:32,640 [ 1] INFO  Unity: ConnectToServer() Start 
2025-05-10 15:43:32,642 [ 1] INFO  Unity: DoConnect
2025-05-10 15:43:32,643 [ 1] INFO  Unity: NetClient.DoConnect on 127.0.0.1:8000
2025-05-10 15:43:32,644 [ 1] INFO  Unity: Connect[0] to server 127.0.0.1:8000

2025-05-10 15:43:32,647 [ 1] INFO  Unity: LoadingMesager::OnGameServerConnect :0 reason:Success
2025-05-10 15:43:32,725 [ 1] INFO  Unity: OnUserLogin:Success [None]
2025-05-10 15:43:32,725 [ 1] INFO  Unity: 登录成功
2025-05-10 15:43:32,725 [ 1] INFO  Unity: LoadLevel: CharSelect
2025-05-10 15:43:32,913 [ 1] WARN  Unity: Failed to create agent because there is no valid NavMesh

2025-05-10 15:43:32,917 [ 1] INFO  Unity: LevelLoadCompleted:1
2025-05-10 15:43:32,918 [ 1] INFO  Unity: index + 1:1, class:Wizard, i + 1 == (int)Class :False
2025-05-10 15:43:32,918 [ 1] INFO  Unity: index + 1:2, class:Wizard, i + 1 == (int)Class :True
2025-05-10 15:43:32,918 [ 1] INFO  Unity: index + 1:3, class:Wizard, i + 1 == (int)Class :False
2025-05-10 15:43:33,507 [ 1] WARN  Unity: Failed to create agent because there is no valid NavMesh

2025-05-10 15:43:34,226 [ 1] INFO  Unity: OnUserGameEnter:Success [None]
2025-05-10 15:43:34,227 [ 1] INFO  Unity: 进入游戏：Success
2025-05-10 15:43:34,233 [ 1] INFO  Unity: OnMapCharacterEnter:Map:1 Count:2
2025-05-10 15:43:34,234 [ 1] INFO  Unity: AddCharacter:0:a Map:1 Entity:(0:pos:(5000,4000,820),dir:(100,0,0),spd:0
2025-05-10 15:43:34,235 [ 1] INFO  Unity: AddCharacter:1:b Map:1 Entity:(1:pos:(5000,4000,820),dir:(100,0,0),spd:0
2025-05-10 15:43:34,235 [ 1] INFO  Unity: LoadLevel: MainCity
2025-05-10 15:43:34,235 [ 1] WARN  Unity: AudioClip Sound/bgm-town not found

2025-05-10 15:43:34,478 [ 1] INFO  Unity: LevelLoadCompleted:1
2025-05-10 15:43:34,528 [ 1] INFO  Unity: SetSendChannle: Local
2025-05-10 15:43:43,716 [ 1] INFO  Unity: SendFriendAddResponse
2025-05-10 15:43:45,877 [ 1] INFO  Unity: Character_7_a OnDestroy :ID:0 POS:(5000, 4000, 820) DIR:(100, 0, 0) SPD:0 
2025-05-10 15:43:45,877 [ 1] INFO  Unity: Character_8_b OnDestroy :ID:1 POS:(5000, 4000, 820) DIR:(100, 0, 0) SPD:0 
2025-05-10 15:43:45,878 [ 1] INFO  Unity: OnDestroy NetworkManager.
2025-05-10 15:43:45,878 [ 1] WARN  Unity: CloseConnection(), errorCode: 1007

