2025-04-20 16:41:47,250 [ 1] INFO  Unity: LoadingManager start
2025-04-20 16:41:50,308 [ 1] INFO  Unity: DataManager > DataManager()
2025-04-20 16:41:53,886 [ 1] INFO  Unity: UserLoginRequest::user :t psw:t
2025-04-20 16:41:53,887 [ 1] INFO  Unity: ConnectToServer() Start 
2025-04-20 16:41:53,890 [ 1] INFO  Unity: DoConnect
2025-04-20 16:41:53,891 [ 1] INFO  Unity: NetClient.DoConnect on 127.0.0.1:8000
2025-04-20 16:41:53,892 [ 1] INFO  Unity: Connect[0] to server 127.0.0.1:8000

2025-04-20 16:41:53,896 [ 1] INFO  Unity: LoadingMesager::OnGameServerConnect :0 reason:Success
2025-04-20 16:41:53,981 [ 1] INFO  Unity: OnUserLogin:Success [None]
2025-04-20 16:41:53,982 [ 1] INFO  Unity: µÇÂĽłÉą¦
2025-04-20 16:41:53,983 [ 1] INFO  Unity: LoadLevel: CharSelect
2025-04-20 16:41:54,758 [ 1] WARN  Unity: Failed to create agent because there is no valid NavMesh

2025-04-20 16:41:54,767 [ 1] INFO  Unity: LevelLoadCompleted:1
2025-04-20 16:41:54,770 [ 1] INFO  Unity: index + 1:1, class:Warrior, i + 1 == (int)Class :True
2025-04-20 16:41:54,771 [ 1] INFO  Unity: index + 1:2, class:Warrior, i + 1 == (int)Class :False
2025-04-20 16:41:54,771 [ 1] INFO  Unity: index + 1:3, class:Warrior, i + 1 == (int)Class :False
2025-04-20 16:41:54,772 [ 1] INFO  Unity: index + 1:1, class:Archer, i + 1 == (int)Class :False
2025-04-20 16:41:54,772 [ 1] INFO  Unity: index + 1:2, class:Archer, i + 1 == (int)Class :False
2025-04-20 16:41:54,772 [ 1] INFO  Unity: index + 1:3, class:Archer, i + 1 == (int)Class :True
2025-04-20 16:41:54,772 [ 1] INFO  Unity: There are 2 audio listeners in the scene. Please ensure there is always exactly one audio listener in the scene.
2025-04-20 16:41:54,786 [ 1] INFO  Unity: There are 2 audio listeners in the scene. Please ensure there is always exactly one audio listener in the scene.
2025-04-20 16:41:54,806 [ 1] INFO  Unity: There are 2 audio listeners in the scene. Please ensure there is always exactly one audio listener in the scene.
2025-04-20 16:41:54,812 [ 1] INFO  Unity: There are 2 audio listeners in the scene. Please ensure there is always exactly one audio listener in the scene.
2025-04-20 16:41:54,812 [ 1] INFO  Unity: There are 2 audio listeners in the scene. Please ensure there is always exactly one audio listener in the scene.
2025-04-20 16:41:54,816 [ 1] INFO  Unity: There are 2 audio listeners in the scene. Please ensure there is always exactly one audio listener in the scene.
2025-04-20 16:41:54,821 [ 1] INFO  Unity: There are 2 audio listeners in the scene. Please ensure there is always exactly one audio listener in the scene.
2025-04-20 16:41:54,828 [ 1] INFO  Unity: There are 2 audio listeners in the scene. Please ensure there is always exactly one audio listener in the scene.
2025-04-20 16:41:54,828 [ 1] INFO  Unity: There are 2 audio listeners in the scene. Please ensure there is always exactly one audio listener in the scene.
2025-04-20 16:41:54,832 [ 1] INFO  Unity: There are 2 audio listeners in the scene. Please ensure there is always exactly one audio listener in the scene.
2025-04-20 16:41:54,840 [ 1] INFO  Unity: There are 2 audio listeners in the scene. Please ensure there is always exactly one audio listener in the scene.
2025-04-20 16:41:54,840 [ 1] INFO  Unity: There are 2 audio listeners in the scene. Please ensure there is always exactly one audio listener in the scene.
2025-04-20 16:41:54,844 [ 1] INFO  Unity: There are 2 audio listeners in the scene. Please ensure there is always exactly one audio listener in the scene.
2025-04-20 16:41:54,851 [ 1] INFO  Unity: There are 2 audio listeners in the scene. Please ensure there is always exactly one audio listener in the scene.
2025-04-20 16:41:54,855 [ 1] INFO  Unity: There are 2 audio listeners in the scene. Please ensure there is always exactly one audio listener in the scene.
2025-04-20 16:41:54,863 [ 1] INFO  Unity: There are 2 audio listeners in the scene. Please ensure there is always exactly one audio listener in the scene.
2025-04-20 16:41:54,863 [ 1] INFO  Unity: There are 2 audio listeners in the scene. Please ensure there is always exactly one audio listener in the scene.
2025-04-20 16:41:54,868 [ 1] INFO  Unity: There are 2 audio listeners in the scene. Please ensure there is always exactly one audio listener in the scene.
2025-04-20 16:41:54,873 [ 1] INFO  Unity: There are 2 audio listeners in the scene. Please ensure there is always exactly one audio listener in the scene.
2025-04-20 16:41:54,874 [ 1] INFO  Unity: There are 2 audio listeners in the scene. Please ensure there is always exactly one audio listener in the scene.
2025-04-20 16:41:54,879 [ 1] INFO  Unity: There are 2 audio listeners in the scene. Please ensure there is always exactly one audio listener in the scene.
2025-04-20 16:41:54,882 [ 1] INFO  Unity: There are 2 audio listeners in the scene. Please ensure there is always exactly one audio listener in the scene.
2025-04-20 16:41:54,891 [ 1] INFO  Unity: There are 2 audio listeners in the scene. Please ensure there is always exactly one audio listener in the scene.
2025-04-20 16:41:54,891 [ 1] INFO  Unity: There are 2 audio listeners in the scene. Please ensure there is always exactly one audio listener in the scene.
2025-04-20 16:41:54,895 [ 1] INFO  Unity: There are 2 audio listeners in the scene. Please ensure there is always exactly one audio listener in the scene.
2025-04-20 16:41:54,903 [ 1] INFO  Unity: There are 2 audio listeners in the scene. Please ensure there is always exactly one audio listener in the scene.
2025-04-20 16:41:54,907 [ 1] INFO  Unity: There are 2 audio listeners in the scene. Please ensure there is always exactly one audio listener in the scene.
2025-04-20 16:41:54,907 [ 1] INFO  Unity: There are 2 audio listeners in the scene. Please ensure there is always exactly one audio listener in the scene.
2025-04-20 16:41:54,911 [ 1] INFO  Unity: There are 2 audio listeners in the scene. Please ensure there is always exactly one audio listener in the scene.
2025-04-20 16:41:54,919 [ 1] INFO  Unity: There are 2 audio listeners in the scene. Please ensure there is always exactly one audio listener in the scene.
2025-04-20 16:41:54,923 [ 1] INFO  Unity: There are 2 audio listeners in the scene. Please ensure there is always exactly one audio listener in the scene.
2025-04-20 16:41:54,924 [ 1] INFO  Unity: There are 2 audio listeners in the scene. Please ensure there is always exactly one audio listener in the scene.
2025-04-20 16:41:54,928 [ 1] INFO  Unity: There are 2 audio listeners in the scene. Please ensure there is always exactly one audio listener in the scene.
2025-04-20 16:41:54,935 [ 1] INFO  Unity: There are 2 audio listeners in the scene. Please ensure there is always exactly one audio listener in the scene.
2025-04-20 16:41:54,943 [ 1] INFO  Unity: There are 2 audio listeners in the scene. Please ensure there is always exactly one audio listener in the scene.
2025-04-20 16:41:54,943 [ 1] INFO  Unity: There are 2 audio listeners in the scene. Please ensure there is always exactly one audio listener in the scene.
2025-04-20 16:41:54,947 [ 1] INFO  Unity: There are 2 audio listeners in the scene. Please ensure there is always exactly one audio listener in the scene.
2025-04-20 16:41:54,955 [ 1] INFO  Unity: There are 2 audio listeners in the scene. Please ensure there is always exactly one audio listener in the scene.
2025-04-20 16:41:54,962 [ 1] INFO  Unity: There are 2 audio listeners in the scene. Please ensure there is always exactly one audio listener in the scene.
2025-04-20 16:41:54,962 [ 1] INFO  Unity: There are 2 audio listeners in the scene. Please ensure there is always exactly one audio listener in the scene.
2025-04-20 16:41:54,966 [ 1] INFO  Unity: There are 2 audio listeners in the scene. Please ensure there is always exactly one audio listener in the scene.
2025-04-20 16:41:54,974 [ 1] INFO  Unity: There are 2 audio listeners in the scene. Please ensure there is always exactly one audio listener in the scene.
2025-04-20 16:41:54,974 [ 1] INFO  Unity: There are 2 audio listeners in the scene. Please ensure there is always exactly one audio listener in the scene.
2025-04-20 16:41:54,978 [ 1] INFO  Unity: There are 2 audio listeners in the scene. Please ensure there is always exactly one audio listener in the scene.
2025-04-20 16:41:54,985 [ 1] INFO  Unity: There are 2 audio listeners in the scene. Please ensure there is always exactly one audio listener in the scene.
2025-04-20 16:41:54,989 [ 1] INFO  Unity: There are 2 audio listeners in the scene. Please ensure there is always exactly one audio listener in the scene.
2025-04-20 16:41:54,996 [ 1] INFO  Unity: There are 2 audio listeners in the scene. Please ensure there is always exactly one audio listener in the scene.
2025-04-20 16:41:54,996 [ 1] INFO  Unity: There are 2 audio listeners in the scene. Please ensure there is always exactly one audio listener in the scene.
2025-04-20 16:41:55,004 [ 1] INFO  Unity: There are 2 audio listeners in the scene. Please ensure there is always exactly one audio listener in the scene.
2025-04-20 16:41:55,008 [ 1] INFO  Unity: There are 2 audio listeners in the scene. Please ensure there is always exactly one audio listener in the scene.
2025-04-20 16:41:55,008 [ 1] INFO  Unity: There are 2 audio listeners in the scene. Please ensure there is always exactly one audio listener in the scene.
2025-04-20 16:41:55,012 [ 1] INFO  Unity: There are 2 audio listeners in the scene. Please ensure there is always exactly one audio listener in the scene.
2025-04-20 16:41:55,019 [ 1] INFO  Unity: There are 2 audio listeners in the scene. Please ensure there is always exactly one audio listener in the scene.
2025-04-20 16:41:55,023 [ 1] INFO  Unity: There are 2 audio listeners in the scene. Please ensure there is always exactly one audio listener in the scene.
2025-04-20 16:41:55,030 [ 1] INFO  Unity: There are 2 audio listeners in the scene. Please ensure there is always exactly one audio listener in the scene.
2025-04-20 16:41:55,030 [ 1] INFO  Unity: There are 2 audio listeners in the scene. Please ensure there is always exactly one audio listener in the scene.
2025-04-20 16:41:55,035 [ 1] INFO  Unity: There are 2 audio listeners in the scene. Please ensure there is always exactly one audio listener in the scene.
2025-04-20 16:41:55,043 [ 1] INFO  Unity: There are 2 audio listeners in the scene. Please ensure there is always exactly one audio listener in the scene.
2025-04-20 16:41:55,043 [ 1] INFO  Unity: There are 2 audio listeners in the scene. Please ensure there is always exactly one audio listener in the scene.
2025-04-20 16:41:55,047 [ 1] INFO  Unity: There are 2 audio listeners in the scene. Please ensure there is always exactly one audio listener in the scene.
2025-04-20 16:41:55,051 [ 1] INFO  Unity: There are 2 audio listeners in the scene. Please ensure there is always exactly one audio listener in the scene.
2025-04-20 16:41:55,059 [ 1] INFO  Unity: There are 2 audio listeners in the scene. Please ensure there is always exactly one audio listener in the scene.
2025-04-20 16:41:55,059 [ 1] INFO  Unity: There are 2 audio listeners in the scene. Please ensure there is always exactly one audio listener in the scene.
2025-04-20 16:41:55,063 [ 1] INFO  Unity: There are 2 audio listeners in the scene. Please ensure there is always exactly one audio listener in the scene.
2025-04-20 16:41:55,067 [ 1] INFO  Unity: There are 2 audio listeners in the scene. Please ensure there is always exactly one audio listener in the scene.
2025-04-20 16:41:55,072 [ 1] INFO  Unity: There are 2 audio listeners in the scene. Please ensure there is always exactly one audio listener in the scene.
2025-04-20 16:41:55,079 [ 1] INFO  Unity: There are 2 audio listeners in the scene. Please ensure there is always exactly one audio listener in the scene.
2025-04-20 16:41:55,079 [ 1] INFO  Unity: There are 2 audio listeners in the scene. Please ensure there is always exactly one audio listener in the scene.
2025-04-20 16:41:55,083 [ 1] INFO  Unity: There are 2 audio listeners in the scene. Please ensure there is always exactly one audio listener in the scene.
2025-04-20 16:41:55,091 [ 1] INFO  Unity: There are 2 audio listeners in the scene. Please ensure there is always exactly one audio listener in the scene.
2025-04-20 16:41:55,091 [ 1] INFO  Unity: There are 2 audio listeners in the scene. Please ensure there is always exactly one audio listener in the scene.
2025-04-20 16:41:55,095 [ 1] INFO  Unity: There are 2 audio listeners in the scene. Please ensure there is always exactly one audio listener in the scene.
2025-04-20 16:41:55,102 [ 1] INFO  Unity: There are 2 audio listeners in the scene. Please ensure there is always exactly one audio listener in the scene.
2025-04-20 16:41:55,107 [ 1] INFO  Unity: There are 2 audio listeners in the scene. Please ensure there is always exactly one audio listener in the scene.
2025-04-20 16:41:55,111 [ 1] WARN  Unity: Failed to create agent because there is no valid NavMesh
UnityEngine.GameObject:SetActive(Boolean)
UICharacterView:UpdateCharacter() (at Assets/Scripts/UI/UICharacterView.cs:29)
UICharacterView:set_CurrentCharacter(Int32) (at Assets/Scripts/UI/UICharacterView.cs:20)
UICharacterSelect:OnClickSelectChar(Int32) (at Assets/Scripts/UI/UICharacterSelect.cs:150)
<InitCharacterSelect>c__AnonStorey0:<>m__0(Boolean) (at Assets/Scripts/UI/UICharacterSelect.cs:134)
UnityEngine.EventSystems.EventSystem:Update()

2025-04-20 16:41:55,111 [ 1] INFO  Unity: There are 2 audio listeners in the scene. Please ensure there is always exactly one audio listener in the scene.
2025-04-20 16:41:55,116 [ 1] INFO  Unity: There are 2 audio listeners in the scene. Please ensure there is always exactly one audio listener in the scene.
2025-04-20 16:41:55,121 [ 1] INFO  Unity: There are 2 audio listeners in the scene. Please ensure there is always exactly one audio listener in the scene.
2025-04-20 16:41:55,125 [ 1] INFO  Unity: There are 2 audio listeners in the scene. Please ensure there is always exactly one audio listener in the scene.
2025-04-20 16:41:55,127 [ 1] INFO  Unity: There are 2 audio listeners in the scene. Please ensure there is always exactly one audio listener in the scene.
2025-04-20 16:41:55,131 [ 1] INFO  Unity: There are 2 audio listeners in the scene. Please ensure there is always exactly one audio listener in the scene.
2025-04-20 16:41:55,137 [ 1] INFO  Unity: There are 2 audio listeners in the scene. Please ensure there is always exactly one audio listener in the scene.
2025-04-20 16:41:55,141 [ 1] INFO  Unity: There are 2 audio listeners in the scene. Please ensure there is always exactly one audio listener in the scene.
2025-04-20 16:41:55,142 [ 1] INFO  Unity: There are 2 audio listeners in the scene. Please ensure there is always exactly one audio listener in the scene.
2025-04-20 16:41:55,147 [ 1] INFO  Unity: There are 2 audio listeners in the scene. Please ensure there is always exactly one audio listener in the scene.
2025-04-20 16:41:55,152 [ 1] INFO  Unity: There are 2 audio listeners in the scene. Please ensure there is always exactly one audio listener in the scene.
2025-04-20 16:41:55,157 [ 1] INFO  Unity: There are 2 audio listeners in the scene. Please ensure there is always exactly one audio listener in the scene.
2025-04-20 16:41:55,161 [ 1] INFO  Unity: There are 2 audio listeners in the scene. Please ensure there is always exactly one audio listener in the scene.
2025-04-20 16:41:55,162 [ 1] INFO  Unity: There are 2 audio listeners in the scene. Please ensure there is always exactly one audio listener in the scene.
2025-04-20 16:41:55,167 [ 1] INFO  Unity: There are 2 audio listeners in the scene. Please ensure there is always exactly one audio listener in the scene.
2025-04-20 16:41:55,172 [ 1] INFO  Unity: There are 2 audio listeners in the scene. Please ensure there is always exactly one audio listener in the scene.
2025-04-20 16:41:55,179 [ 1] INFO  Unity: There are 2 audio listeners in the scene. Please ensure there is always exactly one audio listener in the scene.
2025-04-20 16:41:55,180 [ 1] INFO  Unity: There are 2 audio listeners in the scene. Please ensure there is always exactly one audio listener in the scene.
2025-04-20 16:41:55,186 [ 1] INFO  Unity: There are 2 audio listeners in the scene. Please ensure there is always exactly one audio listener in the scene.
2025-04-20 16:41:55,191 [ 1] INFO  Unity: There are 2 audio listeners in the scene. Please ensure there is always exactly one audio listener in the scene.
2025-04-20 16:41:55,196 [ 1] INFO  Unity: There are 2 audio listeners in the scene. Please ensure there is always exactly one audio listener in the scene.
2025-04-20 16:41:55,197 [ 1] INFO  Unity: There are 2 audio listeners in the scene. Please ensure there is always exactly one audio listener in the scene.
2025-04-20 16:41:55,200 [ 1] INFO  Unity: There are 2 audio listeners in the scene. Please ensure there is always exactly one audio listener in the scene.
2025-04-20 16:41:55,206 [ 1] INFO  Unity: There are 2 audio listeners in the scene. Please ensure there is always exactly one audio listener in the scene.
2025-04-20 16:41:55,210 [ 1] INFO  Unity: There are 2 audio listeners in the scene. Please ensure there is always exactly one audio listener in the scene.
2025-04-20 16:41:55,211 [ 1] INFO  Unity: There are 2 audio listeners in the scene. Please ensure there is always exactly one audio listener in the scene.
2025-04-20 16:41:55,216 [ 1] INFO  Unity: There are 2 audio listeners in the scene. Please ensure there is always exactly one audio listener in the scene.
2025-04-20 16:41:55,222 [ 1] INFO  Unity: There are 2 audio listeners in the scene. Please ensure there is always exactly one audio listener in the scene.
2025-04-20 16:41:55,226 [ 1] INFO  Unity: There are 2 audio listeners in the scene. Please ensure there is always exactly one audio listener in the scene.
2025-04-20 16:41:55,227 [ 1] INFO  Unity: There are 2 audio listeners in the scene. Please ensure there is always exactly one audio listener in the scene.
2025-04-20 16:41:55,232 [ 1] INFO  Unity: There are 2 audio listeners in the scene. Please ensure there is always exactly one audio listener in the scene.
2025-04-20 16:41:55,237 [ 1] INFO  Unity: There are 2 audio listeners in the scene. Please ensure there is always exactly one audio listener in the scene.
2025-04-20 16:41:55,242 [ 1] INFO  Unity: There are 2 audio listeners in the scene. Please ensure there is always exactly one audio listener in the scene.
2025-04-20 16:41:55,243 [ 1] INFO  Unity: There are 2 audio listeners in the scene. Please ensure there is always exactly one audio listener in the scene.
2025-04-20 16:41:55,247 [ 1] INFO  Unity: There are 2 audio listeners in the scene. Please ensure there is always exactly one audio listener in the scene.
2025-04-20 16:41:55,253 [ 1] INFO  Unity: There are 2 audio listeners in the scene. Please ensure there is always exactly one audio listener in the scene.
2025-04-20 16:41:55,257 [ 1] INFO  Unity: There are 2 audio listeners in the scene. Please ensure there is always exactly one audio listener in the scene.
2025-04-20 16:41:55,258 [ 1] INFO  Unity: There are 2 audio listeners in the scene. Please ensure there is always exactly one audio listener in the scene.
2025-04-20 16:41:55,263 [ 1] INFO  Unity: There are 2 audio listeners in the scene. Please ensure there is always exactly one audio listener in the scene.
2025-04-20 16:41:55,267 [ 1] INFO  Unity: There are 2 audio listeners in the scene. Please ensure there is always exactly one audio listener in the scene.
2025-04-20 16:41:55,273 [ 1] INFO  Unity: There are 2 audio listeners in the scene. Please ensure there is always exactly one audio listener in the scene.
2025-04-20 16:41:55,277 [ 1] INFO  Unity: There are 2 audio listeners in the scene. Please ensure there is always exactly one audio listener in the scene.
2025-04-20 16:41:55,278 [ 1] INFO  Unity: There are 2 audio listeners in the scene. Please ensure there is always exactly one audio listener in the scene.
2025-04-20 16:41:55,283 [ 1] INFO  Unity: There are 2 audio listeners in the scene. Please ensure there is always exactly one audio listener in the scene.
2025-04-20 16:41:55,287 [ 1] INFO  Unity: There are 2 audio listeners in the scene. Please ensure there is always exactly one audio listener in the scene.
2025-04-20 16:41:55,291 [ 1] INFO  Unity: There are 2 audio listeners in the scene. Please ensure there is always exactly one audio listener in the scene.
2025-04-20 16:41:55,293 [ 1] INFO  Unity: There are 2 audio listeners in the scene. Please ensure there is always exactly one audio listener in the scene.
2025-04-20 16:41:55,297 [ 1] INFO  Unity: There are 2 audio listeners in the scene. Please ensure there is always exactly one audio listener in the scene.
2025-04-20 16:41:55,301 [ 1] INFO  Unity: There are 2 audio listeners in the scene. Please ensure there is always exactly one audio listener in the scene.
2025-04-20 16:41:55,307 [ 1] INFO  Unity: There are 2 audio listeners in the scene. Please ensure there is always exactly one audio listener in the scene.
2025-04-20 16:41:55,311 [ 1] INFO  Unity: There are 2 audio listeners in the scene. Please ensure there is always exactly one audio listener in the scene.
2025-04-20 16:41:55,312 [ 1] INFO  Unity: There are 2 audio listeners in the scene. Please ensure there is always exactly one audio listener in the scene.
2025-04-20 16:41:55,316 [ 1] INFO  Unity: There are 2 audio listeners in the scene. Please ensure there is always exactly one audio listener in the scene.
2025-04-20 16:41:55,321 [ 1] INFO  Unity: There are 2 audio listeners in the scene. Please ensure there is always exactly one audio listener in the scene.
2025-04-20 16:41:55,325 [ 1] INFO  Unity: There are 2 audio listeners in the scene. Please ensure there is always exactly one audio listener in the scene.
2025-04-20 16:41:55,326 [ 1] INFO  Unity: There are 2 audio listeners in the scene. Please ensure there is always exactly one audio listener in the scene.
2025-04-20 16:41:55,331 [ 1] INFO  Unity: There are 2 audio listeners in the scene. Please ensure there is always exactly one audio listener in the scene.
2025-04-20 16:41:55,336 [ 1] INFO  Unity: There are 2 audio listeners in the scene. Please ensure there is always exactly one audio listener in the scene.
2025-04-20 16:41:55,341 [ 1] INFO  Unity: There are 2 audio listeners in the scene. Please ensure there is always exactly one audio listener in the scene.
2025-04-20 16:41:55,342 [ 1] INFO  Unity: There are 2 audio listeners in the scene. Please ensure there is always exactly one audio listener in the scene.
2025-04-20 16:41:55,347 [ 1] INFO  Unity: There are 2 audio listeners in the scene. Please ensure there is always exactly one audio listener in the scene.
2025-04-20 16:41:55,351 [ 1] INFO  Unity: There are 2 audio listeners in the scene. Please ensure there is always exactly one audio listener in the scene.
2025-04-20 16:41:55,357 [ 1] INFO  Unity: There are 2 audio listeners in the scene. Please ensure there is always exactly one audio listener in the scene.
2025-04-20 16:41:55,361 [ 1] INFO  Unity: There are 2 audio listeners in the scene. Please ensure there is always exactly one audio listener in the scene.
2025-04-20 16:41:55,361 [ 1] INFO  Unity: There are 2 audio listeners in the scene. Please ensure there is always exactly one audio listener in the scene.
2025-04-20 16:41:55,367 [ 1] INFO  Unity: There are 2 audio listeners in the scene. Please ensure there is always exactly one audio listener in the scene.
2025-04-20 16:41:55,372 [ 1] INFO  Unity: There are 2 audio listeners in the scene. Please ensure there is always exactly one audio listener in the scene.
2025-04-20 16:41:55,376 [ 1] INFO  Unity: There are 2 audio listeners in the scene. Please ensure there is always exactly one audio listener in the scene.
2025-04-20 16:41:55,377 [ 1] INFO  Unity: There are 2 audio listeners in the scene. Please ensure there is always exactly one audio listener in the scene.
2025-04-20 16:41:55,381 [ 1] INFO  Unity: There are 2 audio listeners in the scene. Please ensure there is always exactly one audio listener in the scene.
2025-04-20 16:41:55,386 [ 1] INFO  Unity: There are 2 audio listeners in the scene. Please ensure there is always exactly one audio listener in the scene.
2025-04-20 16:41:55,391 [ 1] INFO  Unity: There are 2 audio listeners in the scene. Please ensure there is always exactly one audio listener in the scene.
2025-04-20 16:41:55,395 [ 1] INFO  Unity: There are 2 audio listeners in the scene. Please ensure there is always exactly one audio listener in the scene.
2025-04-20 16:41:55,395 [ 1] INFO  Unity: There are 2 audio listeners in the scene. Please ensure there is always exactly one audio listener in the scene.
2025-04-20 16:41:55,399 [ 1] INFO  Unity: There are 2 audio listeners in the scene. Please ensure there is always exactly one audio listener in the scene.
2025-04-20 16:41:55,403 [ 1] INFO  Unity: There are 2 audio listeners in the scene. Please ensure there is always exactly one audio listener in the scene.
2025-04-20 16:41:55,408 [ 1] INFO  Unity: There are 2 audio listeners in the scene. Please ensure there is always exactly one audio listener in the scene.
2025-04-20 16:41:55,408 [ 1] INFO  Unity: There are 2 audio listeners in the scene. Please ensure there is always exactly one audio listener in the scene.
2025-04-20 16:41:55,412 [ 1] INFO  Unity: There are 2 audio listeners in the scene. Please ensure there is always exactly one audio listener in the scene.
2025-04-20 16:41:55,417 [ 1] INFO  Unity: There are 2 audio listeners in the scene. Please ensure there is always exactly one audio listener in the scene.
2025-04-20 16:41:55,421 [ 1] INFO  Unity: There are 2 audio listeners in the scene. Please ensure there is always exactly one audio listener in the scene.
2025-04-20 16:41:55,425 [ 1] INFO  Unity: There are 2 audio listeners in the scene. Please ensure there is always exactly one audio listener in the scene.
2025-04-20 16:41:55,425 [ 1] INFO  Unity: There are 2 audio listeners in the scene. Please ensure there is always exactly one audio listener in the scene.
2025-04-20 16:41:55,430 [ 1] INFO  Unity: There are 2 audio listeners in the scene. Please ensure there is always exactly one audio listener in the scene.
2025-04-20 16:41:55,434 [ 1] INFO  Unity: There are 2 audio listeners in the scene. Please ensure there is always exactly one audio listener in the scene.
2025-04-20 16:41:55,439 [ 1] INFO  Unity: There are 2 audio listeners in the scene. Please ensure there is always exactly one audio listener in the scene.
2025-04-20 16:41:55,443 [ 1] INFO  Unity: There are 2 audio listeners in the scene. Please ensure there is always exactly one audio listener in the scene.
2025-04-20 16:41:55,444 [ 1] INFO  Unity: There are 2 audio listeners in the scene. Please ensure there is always exactly one audio listener in the scene.
2025-04-20 16:41:55,448 [ 1] INFO  Unity: There are 2 audio listeners in the scene. Please ensure there is always exactly one audio listener in the scene.
2025-04-20 16:41:55,453 [ 1] INFO  Unity: There are 2 audio listeners in the scene. Please ensure there is always exactly one audio listener in the scene.
2025-04-20 16:41:55,458 [ 1] INFO  Unity: There are 2 audio listeners in the scene. Please ensure there is always exactly one audio listener in the scene.
2025-04-20 16:41:55,462 [ 1] INFO  Unity: There are 2 audio listeners in the scene. Please ensure there is always exactly one audio listener in the scene.
2025-04-20 16:41:55,463 [ 1] INFO  Unity: There are 2 audio listeners in the scene. Please ensure there is always exactly one audio listener in the scene.
2025-04-20 16:41:55,467 [ 1] INFO  Unity: There are 2 audio listeners in the scene. Please ensure there is always exactly one audio listener in the scene.
2025-04-20 16:41:55,471 [ 1] INFO  Unity: There are 2 audio listeners in the scene. Please ensure there is always exactly one audio listener in the scene.
2025-04-20 16:41:55,475 [ 1] INFO  Unity: There are 2 audio listeners in the scene. Please ensure there is always exactly one audio listener in the scene.
2025-04-20 16:41:55,476 [ 1] INFO  Unity: There are 2 audio listeners in the scene. Please ensure there is always exactly one audio listener in the scene.
2025-04-20 16:41:55,481 [ 1] INFO  Unity: There are 2 audio listeners in the scene. Please ensure there is always exactly one audio listener in the scene.
2025-04-20 16:41:55,485 [ 1] INFO  Unity: There are 2 audio listeners in the scene. Please ensure there is always exactly one audio listener in the scene.
2025-04-20 16:41:55,490 [ 1] INFO  Unity: There are 2 audio listeners in the scene. Please ensure there is always exactly one audio listener in the scene.
2025-04-20 16:41:55,494 [ 1] INFO  Unity: There are 2 audio listeners in the scene. Please ensure there is always exactly one audio listener in the scene.
2025-04-20 16:41:55,495 [ 1] INFO  Unity: There are 2 audio listeners in the scene. Please ensure there is always exactly one audio listener in the scene.
2025-04-20 16:41:55,499 [ 1] INFO  Unity: There are 2 audio listeners in the scene. Please ensure there is always exactly one audio listener in the scene.
2025-04-20 16:41:55,505 [ 1] INFO  Unity: There are 2 audio listeners in the scene. Please ensure there is always exactly one audio listener in the scene.
2025-04-20 16:41:55,509 [ 1] INFO  Unity: There are 2 audio listeners in the scene. Please ensure there is always exactly one audio listener in the scene.
2025-04-20 16:41:55,509 [ 1] INFO  Unity: There are 2 audio listeners in the scene. Please ensure there is always exactly one audio listener in the scene.
2025-04-20 16:41:55,514 [ 1] INFO  Unity: There are 2 audio listeners in the scene. Please ensure there is always exactly one audio listener in the scene.
2025-04-20 16:41:55,519 [ 1] INFO  Unity: There are 2 audio listeners in the scene. Please ensure there is always exactly one audio listener in the scene.
2025-04-20 16:41:55,523 [ 1] INFO  Unity: There are 2 audio listeners in the scene. Please ensure there is always exactly one audio listener in the scene.
2025-04-20 16:41:55,527 [ 1] INFO  Unity: There are 2 audio listeners in the scene. Please ensure there is always exactly one audio listener in the scene.
2025-04-20 16:41:55,527 [ 1] INFO  Unity: There are 2 audio listeners in the scene. Please ensure there is always exactly one audio listener in the scene.
2025-04-20 16:41:55,532 [ 1] INFO  Unity: There are 2 audio listeners in the scene. Please ensure there is always exactly one audio listener in the scene.
2025-04-20 16:41:55,537 [ 1] INFO  Unity: There are 2 audio listeners in the scene. Please ensure there is always exactly one audio listener in the scene.
2025-04-20 16:41:55,542 [ 1] INFO  Unity: There are 2 audio listeners in the scene. Please ensure there is always exactly one audio listener in the scene.
2025-04-20 16:41:55,543 [ 1] INFO  Unity: There are 2 audio listeners in the scene. Please ensure there is always exactly one audio listener in the scene.
2025-04-20 16:41:55,548 [ 1] INFO  Unity: There are 2 audio listeners in the scene. Please ensure there is always exactly one audio listener in the scene.
2025-04-20 16:41:55,552 [ 1] INFO  Unity: There are 2 audio listeners in the scene. Please ensure there is always exactly one audio listener in the scene.
2025-04-20 16:41:55,557 [ 1] INFO  Unity: There are 2 audio listeners in the scene. Please ensure there is always exactly one audio listener in the scene.
2025-04-20 16:41:55,561 [ 1] INFO  Unity: There are 2 audio listeners in the scene. Please ensure there is always exactly one audio listener in the scene.
2025-04-20 16:41:55,562 [ 1] INFO  Unity: There are 2 audio listeners in the scene. Please ensure there is always exactly one audio listener in the scene.
2025-04-20 16:41:55,567 [ 1] INFO  Unity: There are 2 audio listeners in the scene. Please ensure there is always exactly one audio listener in the scene.
2025-04-20 16:41:55,572 [ 1] INFO  Unity: There are 2 audio listeners in the scene. Please ensure there is always exactly one audio listener in the scene.
2025-04-20 16:41:55,576 [ 1] INFO  Unity: There are 2 audio listeners in the scene. Please ensure there is always exactly one audio listener in the scene.
2025-04-20 16:41:55,577 [ 1] INFO  Unity: There are 2 audio listeners in the scene. Please ensure there is always exactly one audio listener in the scene.
2025-04-20 16:41:55,581 [ 1] INFO  Unity: There are 2 audio listeners in the scene. Please ensure there is always exactly one audio listener in the scene.
2025-04-20 16:41:55,586 [ 1] INFO  Unity: There are 2 audio listeners in the scene. Please ensure there is always exactly one audio listener in the scene.
2025-04-20 16:41:55,590 [ 1] INFO  Unity: There are 2 audio listeners in the scene. Please ensure there is always exactly one audio listener in the scene.
2025-04-20 16:41:55,594 [ 1] INFO  Unity: There are 2 audio listeners in the scene. Please ensure there is always exactly one audio listener in the scene.
2025-04-20 16:41:55,595 [ 1] INFO  Unity: There are 2 audio listeners in the scene. Please ensure there is always exactly one audio listener in the scene.
2025-04-20 16:41:55,598 [ 1] INFO  Unity: There are 2 audio listeners in the scene. Please ensure there is always exactly one audio listener in the scene.
2025-04-20 16:41:55,606 [ 1] INFO  Unity: There are 2 audio listeners in the scene. Please ensure there is always exactly one audio listener in the scene.
2025-04-20 16:41:55,610 [ 1] INFO  Unity: There are 2 audio listeners in the scene. Please ensure there is always exactly one audio listener in the scene.
2025-04-20 16:41:55,610 [ 1] INFO  Unity: There are 2 audio listeners in the scene. Please ensure there is always exactly one audio listener in the scene.
2025-04-20 16:41:55,624 [ 1] INFO  Unity: OnUserGameEnter:Success [None]
2025-04-20 16:41:55,625 [ 1] INFO  Unity: ˝řČëÓÎĎ·ŁşSuccess
2025-04-20 16:41:55,630 [ 1] INFO  Unity: OnGuild
2025-04-20 16:41:55,631 [ 1] INFO  Unity: OnMapCharacterEnter:Map:1 Count:1
2025-04-20 16:41:55,632 [ 1] INFO  Unity: AddCharacter:13:t Map:1 Entity:(13:pos:(5000,4000,820),dir:(100,0,0),spd:0
2025-04-20 16:41:55,633 [ 1] INFO  Unity: LoadLevel: MainCity
2025-04-20 16:41:55,634 [ 1] WARN  Unity: AudioClip Sound/bgm-town not found
UnityEngine.Debug:LogWarningFormat(String, Object[])
SoundManager:PlaySound(String) (at Assets/Scripts/Managers/SoundManager.cs:91)
Services.MapService:EnterMap(Int32) (at Assets/Scripts/Services/MapService.cs:81)
Services.MapService:OnMapCharacterEnter(Object, MapCharacterEnterResponse) (at Assets/Scripts/Services/MapService.cs:53)
Network.MessageDistributer`1:RaiseEvent(Object, MapCharacterEnterResponse)
Network.MessageDispatch`1:Dispatch(Object, NetMessageResponse)
Network.MessageDistributer`1:Distribute()
Network.NetClient:ProceeMessage() (at Assets/Scripts/Network/NetClient.cs:417)
Network.NetClient:Update() (at Assets/Scripts/Network/NetClient.cs:435)

2025-04-20 16:41:55,634 [ 1] INFO  Unity: There are 2 audio listeners in the scene. Please ensure there is always exactly one audio listener in the scene.
2025-04-20 16:41:55,685 [ 1] INFO  Unity: There are 2 audio listeners in the scene. Please ensure there is always exactly one audio listener in the scene.
2025-04-20 16:41:55,686 [ 1] INFO  Unity: There are 2 audio listeners in the scene. Please ensure there is always exactly one audio listener in the scene.
2025-04-20 16:41:55,686 [ 1] INFO  Unity: There are 2 audio listeners in the scene. Please ensure there is always exactly one audio listener in the scene.
2025-04-20 16:41:55,686 [ 1] INFO  Unity: There are 2 audio listeners in the scene. Please ensure there is always exactly one audio listener in the scene.
2025-04-20 16:41:55,686 [ 1] INFO  Unity: There are 2 audio listeners in the scene. Please ensure there is always exactly one audio listener in the scene.
2025-04-20 16:41:55,895 [ 1] INFO  Unity: There are 2 audio listeners in the scene. Please ensure there is always exactly one audio listener in the scene.
2025-04-20 16:41:55,895 [ 1] INFO  Unity: There are 2 audio listeners in the scene. Please ensure there is always exactly one audio listener in the scene.
2025-04-20 16:41:55,895 [ 1] INFO  Unity: There are 2 audio listeners in the scene. Please ensure there is always exactly one audio listener in the scene.
2025-04-20 16:41:55,896 [ 1] INFO  Unity: There are 2 audio listeners in the scene. Please ensure there is always exactly one audio listener in the scene.
2025-04-20 16:41:55,896 [ 1] INFO  Unity: There are 2 audio listeners in the scene. Please ensure there is always exactly one audio listener in the scene.
2025-04-20 16:41:55,896 [ 1] INFO  Unity: There are 2 audio listeners in the scene. Please ensure there is always exactly one audio listener in the scene.
2025-04-20 16:41:55,897 [ 1] INFO  Unity: There are 2 audio listeners in the scene. Please ensure there is always exactly one audio listener in the scene.
2025-04-20 16:41:55,906 [ 1] INFO  Unity: There are 2 audio listeners in the scene. Please ensure there is always exactly one audio listener in the scene.
2025-04-20 16:41:55,907 [ 1] INFO  Unity: There are 2 audio listeners in the scene. Please ensure there is always exactly one audio listener in the scene.
2025-04-20 16:41:55,915 [ 1] INFO  Unity: There are 2 audio listeners in the scene. Please ensure there is always exactly one audio listener in the scene.
2025-04-20 16:41:55,915 [ 1] INFO  Unity: There are 2 audio listeners in the scene. Please ensure there is always exactly one audio listener in the scene.
2025-04-20 16:41:55,924 [ 1] INFO  Unity: There are 2 audio listeners in the scene. Please ensure there is always exactly one audio listener in the scene.
2025-04-20 16:41:56,012 [ 1] INFO  Unity: LevelLoadCompleted:1
2025-04-20 16:41:56,058 [ 1] INFO  Unity: SetSendChannle: Local
2025-04-20 16:41:56,831 [ 1] INFO  Unity: MapEntityUpdateRequest : ID:13 POS:SkillBridge.Message.NVector3 DIR:SkillBridge.Message.NVector3 SPEED:0 
2025-04-20 16:41:56,935 [ 1] INFO  Unity: MapEntityUpdateRequest : ID:13 POS:SkillBridge.Message.NVector3 DIR:SkillBridge.Message.NVector3 SPEED:0 
2025-04-20 16:41:57,016 [ 1] INFO  Unity: MapEntityUpdateRequest : ID:13 POS:SkillBridge.Message.NVector3 DIR:SkillBridge.Message.NVector3 SPEED:0 
2025-04-20 16:41:57,121 [ 1] INFO  Unity: MapEntityUpdateRequest : ID:13 POS:SkillBridge.Message.NVector3 DIR:SkillBridge.Message.NVector3 SPEED:0 
2025-04-20 16:41:57,218 [ 1] INFO  Unity: MapEntityUpdateRequest : ID:13 POS:SkillBridge.Message.NVector3 DIR:SkillBridge.Message.NVector3 SPEED:0 
2025-04-20 16:41:57,300 [ 1] INFO  Unity: MapEntityUpdateRequest : ID:13 POS:SkillBridge.Message.NVector3 DIR:SkillBridge.Message.NVector3 SPEED:0 
2025-04-20 16:41:57,387 [ 1] INFO  Unity: MapEntityUpdateRequest : ID:13 POS:SkillBridge.Message.NVector3 DIR:SkillBridge.Message.NVector3 SPEED:0 
2025-04-20 16:41:57,469 [ 1] INFO  Unity: MapEntityUpdateRequest : ID:13 POS:SkillBridge.Message.NVector3 DIR:SkillBridge.Message.NVector3 SPEED:0 
2025-04-20 16:41:57,550 [ 1] INFO  Unity: MapEntityUpdateRequest : ID:13 POS:SkillBridge.Message.NVector3 DIR:SkillBridge.Message.NVector3 SPEED:0 
2025-04-20 16:41:57,654 [ 1] INFO  Unity: MapEntityUpdateRequest : ID:13 POS:SkillBridge.Message.NVector3 DIR:SkillBridge.Message.NVector3 SPEED:0 
2025-04-20 16:41:57,737 [ 1] INFO  Unity: MapEntityUpdateRequest : ID:13 POS:SkillBridge.Message.NVector3 DIR:SkillBridge.Message.NVector3 SPEED:0 
2025-04-20 16:41:57,854 [ 1] INFO  Unity: MapEntityUpdateRequest : ID:13 POS:SkillBridge.Message.NVector3 DIR:SkillBridge.Message.NVector3 SPEED:0 
2025-04-20 16:41:58,922 [ 1] INFO  Unity: MapEntityUpdateRequest : ID:13 POS:SkillBridge.Message.NVector3 DIR:SkillBridge.Message.NVector3 SPEED:0 
2025-04-20 16:41:59,019 [ 1] INFO  Unity: MapEntityUpdateRequest : ID:13 POS:SkillBridge.Message.NVector3 DIR:SkillBridge.Message.NVector3 SPEED:0 
2025-04-20 16:41:59,122 [ 1] INFO  Unity: MapEntityUpdateRequest : ID:13 POS:SkillBridge.Message.NVector3 DIR:SkillBridge.Message.NVector3 SPEED:0 
2025-04-20 16:41:59,207 [ 1] INFO  Unity: MapEntityUpdateRequest : ID:13 POS:SkillBridge.Message.NVector3 DIR:SkillBridge.Message.NVector3 SPEED:0 
2025-04-20 16:41:59,308 [ 1] INFO  Unity: MapEntityUpdateRequest : ID:13 POS:SkillBridge.Message.NVector3 DIR:SkillBridge.Message.NVector3 SPEED:0 
2025-04-20 16:41:59,388 [ 1] INFO  Unity: MapEntityUpdateRequest : ID:13 POS:SkillBridge.Message.NVector3 DIR:SkillBridge.Message.NVector3 SPEED:0 
2025-04-20 16:41:59,475 [ 1] INFO  Unity: MapEntityUpdateRequest : ID:13 POS:SkillBridge.Message.NVector3 DIR:SkillBridge.Message.NVector3 SPEED:0 
2025-04-20 16:41:59,554 [ 1] INFO  Unity: MapEntityUpdateRequest : ID:13 POS:SkillBridge.Message.NVector3 DIR:SkillBridge.Message.NVector3 SPEED:0 
2025-04-20 16:41:59,654 [ 1] INFO  Unity: MapEntityUpdateRequest : ID:13 POS:SkillBridge.Message.NVector3 DIR:SkillBridge.Message.NVector3 SPEED:0 
2025-04-20 16:41:59,739 [ 1] INFO  Unity: MapEntityUpdateRequest : ID:13 POS:SkillBridge.Message.NVector3 DIR:SkillBridge.Message.NVector3 SPEED:0 
2025-04-20 16:41:59,842 [ 1] INFO  Unity: MapEntityUpdateRequest : ID:13 POS:SkillBridge.Message.NVector3 DIR:SkillBridge.Message.NVector3 SPEED:0 
2025-04-20 16:41:59,972 [ 1] INFO  Unity: MapEntityUpdateRequest : ID:13 POS:SkillBridge.Message.NVector3 DIR:SkillBridge.Message.NVector3 SPEED:0 
2025-04-20 16:42:01,226 [ 1] INFO  Unity: MoveForward
2025-04-20 16:42:01,226 [ 1] INFO  Unity: MapEntityUpdateRequest : ID:13 POS:SkillBridge.Message.NVector3 DIR:SkillBridge.Message.NVector3 SPEED:300 
2025-04-20 16:42:01,993 [ 1] INFO  Unity: MapEntityUpdateRequest : ID:13 POS:SkillBridge.Message.NVector3 DIR:SkillBridge.Message.NVector3 SPEED:300 
2025-04-20 16:42:02,109 [ 1] INFO  Unity: MapEntityUpdateRequest : ID:13 POS:SkillBridge.Message.NVector3 DIR:SkillBridge.Message.NVector3 SPEED:300 
2025-04-20 16:42:02,213 [ 1] INFO  Unity: MapEntityUpdateRequest : ID:13 POS:SkillBridge.Message.NVector3 DIR:SkillBridge.Message.NVector3 SPEED:300 
2025-04-20 16:42:02,309 [ 1] INFO  Unity: MapEntityUpdateRequest : ID:13 POS:SkillBridge.Message.NVector3 DIR:SkillBridge.Message.NVector3 SPEED:300 
2025-04-20 16:42:02,409 [ 1] INFO  Unity: MapEntityUpdateRequest : ID:13 POS:SkillBridge.Message.NVector3 DIR:SkillBridge.Message.NVector3 SPEED:300 
2025-04-20 16:42:03,349 [ 1] INFO  Unity: MapEntityUpdateRequest : ID:13 POS:SkillBridge.Message.NVector3 DIR:SkillBridge.Message.NVector3 SPEED:300 
2025-04-20 16:42:03,447 [ 1] INFO  Unity: MapEntityUpdateRequest : ID:13 POS:SkillBridge.Message.NVector3 DIR:SkillBridge.Message.NVector3 SPEED:300 
2025-04-20 16:42:03,667 [ 1] INFO  Unity: Stop
2025-04-20 16:42:03,667 [ 1] INFO  Unity: MapEntityUpdateRequest : ID:13 POS:SkillBridge.Message.NVector3 DIR:SkillBridge.Message.NVector3 SPEED:0 
2025-04-20 16:42:06,070 [ 1] INFO  Unity: MapEntityUpdateRequest : ID:13 POS:SkillBridge.Message.NVector3 DIR:SkillBridge.Message.NVector3 SPEED:0 
2025-04-20 16:42:06,285 [ 1] INFO  Unity: MapEntityUpdateRequest : ID:13 POS:SkillBridge.Message.NVector3 DIR:SkillBridge.Message.NVector3 SPEED:0 
2025-04-20 16:42:06,385 [ 1] INFO  Unity: MapEntityUpdateRequest : ID:13 POS:SkillBridge.Message.NVector3 DIR:SkillBridge.Message.NVector3 SPEED:0 
2025-04-20 16:42:06,486 [ 1] INFO  Unity: MapEntityUpdateRequest : ID:13 POS:SkillBridge.Message.NVector3 DIR:SkillBridge.Message.NVector3 SPEED:0 
2025-04-20 16:42:06,590 [ 1] INFO  Unity: MapEntityUpdateRequest : ID:13 POS:SkillBridge.Message.NVector3 DIR:SkillBridge.Message.NVector3 SPEED:0 
2025-04-20 16:42:06,669 [ 1] INFO  Unity: MapEntityUpdateRequest : ID:13 POS:SkillBridge.Message.NVector3 DIR:SkillBridge.Message.NVector3 SPEED:0 
2025-04-20 16:42:06,755 [ 1] INFO  Unity: MapEntityUpdateRequest : ID:13 POS:SkillBridge.Message.NVector3 DIR:SkillBridge.Message.NVector3 SPEED:0 
2025-04-20 16:42:06,855 [ 1] INFO  Unity: MapEntityUpdateRequest : ID:13 POS:SkillBridge.Message.NVector3 DIR:SkillBridge.Message.NVector3 SPEED:0 
2025-04-20 16:42:06,936 [ 1] INFO  Unity: MapEntityUpdateRequest : ID:13 POS:SkillBridge.Message.NVector3 DIR:SkillBridge.Message.NVector3 SPEED:0 
2025-04-20 16:42:07,026 [ 1] INFO  Unity: MapEntityUpdateRequest : ID:13 POS:SkillBridge.Message.NVector3 DIR:SkillBridge.Message.NVector3 SPEED:0 
2025-04-20 16:42:07,103 [ 1] INFO  Unity: MapEntityUpdateRequest : ID:13 POS:SkillBridge.Message.NVector3 DIR:SkillBridge.Message.NVector3 SPEED:0 
2025-04-20 16:42:07,202 [ 1] INFO  Unity: MapEntityUpdateRequest : ID:13 POS:SkillBridge.Message.NVector3 DIR:SkillBridge.Message.NVector3 SPEED:0 
2025-04-20 16:42:07,304 [ 1] INFO  Unity: MapEntityUpdateRequest : ID:13 POS:SkillBridge.Message.NVector3 DIR:SkillBridge.Message.NVector3 SPEED:0 
2025-04-20 16:42:07,438 [ 1] INFO  Unity: MapEntityUpdateRequest : ID:13 POS:SkillBridge.Message.NVector3 DIR:SkillBridge.Message.NVector3 SPEED:0 
2025-04-20 16:42:07,965 [ 1] INFO  Unity: MoveForward
2025-04-20 16:42:07,966 [ 1] INFO  Unity: MapEntityUpdateRequest : ID:13 POS:SkillBridge.Message.NVector3 DIR:SkillBridge.Message.NVector3 SPEED:300 
2025-04-20 16:42:14,980 [ 1] INFO  Unity: Stop
2025-04-20 16:42:14,980 [ 1] INFO  Unity: MapEntityUpdateRequest : ID:13 POS:SkillBridge.Message.NVector3 DIR:SkillBridge.Message.NVector3 SPEED:0 
2025-04-20 16:42:14,987 [ 1] INFO  Unity: MoveForward
2025-04-20 16:42:14,987 [ 1] INFO  Unity: MapEntityUpdateRequest : ID:13 POS:SkillBridge.Message.NVector3 DIR:SkillBridge.Message.NVector3 SPEED:300 
2025-04-20 16:42:14,989 [ 1] INFO  Unity: SetPosition:(5010, 5608, 805)
2025-04-20 16:42:14,989 [ 1] INFO  Unity: MapEntityUpdateRequest : ID:13 POS:SkillBridge.Message.NVector3 DIR:SkillBridge.Message.NVector3 SPEED:300 
2025-04-20 16:42:15,620 [ 1] INFO  Unity: Stop
2025-04-20 16:42:15,621 [ 1] INFO  Unity: MapEntityUpdateRequest : ID:13 POS:SkillBridge.Message.NVector3 DIR:SkillBridge.Message.NVector3 SPEED:0 
2025-04-20 16:42:18,542 [ 1] INFO  Unity: MapEntityUpdateRequest : ID:13 POS:SkillBridge.Message.NVector3 DIR:SkillBridge.Message.NVector3 SPEED:0 
2025-04-20 16:42:18,630 [ 1] INFO  Unity: MapEntityUpdateRequest : ID:13 POS:SkillBridge.Message.NVector3 DIR:SkillBridge.Message.NVector3 SPEED:0 
2025-04-20 16:42:18,726 [ 1] INFO  Unity: MapEntityUpdateRequest : ID:13 POS:SkillBridge.Message.NVector3 DIR:SkillBridge.Message.NVector3 SPEED:0 
2025-04-20 16:42:18,810 [ 1] INFO  Unity: MapEntityUpdateRequest : ID:13 POS:SkillBridge.Message.NVector3 DIR:SkillBridge.Message.NVector3 SPEED:0 
2025-04-20 16:42:18,914 [ 1] INFO  Unity: MapEntityUpdateRequest : ID:13 POS:SkillBridge.Message.NVector3 DIR:SkillBridge.Message.NVector3 SPEED:0 
2025-04-20 16:42:19,012 [ 1] INFO  Unity: MapEntityUpdateRequest : ID:13 POS:SkillBridge.Message.NVector3 DIR:SkillBridge.Message.NVector3 SPEED:0 
2025-04-20 16:42:19,095 [ 1] INFO  Unity: MapEntityUpdateRequest : ID:13 POS:SkillBridge.Message.NVector3 DIR:SkillBridge.Message.NVector3 SPEED:0 
2025-04-20 16:42:19,197 [ 1] INFO  Unity: MapEntityUpdateRequest : ID:13 POS:SkillBridge.Message.NVector3 DIR:SkillBridge.Message.NVector3 SPEED:0 
2025-04-20 16:42:19,316 [ 1] INFO  Unity: MapEntityUpdateRequest : ID:13 POS:SkillBridge.Message.NVector3 DIR:SkillBridge.Message.NVector3 SPEED:0 
2025-04-20 16:42:23,000 [ 1] INFO  Unity: MoveForward
2025-04-20 16:42:23,001 [ 1] INFO  Unity: MapEntityUpdateRequest : ID:13 POS:SkillBridge.Message.NVector3 DIR:SkillBridge.Message.NVector3 SPEED:300 
2025-04-20 16:42:25,562 [ 1] INFO  Unity: Stop
2025-04-20 16:42:25,563 [ 1] INFO  Unity: MapEntityUpdateRequest : ID:13 POS:SkillBridge.Message.NVector3 DIR:SkillBridge.Message.NVector3 SPEED:0 
2025-04-20 16:42:25,569 [ 1] INFO  Unity: MapEntityUpdateRequest : ID:13 POS:SkillBridge.Message.NVector3 DIR:SkillBridge.Message.NVector3 SPEED:0 
2025-04-20 16:42:25,571 [ 1] INFO  Unity: SetPosition:(4521, 5238, 809)
2025-04-20 16:42:25,571 [ 1] INFO  Unity: MapEntityUpdateRequest : ID:13 POS:SkillBridge.Message.NVector3 DIR:SkillBridge.Message.NVector3 SPEED:0 
2025-04-20 16:42:25,800 [ 1] INFO  Unity: MapEntityUpdateRequest : ID:13 POS:SkillBridge.Message.NVector3 DIR:SkillBridge.Message.NVector3 SPEED:0 
2025-04-20 16:42:25,836 [ 1] INFO  Unity: SetPosition:(4493, 5196, 809)
2025-04-20 16:42:25,836 [ 1] INFO  Unity: MapEntityUpdateRequest : ID:13 POS:SkillBridge.Message.NVector3 DIR:SkillBridge.Message.NVector3 SPEED:0 
2025-04-20 16:42:25,913 [ 1] INFO  Unity: MapEntityUpdateRequest : ID:13 POS:SkillBridge.Message.NVector3 DIR:SkillBridge.Message.NVector3 SPEED:0 
2025-04-20 16:42:26,019 [ 1] INFO  Unity: MapEntityUpdateRequest : ID:13 POS:SkillBridge.Message.NVector3 DIR:SkillBridge.Message.NVector3 SPEED:0 
2025-04-20 16:42:26,099 [ 1] INFO  Unity: MapEntityUpdateRequest : ID:13 POS:SkillBridge.Message.NVector3 DIR:SkillBridge.Message.NVector3 SPEED:0 
2025-04-20 16:42:26,183 [ 1] INFO  Unity: MapEntityUpdateRequest : ID:13 POS:SkillBridge.Message.NVector3 DIR:SkillBridge.Message.NVector3 SPEED:0 
2025-04-20 16:42:26,303 [ 1] INFO  Unity: MapEntityUpdateRequest : ID:13 POS:SkillBridge.Message.NVector3 DIR:SkillBridge.Message.NVector3 SPEED:0 
2025-04-20 16:42:27,097 [ 1] INFO  Unity: Character_1_t OnDestroy :ID:13 POS:(4493, 5196, 809) DIR:(52, -86, 0) SPD:0 
2025-04-20 16:42:27,098 [ 1] INFO  Unity: OnDestroy NetworkManager.
2025-04-20 16:42:27,099 [ 1] WARN  Unity: CloseConnection(), errorCode: 1007
UnityEngine.Debug:LogWarning(Object)
Network.NetClient:CloseConnection(Int32) (at Assets/Scripts/Network/NetClient.cs:176)
Network.NetClient:OnDestroy() (at Assets/Scripts/Network/NetClient.cs:171)

